{"timestamp": "2025-10-23T14:16:44.999568+00:00", "level": "INFO", "logger": "infrastructure.graph_database", "message": "GraphDatabase initialized with empty DiGraph", "module": "graph_database", "function": "__init__", "line": 138}
{"timestamp": "2025-10-23T14:16:45.012990+00:00", "level": "INFO", "logger": "infrastructure.graph_database", "message": "GraphDatabase initialized with empty DiGraph", "module": "graph_database", "function": "__init__", "line": 138}
{"timestamp": "2025-10-23T14:16:45.021871+00:00", "level": "INFO", "logger": "infrastructure.graph_database", "message": "GraphDatabase initialized with empty DiGraph", "module": "graph_database", "function": "__init__", "line": 138}
{"timestamp": "2025-10-23T14:16:45.029984+00:00", "level": "INFO", "logger": "infrastructure.graph_database", "message": "GraphDatabase initialized with empty DiGraph", "module": "graph_database", "function": "__init__", "line": 138}
{"timestamp": "2025-10-23T14:16:45.038447+00:00", "level": "INFO", "logger": "infrastructure.graph_database", "message": "GraphDatabase initialized with empty DiGraph", "module": "graph_database", "function": "__init__", "line": 138}
{"timestamp": "2025-10-23T14:16:45.046735+00:00", "level": "INFO", "logger": "infrastructure.graph_database", "message": "GraphDatabase initialized with empty DiGraph", "module": "graph_database", "function": "__init__", "line": 138}
{"timestamp": "2025-10-23T14:16:45.055074+00:00", "level": "INFO", "logger": "infrastructure.graph_database", "message": "GraphDatabase initialized with empty DiGraph", "module": "graph_database", "function": "__init__", "line": 138}
{"timestamp": "2025-10-23T14:16:45.063105+00:00", "level": "INFO", "logger": "infrastructure.graph_database", "message": "GraphDatabase initialized with empty DiGraph", "module": "graph_database", "function": "__init__", "line": 138}
{"timestamp": "2025-10-23T14:16:45.073843+00:00", "level": "INFO", "logger": "infrastructure.graph_database", "message": "GraphDatabase initialized with empty DiGraph", "module": "graph_database", "function": "__init__", "line": 138}
{"timestamp": "2025-10-23T14:16:45.082062+00:00", "level": "INFO", "logger": "infrastructure.graph_database", "message": "GraphDatabase initialized with empty DiGraph", "module": "graph_database", "function": "__init__", "line": 138}
{"timestamp": "2025-10-23T14:16:45.090263+00:00", "level": "INFO", "logger": "infrastructure.graph_database", "message": "GraphDatabase initialized with empty DiGraph", "module": "graph_database", "function": "__init__", "line": 138}
{"timestamp": "2025-10-23T14:16:45.098527+00:00", "level": "INFO", "logger": "infrastructure.graph_database", "message": "GraphDatabase initialized with empty DiGraph", "module": "graph_database", "function": "__init__", "line": 138}
{"timestamp": "2025-10-23T14:16:45.107618+00:00", "level": "INFO", "logger": "infrastructure.graph_database", "message": "GraphDatabase initialized with empty DiGraph", "module": "graph_database", "function": "__init__", "line": 138}
{"timestamp": "2025-10-23T14:16:45.271459+00:00", "level": "INFO", "logger": "infrastructure.graph_database", "message": "GraphDatabase initialized with empty DiGraph", "module": "graph_database", "function": "__init__", "line": 138}
{"timestamp": "2025-10-23T14:16:45.279842+00:00", "level": "INFO", "logger": "infrastructure.graph_database", "message": "GraphDatabase initialized with empty DiGraph", "module": "graph_database", "function": "__init__", "line": 138}
{"timestamp": "2025-10-23T14:16:45.288240+00:00", "level": "INFO", "logger": "infrastructure.graph_database", "message": "GraphDatabase initialized with empty DiGraph", "module": "graph_database", "function": "__init__", "line": 138}
{"timestamp": "2025-10-23T14:16:45.296108+00:00", "level": "INFO", "logger": "infrastructure.graph_database", "message": "GraphDatabase initialized with empty DiGraph", "module": "graph_database", "function": "__init__", "line": 138}
{"timestamp": "2025-10-23T14:16:45.304084+00:00", "level": "INFO", "logger": "infrastructure.graph_database", "message": "GraphDatabase initialized with empty DiGraph", "module": "graph_database", "function": "__init__", "line": 138}
{"timestamp": "2025-10-23T14:16:45.362580+00:00", "level": "INFO", "logger": "infrastructure.graph_database", "message": "GraphDatabase initialized with empty DiGraph", "module": "graph_database", "function": "__init__", "line": 138}
{"timestamp": "2025-10-23T14:16:45.370305+00:00", "level": "INFO", "logger": "infrastructure.graph_database", "message": "GraphDatabase initialized with empty DiGraph", "module": "graph_database", "function": "__init__", "line": 138}
{"timestamp": "2025-10-23T14:16:45.378188+00:00", "level": "INFO", "logger": "infrastructure.graph_database", "message": "GraphDatabase initialized with empty DiGraph", "module": "graph_database", "function": "__init__", "line": 138}
{"timestamp": "2025-10-23T14:16:45.386054+00:00", "level": "INFO", "logger": "infrastructure.graph_database", "message": "GraphDatabase initialized with empty DiGraph", "module": "graph_database", "function": "__init__", "line": 138}
{"timestamp": "2025-10-23T14:16:45.395437+00:00", "level": "INFO", "logger": "infrastructure.graph_database", "message": "GraphDatabase initialized with empty DiGraph", "module": "graph_database", "function": "__init__", "line": 138}
{"timestamp": "2025-10-23T14:16:45.403988+00:00", "level": "INFO", "logger": "infrastructure.graph_database", "message": "GraphDatabase initialized with empty DiGraph", "module": "graph_database", "function": "__init__", "line": 138}
{"timestamp": "2025-10-23T14:16:45.412864+00:00", "level": "INFO", "logger": "infrastructure.graph_database", "message": "GraphDatabase initialized with empty DiGraph", "module": "graph_database", "function": "__init__", "line": 138}
{"timestamp": "2025-10-23T14:16:45.421221+00:00", "level": "INFO", "logger": "infrastructure.graph_database", "message": "GraphDatabase initialized with empty DiGraph", "module": "graph_database", "function": "__init__", "line": 138}
{"timestamp": "2025-10-23T14:17:41.132585+00:00", "level": "INFO", "logger": "infrastructure.graph_database", "message": "GraphDatabase initialized with empty DiGraph", "module": "graph_database", "function": "__init__", "line": 138}
{"timestamp": "2025-10-23T14:17:41.142091+00:00", "level": "INFO", "logger": "infrastructure.graph_database", "message": "GraphDatabase initialized with empty DiGraph", "module": "graph_database", "function": "__init__", "line": 138}
{"timestamp": "2025-10-23T14:17:41.150228+00:00", "level": "INFO", "logger": "infrastructure.graph_database", "message": "GraphDatabase initialized with empty DiGraph", "module": "graph_database", "function": "__init__", "line": 138}
{"timestamp": "2025-10-23T14:17:41.158535+00:00", "level": "INFO", "logger": "infrastructure.graph_database", "message": "GraphDatabase initialized with empty DiGraph", "module": "graph_database", "function": "__init__", "line": 138}
{"timestamp": "2025-10-23T14:17:41.166377+00:00", "level": "INFO", "logger": "infrastructure.graph_database", "message": "GraphDatabase initialized with empty DiGraph", "module": "graph_database", "function": "__init__", "line": 138}
{"timestamp": "2025-10-23T14:17:41.175442+00:00", "level": "INFO", "logger": "infrastructure.graph_database", "message": "GraphDatabase initialized with empty DiGraph", "module": "graph_database", "function": "__init__", "line": 138}
{"timestamp": "2025-10-23T14:17:41.186304+00:00", "level": "INFO", "logger": "infrastructure.graph_database", "message": "GraphDatabase initialized with empty DiGraph", "module": "graph_database", "function": "__init__", "line": 138}
{"timestamp": "2025-10-23T14:17:41.197115+00:00", "level": "INFO", "logger": "infrastructure.graph_database", "message": "GraphDatabase initialized with empty DiGraph", "module": "graph_database", "function": "__init__", "line": 138}
{"timestamp": "2025-10-23T14:17:41.206070+00:00", "level": "INFO", "logger": "infrastructure.graph_database", "message": "GraphDatabase initialized with empty DiGraph", "module": "graph_database", "function": "__init__", "line": 138}
{"timestamp": "2025-10-23T14:17:41.214245+00:00", "level": "INFO", "logger": "infrastructure.graph_database", "message": "GraphDatabase initialized with empty DiGraph", "module": "graph_database", "function": "__init__", "line": 138}
{"timestamp": "2025-10-23T14:17:41.224822+00:00", "level": "INFO", "logger": "infrastructure.graph_database", "message": "GraphDatabase initialized with empty DiGraph", "module": "graph_database", "function": "__init__", "line": 138}
{"timestamp": "2025-10-23T14:17:41.234590+00:00", "level": "INFO", "logger": "infrastructure.graph_database", "message": "GraphDatabase initialized with empty DiGraph", "module": "graph_database", "function": "__init__", "line": 138}
{"timestamp": "2025-10-23T14:17:41.242573+00:00", "level": "INFO", "logger": "infrastructure.graph_database", "message": "GraphDatabase initialized with empty DiGraph", "module": "graph_database", "function": "__init__", "line": 138}
{"timestamp": "2025-10-23T14:17:41.411020+00:00", "level": "INFO", "logger": "infrastructure.graph_database", "message": "GraphDatabase initialized with empty DiGraph", "module": "graph_database", "function": "__init__", "line": 138}
{"timestamp": "2025-10-23T14:17:41.419523+00:00", "level": "INFO", "logger": "infrastructure.graph_database", "message": "GraphDatabase initialized with empty DiGraph", "module": "graph_database", "function": "__init__", "line": 138}
{"timestamp": "2025-10-23T14:17:41.427893+00:00", "level": "INFO", "logger": "infrastructure.graph_database", "message": "GraphDatabase initialized with empty DiGraph", "module": "graph_database", "function": "__init__", "line": 138}
{"timestamp": "2025-10-23T14:17:41.436863+00:00", "level": "INFO", "logger": "infrastructure.graph_database", "message": "GraphDatabase initialized with empty DiGraph", "module": "graph_database", "function": "__init__", "line": 138}
{"timestamp": "2025-10-23T14:17:41.445555+00:00", "level": "INFO", "logger": "infrastructure.graph_database", "message": "GraphDatabase initialized with empty DiGraph", "module": "graph_database", "function": "__init__", "line": 138}
{"timestamp": "2025-10-23T14:17:41.447745+00:00", "level": "INFO", "logger": "infrastructure.graph_database", "message": "Graph saved to /tmp/tmp9eqjlc84.graphml", "module": "graph_database", "function": "save", "line": 591}
{"timestamp": "2025-10-23T14:17:41.447893+00:00", "level": "INFO", "logger": "infrastructure.graph_database", "message": "GraphDatabase initialized with empty DiGraph", "module": "graph_database", "function": "__init__", "line": 138}
{"timestamp": "2025-10-23T14:17:41.449788+00:00", "level": "INFO", "logger": "infrastructure.graph_database", "message": "Graph loaded from /tmp/tmp9eqjlc84.graphml", "module": "graph_database", "function": "load", "line": 644}
{"timestamp": "2025-10-23T14:17:41.458826+00:00", "level": "INFO", "logger": "infrastructure.graph_database", "message": "GraphDatabase initialized with empty DiGraph", "module": "graph_database", "function": "__init__", "line": 138}
{"timestamp": "2025-10-23T14:17:41.467162+00:00", "level": "INFO", "logger": "infrastructure.graph_database", "message": "GraphDatabase initialized with empty DiGraph", "module": "graph_database", "function": "__init__", "line": 138}
{"timestamp": "2025-10-23T14:17:41.475694+00:00", "level": "INFO", "logger": "infrastructure.graph_database", "message": "GraphDatabase initialized with empty DiGraph", "module": "graph_database", "function": "__init__", "line": 138}
{"timestamp": "2025-10-23T14:17:41.484461+00:00", "level": "INFO", "logger": "infrastructure.graph_database", "message": "GraphDatabase initialized with empty DiGraph", "module": "graph_database", "function": "__init__", "line": 138}
{"timestamp": "2025-10-23T14:17:41.494047+00:00", "level": "INFO", "logger": "infrastructure.graph_database", "message": "GraphDatabase initialized with empty DiGraph", "module": "graph_database", "function": "__init__", "line": 138}
{"timestamp": "2025-10-23T14:17:41.503052+00:00", "level": "INFO", "logger": "infrastructure.graph_database", "message": "GraphDatabase initialized with empty DiGraph", "module": "graph_database", "function": "__init__", "line": 138}
{"timestamp": "2025-10-23T14:17:41.512459+00:00", "level": "INFO", "logger": "infrastructure.graph_database", "message": "GraphDatabase initialized with empty DiGraph", "module": "graph_database", "function": "__init__", "line": 138}
{"timestamp": "2025-10-23T14:17:41.521568+00:00", "level": "INFO", "logger": "infrastructure.graph_database", "message": "GraphDatabase initialized with empty DiGraph", "module": "graph_database", "function": "__init__", "line": 138}
{"timestamp": "2025-10-23T14:18:41.138905+00:00", "level": "INFO", "logger": "infrastructure.graph_database", "message": "GraphDatabase initialized with empty DiGraph", "module": "graph_database", "function": "__init__", "line": 138}
{"timestamp": "2025-10-23T14:18:41.147581+00:00", "level": "INFO", "logger": "infrastructure.graph_database", "message": "GraphDatabase initialized with empty DiGraph", "module": "graph_database", "function": "__init__", "line": 138}
{"timestamp": "2025-10-23T14:18:41.155430+00:00", "level": "INFO", "logger": "infrastructure.graph_database", "message": "GraphDatabase initialized with empty DiGraph", "module": "graph_database", "function": "__init__", "line": 138}
{"timestamp": "2025-10-23T14:18:41.163280+00:00", "level": "INFO", "logger": "infrastructure.graph_database", "message": "GraphDatabase initialized with empty DiGraph", "module": "graph_database", "function": "__init__", "line": 138}
{"timestamp": "2025-10-23T14:18:41.171318+00:00", "level": "INFO", "logger": "infrastructure.graph_database", "message": "GraphDatabase initialized with empty DiGraph", "module": "graph_database", "function": "__init__", "line": 138}
{"timestamp": "2025-10-23T14:18:41.179361+00:00", "level": "INFO", "logger": "infrastructure.graph_database", "message": "GraphDatabase initialized with empty DiGraph", "module": "graph_database", "function": "__init__", "line": 138}
{"timestamp": "2025-10-23T14:18:41.187750+00:00", "level": "INFO", "logger": "infrastructure.graph_database", "message": "GraphDatabase initialized with empty DiGraph", "module": "graph_database", "function": "__init__", "line": 138}
{"timestamp": "2025-10-23T14:18:41.196233+00:00", "level": "INFO", "logger": "infrastructure.graph_database", "message": "GraphDatabase initialized with empty DiGraph", "module": "graph_database", "function": "__init__", "line": 138}
{"timestamp": "2025-10-23T14:18:41.204459+00:00", "level": "INFO", "logger": "infrastructure.graph_database", "message": "GraphDatabase initialized with empty DiGraph", "module": "graph_database", "function": "__init__", "line": 138}
{"timestamp": "2025-10-23T14:18:41.212752+00:00", "level": "INFO", "logger": "infrastructure.graph_database", "message": "GraphDatabase initialized with empty DiGraph", "module": "graph_database", "function": "__init__", "line": 138}
{"timestamp": "2025-10-23T14:18:41.221435+00:00", "level": "INFO", "logger": "infrastructure.graph_database", "message": "GraphDatabase initialized with empty DiGraph", "module": "graph_database", "function": "__init__", "line": 138}
{"timestamp": "2025-10-23T14:18:41.229983+00:00", "level": "INFO", "logger": "infrastructure.graph_database", "message": "GraphDatabase initialized with empty DiGraph", "module": "graph_database", "function": "__init__", "line": 138}
{"timestamp": "2025-10-23T14:18:41.238603+00:00", "level": "INFO", "logger": "infrastructure.graph_database", "message": "GraphDatabase initialized with empty DiGraph", "module": "graph_database", "function": "__init__", "line": 138}
{"timestamp": "2025-10-23T14:18:41.417699+00:00", "level": "INFO", "logger": "infrastructure.graph_database", "message": "GraphDatabase initialized with empty DiGraph", "module": "graph_database", "function": "__init__", "line": 138}
{"timestamp": "2025-10-23T14:18:41.426319+00:00", "level": "INFO", "logger": "infrastructure.graph_database", "message": "GraphDatabase initialized with empty DiGraph", "module": "graph_database", "function": "__init__", "line": 138}
{"timestamp": "2025-10-23T14:18:41.435072+00:00", "level": "INFO", "logger": "infrastructure.graph_database", "message": "GraphDatabase initialized with empty DiGraph", "module": "graph_database", "function": "__init__", "line": 138}
{"timestamp": "2025-10-23T14:18:41.443201+00:00", "level": "INFO", "logger": "infrastructure.graph_database", "message": "GraphDatabase initialized with empty DiGraph", "module": "graph_database", "function": "__init__", "line": 138}
{"timestamp": "2025-10-23T14:18:41.451656+00:00", "level": "INFO", "logger": "infrastructure.graph_database", "message": "GraphDatabase initialized with empty DiGraph", "module": "graph_database", "function": "__init__", "line": 138}
{"timestamp": "2025-10-23T14:18:41.453991+00:00", "level": "INFO", "logger": "infrastructure.graph_database", "message": "Graph saved to /tmp/tmpl3jl7yn5.graphml", "module": "graph_database", "function": "save", "line": 591}
{"timestamp": "2025-10-23T14:18:41.454190+00:00", "level": "INFO", "logger": "infrastructure.graph_database", "message": "GraphDatabase initialized with empty DiGraph", "module": "graph_database", "function": "__init__", "line": 138}
{"timestamp": "2025-10-23T14:18:41.456285+00:00", "level": "INFO", "logger": "infrastructure.graph_database", "message": "Graph loaded from /tmp/tmpl3jl7yn5.graphml", "module": "graph_database", "function": "load", "line": 644}
{"timestamp": "2025-10-23T14:18:41.465450+00:00", "level": "INFO", "logger": "infrastructure.graph_database", "message": "GraphDatabase initialized with empty DiGraph", "module": "graph_database", "function": "__init__", "line": 138}
{"timestamp": "2025-10-23T14:18:41.474160+00:00", "level": "INFO", "logger": "infrastructure.graph_database", "message": "GraphDatabase initialized with empty DiGraph", "module": "graph_database", "function": "__init__", "line": 138}
{"timestamp": "2025-10-23T14:18:41.482757+00:00", "level": "INFO", "logger": "infrastructure.graph_database", "message": "GraphDatabase initialized with empty DiGraph", "module": "graph_database", "function": "__init__", "line": 138}
{"timestamp": "2025-10-23T14:18:41.491084+00:00", "level": "INFO", "logger": "infrastructure.graph_database", "message": "GraphDatabase initialized with empty DiGraph", "module": "graph_database", "function": "__init__", "line": 138}
{"timestamp": "2025-10-23T14:18:41.500584+00:00", "level": "INFO", "logger": "infrastructure.graph_database", "message": "GraphDatabase initialized with empty DiGraph", "module": "graph_database", "function": "__init__", "line": 138}
{"timestamp": "2025-10-23T14:18:41.509546+00:00", "level": "INFO", "logger": "infrastructure.graph_database", "message": "GraphDatabase initialized with empty DiGraph", "module": "graph_database", "function": "__init__", "line": 138}
{"timestamp": "2025-10-23T14:18:41.519317+00:00", "level": "INFO", "logger": "infrastructure.graph_database", "message": "GraphDatabase initialized with empty DiGraph", "module": "graph_database", "function": "__init__", "line": 138}
{"timestamp": "2025-10-23T14:18:41.528488+00:00", "level": "INFO", "logger": "infrastructure.graph_database", "message": "GraphDatabase initialized with empty DiGraph", "module": "graph_database", "function": "__init__", "line": 138}
{"timestamp": "2025-10-23T14:18:50.119771+00:00", "level": "INFO", "logger": "infrastructure.graph_database", "message": "GraphDatabase initialized with empty DiGraph", "module": "graph_database", "function": "__init__", "line": 138}
{"timestamp": "2025-10-23T14:18:50.129287+00:00", "level": "INFO", "logger": "infrastructure.graph_database", "message": "GraphDatabase initialized with empty DiGraph", "module": "graph_database", "function": "__init__", "line": 138}
{"timestamp": "2025-10-23T14:18:50.137863+00:00", "level": "INFO", "logger": "infrastructure.graph_database", "message": "GraphDatabase initialized with empty DiGraph", "module": "graph_database", "function": "__init__", "line": 138}
{"timestamp": "2025-10-23T14:18:50.146514+00:00", "level": "INFO", "logger": "infrastructure.graph_database", "message": "GraphDatabase initialized with empty DiGraph", "module": "graph_database", "function": "__init__", "line": 138}
{"timestamp": "2025-10-23T14:18:50.155238+00:00", "level": "INFO", "logger": "infrastructure.graph_database", "message": "GraphDatabase initialized with empty DiGraph", "module": "graph_database", "function": "__init__", "line": 138}
{"timestamp": "2025-10-23T14:18:50.164018+00:00", "level": "INFO", "logger": "infrastructure.graph_database", "message": "GraphDatabase initialized with empty DiGraph", "module": "graph_database", "function": "__init__", "line": 138}
{"timestamp": "2025-10-23T14:18:50.172975+00:00", "level": "INFO", "logger": "infrastructure.graph_database", "message": "GraphDatabase initialized with empty DiGraph", "module": "graph_database", "function": "__init__", "line": 138}
{"timestamp": "2025-10-23T14:18:50.182073+00:00", "level": "INFO", "logger": "infrastructure.graph_database", "message": "GraphDatabase initialized with empty DiGraph", "module": "graph_database", "function": "__init__", "line": 138}
{"timestamp": "2025-10-23T14:18:50.191102+00:00", "level": "INFO", "logger": "infrastructure.graph_database", "message": "GraphDatabase initialized with empty DiGraph", "module": "graph_database", "function": "__init__", "line": 138}
{"timestamp": "2025-10-23T14:18:50.200012+00:00", "level": "INFO", "logger": "infrastructure.graph_database", "message": "GraphDatabase initialized with empty DiGraph", "module": "graph_database", "function": "__init__", "line": 138}
{"timestamp": "2025-10-23T14:18:50.208780+00:00", "level": "INFO", "logger": "infrastructure.graph_database", "message": "GraphDatabase initialized with empty DiGraph", "module": "graph_database", "function": "__init__", "line": 138}
{"timestamp": "2025-10-23T14:18:50.217615+00:00", "level": "INFO", "logger": "infrastructure.graph_database", "message": "GraphDatabase initialized with empty DiGraph", "module": "graph_database", "function": "__init__", "line": 138}
{"timestamp": "2025-10-23T14:18:50.226160+00:00", "level": "INFO", "logger": "infrastructure.graph_database", "message": "GraphDatabase initialized with empty DiGraph", "module": "graph_database", "function": "__init__", "line": 138}
{"timestamp": "2025-10-23T14:18:50.396432+00:00", "level": "INFO", "logger": "infrastructure.graph_database", "message": "GraphDatabase initialized with empty DiGraph", "module": "graph_database", "function": "__init__", "line": 138}
{"timestamp": "2025-10-23T14:18:50.404907+00:00", "level": "INFO", "logger": "infrastructure.graph_database", "message": "GraphDatabase initialized with empty DiGraph", "module": "graph_database", "function": "__init__", "line": 138}
{"timestamp": "2025-10-23T14:18:50.413530+00:00", "level": "INFO", "logger": "infrastructure.graph_database", "message": "GraphDatabase initialized with empty DiGraph", "module": "graph_database", "function": "__init__", "line": 138}
{"timestamp": "2025-10-23T14:18:50.421523+00:00", "level": "INFO", "logger": "infrastructure.graph_database", "message": "GraphDatabase initialized with empty DiGraph", "module": "graph_database", "function": "__init__", "line": 138}
{"timestamp": "2025-10-23T14:18:50.429574+00:00", "level": "INFO", "logger": "infrastructure.graph_database", "message": "GraphDatabase initialized with empty DiGraph", "module": "graph_database", "function": "__init__", "line": 138}
{"timestamp": "2025-10-23T14:18:50.432075+00:00", "level": "INFO", "logger": "infrastructure.graph_database", "message": "Graph saved to /tmp/tmpq2xjn6w5.graphml", "module": "graph_database", "function": "save", "line": 591}
{"timestamp": "2025-10-23T14:18:50.432296+00:00", "level": "INFO", "logger": "infrastructure.graph_database", "message": "GraphDatabase initialized with empty DiGraph", "module": "graph_database", "function": "__init__", "line": 138}
{"timestamp": "2025-10-23T14:18:50.434094+00:00", "level": "INFO", "logger": "infrastructure.graph_database", "message": "Graph loaded from /tmp/tmpq2xjn6w5.graphml", "module": "graph_database", "function": "load", "line": 644}
{"timestamp": "2025-10-23T14:18:50.443865+00:00", "level": "INFO", "logger": "infrastructure.graph_database", "message": "GraphDatabase initialized with empty DiGraph", "module": "graph_database", "function": "__init__", "line": 138}
{"timestamp": "2025-10-23T14:18:50.453243+00:00", "level": "INFO", "logger": "infrastructure.graph_database", "message": "GraphDatabase initialized with empty DiGraph", "module": "graph_database", "function": "__init__", "line": 138}
{"timestamp": "2025-10-23T14:18:50.461187+00:00", "level": "INFO", "logger": "infrastructure.graph_database", "message": "GraphDatabase initialized with empty DiGraph", "module": "graph_database", "function": "__init__", "line": 138}
{"timestamp": "2025-10-23T14:18:50.471395+00:00", "level": "INFO", "logger": "infrastructure.graph_database", "message": "GraphDatabase initialized with empty DiGraph", "module": "graph_database", "function": "__init__", "line": 138}
{"timestamp": "2025-10-23T14:18:50.481986+00:00", "level": "INFO", "logger": "infrastructure.graph_database", "message": "GraphDatabase initialized with empty DiGraph", "module": "graph_database", "function": "__init__", "line": 138}
{"timestamp": "2025-10-23T14:18:50.490414+00:00", "level": "INFO", "logger": "infrastructure.graph_database", "message": "GraphDatabase initialized with empty DiGraph", "module": "graph_database", "function": "__init__", "line": 138}
{"timestamp": "2025-10-23T14:18:50.499409+00:00", "level": "INFO", "logger": "infrastructure.graph_database", "message": "GraphDatabase initialized with empty DiGraph", "module": "graph_database", "function": "__init__", "line": 138}
{"timestamp": "2025-10-23T14:18:50.508378+00:00", "level": "INFO", "logger": "infrastructure.graph_database", "message": "GraphDatabase initialized with empty DiGraph", "module": "graph_database", "function": "__init__", "line": 138}
{"timestamp": "2025-10-23T14:19:01.181507+00:00", "level": "INFO", "logger": "infrastructure.graph_database", "message": "GraphDatabase initialized with empty DiGraph", "module": "graph_database", "function": "__init__", "line": 138}
{"timestamp": "2025-10-23T14:19:01.190739+00:00", "level": "INFO", "logger": "infrastructure.graph_database", "message": "GraphDatabase initialized with empty DiGraph", "module": "graph_database", "function": "__init__", "line": 138}
{"timestamp": "2025-10-23T14:19:01.199071+00:00", "level": "INFO", "logger": "infrastructure.graph_database", "message": "GraphDatabase initialized with empty DiGraph", "module": "graph_database", "function": "__init__", "line": 138}
{"timestamp": "2025-10-23T14:19:01.207172+00:00", "level": "INFO", "logger": "infrastructure.graph_database", "message": "GraphDatabase initialized with empty DiGraph", "module": "graph_database", "function": "__init__", "line": 138}
{"timestamp": "2025-10-23T14:19:01.215746+00:00", "level": "INFO", "logger": "infrastructure.graph_database", "message": "GraphDatabase initialized with empty DiGraph", "module": "graph_database", "function": "__init__", "line": 138}
{"timestamp": "2025-10-23T14:19:01.224888+00:00", "level": "INFO", "logger": "infrastructure.graph_database", "message": "GraphDatabase initialized with empty DiGraph", "module": "graph_database", "function": "__init__", "line": 138}
{"timestamp": "2025-10-23T14:19:01.233806+00:00", "level": "INFO", "logger": "infrastructure.graph_database", "message": "GraphDatabase initialized with empty DiGraph", "module": "graph_database", "function": "__init__", "line": 138}
{"timestamp": "2025-10-23T14:19:01.242376+00:00", "level": "INFO", "logger": "infrastructure.graph_database", "message": "GraphDatabase initialized with empty DiGraph", "module": "graph_database", "function": "__init__", "line": 138}
{"timestamp": "2025-10-23T14:19:01.251742+00:00", "level": "INFO", "logger": "infrastructure.graph_database", "message": "GraphDatabase initialized with empty DiGraph", "module": "graph_database", "function": "__init__", "line": 138}
{"timestamp": "2025-10-23T14:19:01.260231+00:00", "level": "INFO", "logger": "infrastructure.graph_database", "message": "GraphDatabase initialized with empty DiGraph", "module": "graph_database", "function": "__init__", "line": 138}
{"timestamp": "2025-10-23T14:19:01.268938+00:00", "level": "INFO", "logger": "infrastructure.graph_database", "message": "GraphDatabase initialized with empty DiGraph", "module": "graph_database", "function": "__init__", "line": 138}
{"timestamp": "2025-10-23T14:19:01.277659+00:00", "level": "INFO", "logger": "infrastructure.graph_database", "message": "GraphDatabase initialized with empty DiGraph", "module": "graph_database", "function": "__init__", "line": 138}
{"timestamp": "2025-10-23T14:19:01.285768+00:00", "level": "INFO", "logger": "infrastructure.graph_database", "message": "GraphDatabase initialized with empty DiGraph", "module": "graph_database", "function": "__init__", "line": 138}
{"timestamp": "2025-10-23T14:19:01.466833+00:00", "level": "INFO", "logger": "infrastructure.graph_database", "message": "GraphDatabase initialized with empty DiGraph", "module": "graph_database", "function": "__init__", "line": 138}
{"timestamp": "2025-10-23T14:19:01.476961+00:00", "level": "INFO", "logger": "infrastructure.graph_database", "message": "GraphDatabase initialized with empty DiGraph", "module": "graph_database", "function": "__init__", "line": 138}
{"timestamp": "2025-10-23T14:19:01.490616+00:00", "level": "INFO", "logger": "infrastructure.graph_database", "message": "GraphDatabase initialized with empty DiGraph", "module": "graph_database", "function": "__init__", "line": 138}
{"timestamp": "2025-10-23T14:19:01.501369+00:00", "level": "INFO", "logger": "infrastructure.graph_database", "message": "GraphDatabase initialized with empty DiGraph", "module": "graph_database", "function": "__init__", "line": 138}
{"timestamp": "2025-10-23T14:19:01.512441+00:00", "level": "INFO", "logger": "infrastructure.graph_database", "message": "GraphDatabase initialized with empty DiGraph", "module": "graph_database", "function": "__init__", "line": 138}
{"timestamp": "2025-10-23T14:19:01.515836+00:00", "level": "INFO", "logger": "infrastructure.graph_database", "message": "Graph saved to /tmp/tmpu2yge5on.graphml", "module": "graph_database", "function": "save", "line": 591}
{"timestamp": "2025-10-23T14:19:01.516088+00:00", "level": "INFO", "logger": "infrastructure.graph_database", "message": "GraphDatabase initialized with empty DiGraph", "module": "graph_database", "function": "__init__", "line": 138}
{"timestamp": "2025-10-23T14:19:01.518860+00:00", "level": "INFO", "logger": "infrastructure.graph_database", "message": "Graph loaded from /tmp/tmpu2yge5on.graphml", "module": "graph_database", "function": "load", "line": 644}
{"timestamp": "2025-10-23T14:19:01.531964+00:00", "level": "INFO", "logger": "infrastructure.graph_database", "message": "GraphDatabase initialized with empty DiGraph", "module": "graph_database", "function": "__init__", "line": 138}
{"timestamp": "2025-10-23T14:19:01.543027+00:00", "level": "INFO", "logger": "infrastructure.graph_database", "message": "GraphDatabase initialized with empty DiGraph", "module": "graph_database", "function": "__init__", "line": 138}
{"timestamp": "2025-10-23T14:19:01.553261+00:00", "level": "INFO", "logger": "infrastructure.graph_database", "message": "GraphDatabase initialized with empty DiGraph", "module": "graph_database", "function": "__init__", "line": 138}
{"timestamp": "2025-10-23T14:19:01.563500+00:00", "level": "INFO", "logger": "infrastructure.graph_database", "message": "GraphDatabase initialized with empty DiGraph", "module": "graph_database", "function": "__init__", "line": 138}
{"timestamp": "2025-10-23T14:19:01.574392+00:00", "level": "INFO", "logger": "infrastructure.graph_database", "message": "GraphDatabase initialized with empty DiGraph", "module": "graph_database", "function": "__init__", "line": 138}
{"timestamp": "2025-10-23T14:19:01.587760+00:00", "level": "INFO", "logger": "infrastructure.graph_database", "message": "GraphDatabase initialized with empty DiGraph", "module": "graph_database", "function": "__init__", "line": 138}
{"timestamp": "2025-10-23T14:19:01.598111+00:00", "level": "INFO", "logger": "infrastructure.graph_database", "message": "GraphDatabase initialized with empty DiGraph", "module": "graph_database", "function": "__init__", "line": 138}
{"timestamp": "2025-10-23T14:19:01.607748+00:00", "level": "INFO", "logger": "infrastructure.graph_database", "message": "GraphDatabase initialized with empty DiGraph", "module": "graph_database", "function": "__init__", "line": 138}
{"timestamp": "2025-10-23T14:19:12.658461+00:00", "level": "INFO", "logger": "infrastructure.graph_database", "message": "GraphDatabase initialized with empty DiGraph", "module": "graph_database", "function": "__init__", "line": 138}
{"timestamp": "2025-10-23T14:19:12.684297+00:00", "level": "INFO", "logger": "infrastructure.graph_database", "message": "GraphDatabase initialized with empty DiGraph", "module": "graph_database", "function": "__init__", "line": 138}
{"timestamp": "2025-10-23T14:19:12.706000+00:00", "level": "INFO", "logger": "infrastructure.graph_database", "message": "GraphDatabase initialized with empty DiGraph", "module": "graph_database", "function": "__init__", "line": 138}
{"timestamp": "2025-10-23T14:19:12.726748+00:00", "level": "INFO", "logger": "infrastructure.graph_database", "message": "GraphDatabase initialized with empty DiGraph", "module": "graph_database", "function": "__init__", "line": 138}
{"timestamp": "2025-10-23T14:19:12.747616+00:00", "level": "INFO", "logger": "infrastructure.graph_database", "message": "GraphDatabase initialized with empty DiGraph", "module": "graph_database", "function": "__init__", "line": 138}
{"timestamp": "2025-10-23T14:19:12.767835+00:00", "level": "INFO", "logger": "infrastructure.graph_database", "message": "GraphDatabase initialized with empty DiGraph", "module": "graph_database", "function": "__init__", "line": 138}
{"timestamp": "2025-10-23T14:19:12.788976+00:00", "level": "INFO", "logger": "infrastructure.graph_database", "message": "GraphDatabase initialized with empty DiGraph", "module": "graph_database", "function": "__init__", "line": 138}
{"timestamp": "2025-10-23T14:19:12.810405+00:00", "level": "INFO", "logger": "infrastructure.graph_database", "message": "GraphDatabase initialized with empty DiGraph", "module": "graph_database", "function": "__init__", "line": 138}
{"timestamp": "2025-10-23T14:19:12.830959+00:00", "level": "INFO", "logger": "infrastructure.graph_database", "message": "GraphDatabase initialized with empty DiGraph", "module": "graph_database", "function": "__init__", "line": 138}
{"timestamp": "2025-10-23T14:19:12.851668+00:00", "level": "INFO", "logger": "infrastructure.graph_database", "message": "GraphDatabase initialized with empty DiGraph", "module": "graph_database", "function": "__init__", "line": 138}
{"timestamp": "2025-10-23T14:19:12.872736+00:00", "level": "INFO", "logger": "infrastructure.graph_database", "message": "GraphDatabase initialized with empty DiGraph", "module": "graph_database", "function": "__init__", "line": 138}
{"timestamp": "2025-10-23T14:19:12.894978+00:00", "level": "INFO", "logger": "infrastructure.graph_database", "message": "GraphDatabase initialized with empty DiGraph", "module": "graph_database", "function": "__init__", "line": 138}
{"timestamp": "2025-10-23T14:19:12.915458+00:00", "level": "INFO", "logger": "infrastructure.graph_database", "message": "GraphDatabase initialized with empty DiGraph", "module": "graph_database", "function": "__init__", "line": 138}
{"timestamp": "2025-10-23T14:19:13.361158+00:00", "level": "INFO", "logger": "infrastructure.graph_database", "message": "GraphDatabase initialized with empty DiGraph", "module": "graph_database", "function": "__init__", "line": 138}
{"timestamp": "2025-10-23T14:19:13.384212+00:00", "level": "INFO", "logger": "infrastructure.graph_database", "message": "GraphDatabase initialized with empty DiGraph", "module": "graph_database", "function": "__init__", "line": 138}
{"timestamp": "2025-10-23T14:19:13.405382+00:00", "level": "INFO", "logger": "infrastructure.graph_database", "message": "GraphDatabase initialized with empty DiGraph", "module": "graph_database", "function": "__init__", "line": 138}
{"timestamp": "2025-10-23T14:19:13.426846+00:00", "level": "INFO", "logger": "infrastructure.graph_database", "message": "GraphDatabase initialized with empty DiGraph", "module": "graph_database", "function": "__init__", "line": 138}
{"timestamp": "2025-10-23T14:19:13.449215+00:00", "level": "INFO", "logger": "infrastructure.graph_database", "message": "GraphDatabase initialized with empty DiGraph", "module": "graph_database", "function": "__init__", "line": 138}
{"timestamp": "2025-10-23T14:19:13.455661+00:00", "level": "INFO", "logger": "infrastructure.graph_database", "message": "Graph saved to /tmp/tmp1ku7xmw6.graphml", "module": "graph_database", "function": "save", "line": 591}
{"timestamp": "2025-10-23T14:19:13.455935+00:00", "level": "INFO", "logger": "infrastructure.graph_database", "message": "GraphDatabase initialized with empty DiGraph", "module": "graph_database", "function": "__init__", "line": 138}
{"timestamp": "2025-10-23T14:19:13.461713+00:00", "level": "INFO", "logger": "infrastructure.graph_database", "message": "Graph loaded from /tmp/tmp1ku7xmw6.graphml", "module": "graph_database", "function": "load", "line": 644}
{"timestamp": "2025-10-23T14:19:13.484449+00:00", "level": "INFO", "logger": "infrastructure.graph_database", "message": "GraphDatabase initialized with empty DiGraph", "module": "graph_database", "function": "__init__", "line": 138}
{"timestamp": "2025-10-23T14:19:13.507700+00:00", "level": "INFO", "logger": "infrastructure.graph_database", "message": "GraphDatabase initialized with empty DiGraph", "module": "graph_database", "function": "__init__", "line": 138}
{"timestamp": "2025-10-23T14:19:13.530692+00:00", "level": "INFO", "logger": "infrastructure.graph_database", "message": "GraphDatabase initialized with empty DiGraph", "module": "graph_database", "function": "__init__", "line": 138}
{"timestamp": "2025-10-23T14:19:13.551702+00:00", "level": "INFO", "logger": "infrastructure.graph_database", "message": "GraphDatabase initialized with empty DiGraph", "module": "graph_database", "function": "__init__", "line": 138}
{"timestamp": "2025-10-23T14:19:13.576751+00:00", "level": "INFO", "logger": "infrastructure.graph_database", "message": "GraphDatabase initialized with empty DiGraph", "module": "graph_database", "function": "__init__", "line": 138}
{"timestamp": "2025-10-23T14:19:13.598815+00:00", "level": "INFO", "logger": "infrastructure.graph_database", "message": "GraphDatabase initialized with empty DiGraph", "module": "graph_database", "function": "__init__", "line": 138}
{"timestamp": "2025-10-23T14:19:13.622282+00:00", "level": "INFO", "logger": "infrastructure.graph_database", "message": "GraphDatabase initialized with empty DiGraph", "module": "graph_database", "function": "__init__", "line": 138}
{"timestamp": "2025-10-23T14:19:13.644367+00:00", "level": "INFO", "logger": "infrastructure.graph_database", "message": "GraphDatabase initialized with empty DiGraph", "module": "graph_database", "function": "__init__", "line": 138}
{"timestamp": "2025-10-23T14:21:33.539226+00:00", "level": "INFO", "logger": "infrastructure.graph_database", "message": "GraphDatabase initialized with empty DiGraph", "module": "graph_database", "function": "__init__", "line": 138}
{"timestamp": "2025-10-23T14:26:20.698164+00:00", "level": "INFO", "logger": "infrastructure.graph_database", "message": "GraphDatabase initialized with empty DiGraph", "module": "graph_database", "function": "__init__", "line": 138}
{"timestamp": "2025-10-23T14:26:20.725978+00:00", "level": "INFO", "logger": "infrastructure.graph_database", "message": "GraphDatabase initialized with empty DiGraph", "module": "graph_database", "function": "__init__", "line": 138}
{"timestamp": "2025-10-23T14:26:20.748015+00:00", "level": "INFO", "logger": "infrastructure.graph_database", "message": "GraphDatabase initialized with empty DiGraph", "module": "graph_database", "function": "__init__", "line": 138}
{"timestamp": "2025-10-23T14:26:20.769518+00:00", "level": "INFO", "logger": "infrastructure.graph_database", "message": "GraphDatabase initialized with empty DiGraph", "module": "graph_database", "function": "__init__", "line": 138}
{"timestamp": "2025-10-23T14:26:20.791159+00:00", "level": "INFO", "logger": "infrastructure.graph_database", "message": "GraphDatabase initialized with empty DiGraph", "module": "graph_database", "function": "__init__", "line": 138}
{"timestamp": "2025-10-23T14:26:20.813239+00:00", "level": "INFO", "logger": "infrastructure.graph_database", "message": "GraphDatabase initialized with empty DiGraph", "module": "graph_database", "function": "__init__", "line": 138}
{"timestamp": "2025-10-23T14:26:20.835210+00:00", "level": "INFO", "logger": "infrastructure.graph_database", "message": "GraphDatabase initialized with empty DiGraph", "module": "graph_database", "function": "__init__", "line": 138}
{"timestamp": "2025-10-23T14:26:20.859150+00:00", "level": "INFO", "logger": "infrastructure.graph_database", "message": "GraphDatabase initialized with empty DiGraph", "module": "graph_database", "function": "__init__", "line": 138}
{"timestamp": "2025-10-23T14:26:20.881872+00:00", "level": "INFO", "logger": "infrastructure.graph_database", "message": "GraphDatabase initialized with empty DiGraph", "module": "graph_database", "function": "__init__", "line": 138}
{"timestamp": "2025-10-23T14:26:20.905604+00:00", "level": "INFO", "logger": "infrastructure.graph_database", "message": "GraphDatabase initialized with empty DiGraph", "module": "graph_database", "function": "__init__", "line": 138}
{"timestamp": "2025-10-23T14:26:20.929660+00:00", "level": "INFO", "logger": "infrastructure.graph_database", "message": "GraphDatabase initialized with empty DiGraph", "module": "graph_database", "function": "__init__", "line": 138}
{"timestamp": "2025-10-23T14:26:20.950649+00:00", "level": "INFO", "logger": "infrastructure.graph_database", "message": "GraphDatabase initialized with empty DiGraph", "module": "graph_database", "function": "__init__", "line": 138}
{"timestamp": "2025-10-23T14:26:20.971656+00:00", "level": "INFO", "logger": "infrastructure.graph_database", "message": "GraphDatabase initialized with empty DiGraph", "module": "graph_database", "function": "__init__", "line": 138}
{"timestamp": "2025-10-23T14:26:21.406240+00:00", "level": "INFO", "logger": "infrastructure.graph_database", "message": "GraphDatabase initialized with empty DiGraph", "module": "graph_database", "function": "__init__", "line": 138}
{"timestamp": "2025-10-23T14:26:21.429219+00:00", "level": "INFO", "logger": "infrastructure.graph_database", "message": "GraphDatabase initialized with empty DiGraph", "module": "graph_database", "function": "__init__", "line": 138}
{"timestamp": "2025-10-23T14:26:21.452666+00:00", "level": "INFO", "logger": "infrastructure.graph_database", "message": "GraphDatabase initialized with empty DiGraph", "module": "graph_database", "function": "__init__", "line": 138}
{"timestamp": "2025-10-23T14:26:21.477261+00:00", "level": "INFO", "logger": "infrastructure.graph_database", "message": "GraphDatabase initialized with empty DiGraph", "module": "graph_database", "function": "__init__", "line": 138}
{"timestamp": "2025-10-23T14:26:21.507375+00:00", "level": "INFO", "logger": "infrastructure.graph_database", "message": "GraphDatabase initialized with empty DiGraph", "module": "graph_database", "function": "__init__", "line": 138}
{"timestamp": "2025-10-23T14:26:21.512283+00:00", "level": "INFO", "logger": "infrastructure.graph_database", "message": "Graph saved to /tmp/tmpl76w2j0n.graphml", "module": "graph_database", "function": "save", "line": 591}
{"timestamp": "2025-10-23T14:26:21.512678+00:00", "level": "INFO", "logger": "infrastructure.graph_database", "message": "GraphDatabase initialized with empty DiGraph", "module": "graph_database", "function": "__init__", "line": 138}
{"timestamp": "2025-10-23T14:26:21.516155+00:00", "level": "INFO", "logger": "infrastructure.graph_database", "message": "Graph loaded from /tmp/tmpl76w2j0n.graphml", "module": "graph_database", "function": "load", "line": 644}
{"timestamp": "2025-10-23T14:26:21.539243+00:00", "level": "INFO", "logger": "infrastructure.graph_database", "message": "GraphDatabase initialized with empty DiGraph", "module": "graph_database", "function": "__init__", "line": 138}
{"timestamp": "2025-10-23T14:26:21.563513+00:00", "level": "INFO", "logger": "infrastructure.graph_database", "message": "GraphDatabase initialized with empty DiGraph", "module": "graph_database", "function": "__init__", "line": 138}
{"timestamp": "2025-10-23T14:26:21.584907+00:00", "level": "INFO", "logger": "infrastructure.graph_database", "message": "GraphDatabase initialized with empty DiGraph", "module": "graph_database", "function": "__init__", "line": 138}
{"timestamp": "2025-10-23T14:26:21.609154+00:00", "level": "INFO", "logger": "infrastructure.graph_database", "message": "GraphDatabase initialized with empty DiGraph", "module": "graph_database", "function": "__init__", "line": 138}
{"timestamp": "2025-10-23T14:26:21.636426+00:00", "level": "INFO", "logger": "infrastructure.graph_database", "message": "GraphDatabase initialized with empty DiGraph", "module": "graph_database", "function": "__init__", "line": 138}
{"timestamp": "2025-10-23T14:26:21.661363+00:00", "level": "INFO", "logger": "infrastructure.graph_database", "message": "GraphDatabase initialized with empty DiGraph", "module": "graph_database", "function": "__init__", "line": 138}
{"timestamp": "2025-10-23T14:26:21.691672+00:00", "level": "INFO", "logger": "infrastructure.graph_database", "message": "GraphDatabase initialized with empty DiGraph", "module": "graph_database", "function": "__init__", "line": 138}
{"timestamp": "2025-10-23T14:26:21.716045+00:00", "level": "INFO", "logger": "infrastructure.graph_database", "message": "GraphDatabase initialized with empty DiGraph", "module": "graph_database", "function": "__init__", "line": 138}
{"timestamp": "2025-10-23T14:26:23.072784+00:00", "level": "INFO", "logger": "infrastructure.graph_database", "message": "GraphDatabase initialized with empty DiGraph", "module": "graph_database", "function": "__init__", "line": 138}
{"timestamp": "2025-10-23T14:26:23.081399+00:00", "level": "INFO", "logger": "infrastructure.graph_database", "message": "GraphDatabase initialized with empty DiGraph", "module": "graph_database", "function": "__init__", "line": 138}
{"timestamp": "2025-10-23T14:26:23.089357+00:00", "level": "INFO", "logger": "infrastructure.graph_database", "message": "GraphDatabase initialized with empty DiGraph", "module": "graph_database", "function": "__init__", "line": 138}
{"timestamp": "2025-10-23T14:26:23.097154+00:00", "level": "INFO", "logger": "infrastructure.graph_database", "message": "GraphDatabase initialized with empty DiGraph", "module": "graph_database", "function": "__init__", "line": 138}
{"timestamp": "2025-10-23T14:26:23.104917+00:00", "level": "INFO", "logger": "infrastructure.graph_database", "message": "GraphDatabase initialized with empty DiGraph", "module": "graph_database", "function": "__init__", "line": 138}
{"timestamp": "2025-10-23T14:26:23.112722+00:00", "level": "INFO", "logger": "infrastructure.graph_database", "message": "GraphDatabase initialized with empty DiGraph", "module": "graph_database", "function": "__init__", "line": 138}
{"timestamp": "2025-10-23T14:26:23.120417+00:00", "level": "INFO", "logger": "infrastructure.graph_database", "message": "GraphDatabase initialized with empty DiGraph", "module": "graph_database", "function": "__init__", "line": 138}
{"timestamp": "2025-10-23T14:26:23.128230+00:00", "level": "INFO", "logger": "infrastructure.graph_database", "message": "GraphDatabase initialized with empty DiGraph", "module": "graph_database", "function": "__init__", "line": 138}
{"timestamp": "2025-10-23T14:26:23.136222+00:00", "level": "INFO", "logger": "infrastructure.graph_database", "message": "GraphDatabase initialized with empty DiGraph", "module": "graph_database", "function": "__init__", "line": 138}
{"timestamp": "2025-10-23T14:26:23.144009+00:00", "level": "INFO", "logger": "infrastructure.graph_database", "message": "GraphDatabase initialized with empty DiGraph", "module": "graph_database", "function": "__init__", "line": 138}
{"timestamp": "2025-10-23T14:26:23.151736+00:00", "level": "INFO", "logger": "infrastructure.graph_database", "message": "GraphDatabase initialized with empty DiGraph", "module": "graph_database", "function": "__init__", "line": 138}
{"timestamp": "2025-10-23T14:26:23.159621+00:00", "level": "INFO", "logger": "infrastructure.graph_database", "message": "GraphDatabase initialized with empty DiGraph", "module": "graph_database", "function": "__init__", "line": 138}
{"timestamp": "2025-10-23T14:26:23.167337+00:00", "level": "INFO", "logger": "infrastructure.graph_database", "message": "GraphDatabase initialized with empty DiGraph", "module": "graph_database", "function": "__init__", "line": 138}
{"timestamp": "2025-10-23T14:26:23.306493+00:00", "level": "INFO", "logger": "infrastructure.graph_database", "message": "GraphDatabase initialized with empty DiGraph", "module": "graph_database", "function": "__init__", "line": 138}
{"timestamp": "2025-10-23T14:26:23.314508+00:00", "level": "INFO", "logger": "infrastructure.graph_database", "message": "GraphDatabase initialized with empty DiGraph", "module": "graph_database", "function": "__init__", "line": 138}
{"timestamp": "2025-10-23T14:26:23.322507+00:00", "level": "INFO", "logger": "infrastructure.graph_database", "message": "GraphDatabase initialized with empty DiGraph", "module": "graph_database", "function": "__init__", "line": 138}
{"timestamp": "2025-10-23T14:26:23.330058+00:00", "level": "INFO", "logger": "infrastructure.graph_database", "message": "GraphDatabase initialized with empty DiGraph", "module": "graph_database", "function": "__init__", "line": 138}
{"timestamp": "2025-10-23T14:26:23.337746+00:00", "level": "INFO", "logger": "infrastructure.graph_database", "message": "GraphDatabase initialized with empty DiGraph", "module": "graph_database", "function": "__init__", "line": 138}
{"timestamp": "2025-10-23T14:26:23.340300+00:00", "level": "INFO", "logger": "infrastructure.graph_database", "message": "Graph saved to /tmp/tmp51i8o1en.graphml", "module": "graph_database", "function": "save", "line": 591}
{"timestamp": "2025-10-23T14:26:23.340471+00:00", "level": "INFO", "logger": "infrastructure.graph_database", "message": "GraphDatabase initialized with empty DiGraph", "module": "graph_database", "function": "__init__", "line": 138}
{"timestamp": "2025-10-23T14:26:23.342610+00:00", "level": "INFO", "logger": "infrastructure.graph_database", "message": "Graph loaded from /tmp/tmp51i8o1en.graphml", "module": "graph_database", "function": "load", "line": 644}
{"timestamp": "2025-10-23T14:26:23.350978+00:00", "level": "INFO", "logger": "infrastructure.graph_database", "message": "GraphDatabase initialized with empty DiGraph", "module": "graph_database", "function": "__init__", "line": 138}
{"timestamp": "2025-10-23T14:26:23.359012+00:00", "level": "INFO", "logger": "infrastructure.graph_database", "message": "GraphDatabase initialized with empty DiGraph", "module": "graph_database", "function": "__init__", "line": 138}
{"timestamp": "2025-10-23T14:26:23.367251+00:00", "level": "INFO", "logger": "infrastructure.graph_database", "message": "GraphDatabase initialized with empty DiGraph", "module": "graph_database", "function": "__init__", "line": 138}
{"timestamp": "2025-10-23T14:26:23.374999+00:00", "level": "INFO", "logger": "infrastructure.graph_database", "message": "GraphDatabase initialized with empty DiGraph", "module": "graph_database", "function": "__init__", "line": 138}
{"timestamp": "2025-10-23T14:26:23.383522+00:00", "level": "INFO", "logger": "infrastructure.graph_database", "message": "GraphDatabase initialized with empty DiGraph", "module": "graph_database", "function": "__init__", "line": 138}
{"timestamp": "2025-10-23T14:26:23.391818+00:00", "level": "INFO", "logger": "infrastructure.graph_database", "message": "GraphDatabase initialized with empty DiGraph", "module": "graph_database", "function": "__init__", "line": 138}
{"timestamp": "2025-10-23T14:26:23.400495+00:00", "level": "INFO", "logger": "infrastructure.graph_database", "message": "GraphDatabase initialized with empty DiGraph", "module": "graph_database", "function": "__init__", "line": 138}
{"timestamp": "2025-10-23T14:26:23.409195+00:00", "level": "INFO", "logger": "infrastructure.graph_database", "message": "GraphDatabase initialized with empty DiGraph", "module": "graph_database", "function": "__init__", "line": 138}
{"timestamp": "2025-10-23T14:26:32.423559+00:00", "level": "INFO", "logger": "infrastructure.graph_database", "message": "GraphDatabase initialized with empty DiGraph", "module": "graph_database", "function": "__init__", "line": 138}
{"timestamp": "2025-10-23T14:26:32.456075+00:00", "level": "INFO", "logger": "infrastructure.graph_database", "message": "GraphDatabase initialized with empty DiGraph", "module": "graph_database", "function": "__init__", "line": 138}
{"timestamp": "2025-10-23T14:26:32.479823+00:00", "level": "INFO", "logger": "infrastructure.graph_database", "message": "GraphDatabase initialized with empty DiGraph", "module": "graph_database", "function": "__init__", "line": 138}
{"timestamp": "2025-10-23T14:26:32.507797+00:00", "level": "INFO", "logger": "infrastructure.graph_database", "message": "GraphDatabase initialized with empty DiGraph", "module": "graph_database", "function": "__init__", "line": 138}
{"timestamp": "2025-10-23T14:26:32.529909+00:00", "level": "INFO", "logger": "infrastructure.graph_database", "message": "GraphDatabase initialized with empty DiGraph", "module": "graph_database", "function": "__init__", "line": 138}
{"timestamp": "2025-10-23T14:26:32.551447+00:00", "level": "INFO", "logger": "infrastructure.graph_database", "message": "GraphDatabase initialized with empty DiGraph", "module": "graph_database", "function": "__init__", "line": 138}
{"timestamp": "2025-10-23T14:26:32.574394+00:00", "level": "INFO", "logger": "infrastructure.graph_database", "message": "GraphDatabase initialized with empty DiGraph", "module": "graph_database", "function": "__init__", "line": 138}
{"timestamp": "2025-10-23T14:26:32.596415+00:00", "level": "INFO", "logger": "infrastructure.graph_database", "message": "GraphDatabase initialized with empty DiGraph", "module": "graph_database", "function": "__init__", "line": 138}
{"timestamp": "2025-10-23T14:26:32.618909+00:00", "level": "INFO", "logger": "infrastructure.graph_database", "message": "GraphDatabase initialized with empty DiGraph", "module": "graph_database", "function": "__init__", "line": 138}
{"timestamp": "2025-10-23T14:26:32.639550+00:00", "level": "INFO", "logger": "infrastructure.graph_database", "message": "GraphDatabase initialized with empty DiGraph", "module": "graph_database", "function": "__init__", "line": 138}
{"timestamp": "2025-10-23T14:26:32.660460+00:00", "level": "INFO", "logger": "infrastructure.graph_database", "message": "GraphDatabase initialized with empty DiGraph", "module": "graph_database", "function": "__init__", "line": 138}
{"timestamp": "2025-10-23T14:26:32.681478+00:00", "level": "INFO", "logger": "infrastructure.graph_database", "message": "GraphDatabase initialized with empty DiGraph", "module": "graph_database", "function": "__init__", "line": 138}
{"timestamp": "2025-10-23T14:26:32.703122+00:00", "level": "INFO", "logger": "infrastructure.graph_database", "message": "GraphDatabase initialized with empty DiGraph", "module": "graph_database", "function": "__init__", "line": 138}
{"timestamp": "2025-10-23T14:26:33.160547+00:00", "level": "INFO", "logger": "infrastructure.graph_database", "message": "GraphDatabase initialized with empty DiGraph", "module": "graph_database", "function": "__init__", "line": 138}
{"timestamp": "2025-10-23T14:26:33.183216+00:00", "level": "INFO", "logger": "infrastructure.graph_database", "message": "GraphDatabase initialized with empty DiGraph", "module": "graph_database", "function": "__init__", "line": 138}
{"timestamp": "2025-10-23T14:26:33.205591+00:00", "level": "INFO", "logger": "infrastructure.graph_database", "message": "GraphDatabase initialized with empty DiGraph", "module": "graph_database", "function": "__init__", "line": 138}
{"timestamp": "2025-10-23T14:26:33.227812+00:00", "level": "INFO", "logger": "infrastructure.graph_database", "message": "GraphDatabase initialized with empty DiGraph", "module": "graph_database", "function": "__init__", "line": 138}
{"timestamp": "2025-10-23T14:26:33.252844+00:00", "level": "INFO", "logger": "infrastructure.graph_database", "message": "GraphDatabase initialized with empty DiGraph", "module": "graph_database", "function": "__init__", "line": 138}
{"timestamp": "2025-10-23T14:26:33.256256+00:00", "level": "INFO", "logger": "infrastructure.graph_database", "message": "Graph saved to /tmp/tmp0ocv59hu.graphml", "module": "graph_database", "function": "save", "line": 591}
{"timestamp": "2025-10-23T14:26:33.256530+00:00", "level": "INFO", "logger": "infrastructure.graph_database", "message": "GraphDatabase initialized with empty DiGraph", "module": "graph_database", "function": "__init__", "line": 138}
{"timestamp": "2025-10-23T14:26:33.258950+00:00", "level": "INFO", "logger": "infrastructure.graph_database", "message": "Graph loaded from /tmp/tmp0ocv59hu.graphml", "module": "graph_database", "function": "load", "line": 644}
{"timestamp": "2025-10-23T14:26:33.281248+00:00", "level": "INFO", "logger": "infrastructure.graph_database", "message": "GraphDatabase initialized with empty DiGraph", "module": "graph_database", "function": "__init__", "line": 138}
{"timestamp": "2025-10-23T14:26:33.305187+00:00", "level": "INFO", "logger": "infrastructure.graph_database", "message": "GraphDatabase initialized with empty DiGraph", "module": "graph_database", "function": "__init__", "line": 138}
{"timestamp": "2025-10-23T14:26:33.326447+00:00", "level": "INFO", "logger": "infrastructure.graph_database", "message": "GraphDatabase initialized with empty DiGraph", "module": "graph_database", "function": "__init__", "line": 138}
{"timestamp": "2025-10-23T14:26:33.349238+00:00", "level": "INFO", "logger": "infrastructure.graph_database", "message": "GraphDatabase initialized with empty DiGraph", "module": "graph_database", "function": "__init__", "line": 138}
{"timestamp": "2025-10-23T14:26:33.373937+00:00", "level": "INFO", "logger": "infrastructure.graph_database", "message": "GraphDatabase initialized with empty DiGraph", "module": "graph_database", "function": "__init__", "line": 138}
{"timestamp": "2025-10-23T14:26:33.398077+00:00", "level": "INFO", "logger": "infrastructure.graph_database", "message": "GraphDatabase initialized with empty DiGraph", "module": "graph_database", "function": "__init__", "line": 138}
{"timestamp": "2025-10-23T14:26:33.425614+00:00", "level": "INFO", "logger": "infrastructure.graph_database", "message": "GraphDatabase initialized with empty DiGraph", "module": "graph_database", "function": "__init__", "line": 138}
{"timestamp": "2025-10-23T14:26:33.450114+00:00", "level": "INFO", "logger": "infrastructure.graph_database", "message": "GraphDatabase initialized with empty DiGraph", "module": "graph_database", "function": "__init__", "line": 138}
{"timestamp": "2025-10-23T18:15:05.408812+00:00", "level": "INFO", "logger": "infrastructure.graph_database", "message": "GraphDatabase initialized with empty DiGraph", "module": "graph_database", "function": "__init__", "line": 138}
{"timestamp": "2025-10-23T18:15:05.475581+00:00", "level": "INFO", "logger": "infrastructure.graph_database", "message": "GraphDatabase initialized with empty DiGraph", "module": "graph_database", "function": "__init__", "line": 138}
{"timestamp": "2025-10-23T18:15:05.515526+00:00", "level": "INFO", "logger": "infrastructure.graph_database", "message": "GraphDatabase initialized with empty DiGraph", "module": "graph_database", "function": "__init__", "line": 138}
{"timestamp": "2025-10-23T18:15:05.550896+00:00", "level": "INFO", "logger": "infrastructure.graph_database", "message": "GraphDatabase initialized with empty DiGraph", "module": "graph_database", "function": "__init__", "line": 138}
{"timestamp": "2025-10-23T18:15:05.585507+00:00", "level": "INFO", "logger": "infrastructure.graph_database", "message": "GraphDatabase initialized with empty DiGraph", "module": "graph_database", "function": "__init__", "line": 138}
{"timestamp": "2025-10-23T18:16:10.828939+00:00", "level": "INFO", "logger": "infrastructure.graph_database", "message": "GraphDatabase initialized with empty DiGraph", "module": "graph_database", "function": "__init__", "line": 138}
{"timestamp": "2025-10-23T18:16:10.843448+00:00", "level": "INFO", "logger": "infrastructure.graph_database", "message": "GraphDatabase initialized with empty DiGraph", "module": "graph_database", "function": "__init__", "line": 138}
{"timestamp": "2025-10-23T18:16:10.852632+00:00", "level": "INFO", "logger": "infrastructure.graph_database", "message": "GraphDatabase initialized with empty DiGraph", "module": "graph_database", "function": "__init__", "line": 138}
{"timestamp": "2025-10-23T18:16:10.864335+00:00", "level": "INFO", "logger": "infrastructure.graph_database", "message": "GraphDatabase initialized with empty DiGraph", "module": "graph_database", "function": "__init__", "line": 138}
{"timestamp": "2025-10-23T18:16:10.876071+00:00", "level": "INFO", "logger": "infrastructure.graph_database", "message": "GraphDatabase initialized with empty DiGraph", "module": "graph_database", "function": "__init__", "line": 138}
{"timestamp": "2025-10-23T18:16:58.140326+00:00", "level": "INFO", "logger": "infrastructure.graph_database", "message": "GraphDatabase initialized with empty DiGraph", "module": "graph_database", "function": "__init__", "line": 138}
{"timestamp": "2025-10-23T18:16:58.152489+00:00", "level": "INFO", "logger": "infrastructure.graph_database", "message": "GraphDatabase initialized with empty DiGraph", "module": "graph_database", "function": "__init__", "line": 138}
{"timestamp": "2025-10-23T18:16:58.162072+00:00", "level": "INFO", "logger": "infrastructure.graph_database", "message": "GraphDatabase initialized with empty DiGraph", "module": "graph_database", "function": "__init__", "line": 138}
{"timestamp": "2025-10-23T18:16:58.174758+00:00", "level": "INFO", "logger": "infrastructure.graph_database", "message": "GraphDatabase initialized with empty DiGraph", "module": "graph_database", "function": "__init__", "line": 138}
{"timestamp": "2025-10-23T18:16:58.185554+00:00", "level": "INFO", "logger": "infrastructure.graph_database", "message": "GraphDatabase initialized with empty DiGraph", "module": "graph_database", "function": "__init__", "line": 138}
{"timestamp": "2025-10-23T18:17:17.858994+00:00", "level": "INFO", "logger": "infrastructure.graph_database", "message": "GraphDatabase initialized with empty DiGraph", "module": "graph_database", "function": "__init__", "line": 138}
{"timestamp": "2025-10-23T18:17:17.870940+00:00", "level": "INFO", "logger": "infrastructure.graph_database", "message": "GraphDatabase initialized with empty DiGraph", "module": "graph_database", "function": "__init__", "line": 138}
{"timestamp": "2025-10-23T18:17:17.879597+00:00", "level": "INFO", "logger": "infrastructure.graph_database", "message": "GraphDatabase initialized with empty DiGraph", "module": "graph_database", "function": "__init__", "line": 138}
{"timestamp": "2025-10-23T18:17:17.890563+00:00", "level": "INFO", "logger": "infrastructure.graph_database", "message": "GraphDatabase initialized with empty DiGraph", "module": "graph_database", "function": "__init__", "line": 138}
{"timestamp": "2025-10-23T18:17:17.900542+00:00", "level": "INFO", "logger": "infrastructure.graph_database", "message": "GraphDatabase initialized with empty DiGraph", "module": "graph_database", "function": "__init__", "line": 138}
{"timestamp": "2025-10-23T18:17:41.163841+00:00", "level": "INFO", "logger": "infrastructure.graph_database", "message": "GraphDatabase initialized with empty DiGraph", "module": "graph_database", "function": "__init__", "line": 138}
{"timestamp": "2025-10-23T18:17:41.175673+00:00", "level": "INFO", "logger": "infrastructure.graph_database", "message": "GraphDatabase initialized with empty DiGraph", "module": "graph_database", "function": "__init__", "line": 138}
{"timestamp": "2025-10-23T18:17:41.185191+00:00", "level": "INFO", "logger": "infrastructure.graph_database", "message": "GraphDatabase initialized with empty DiGraph", "module": "graph_database", "function": "__init__", "line": 138}
{"timestamp": "2025-10-23T18:17:41.196516+00:00", "level": "INFO", "logger": "infrastructure.graph_database", "message": "GraphDatabase initialized with empty DiGraph", "module": "graph_database", "function": "__init__", "line": 138}
{"timestamp": "2025-10-23T18:17:41.206126+00:00", "level": "INFO", "logger": "infrastructure.graph_database", "message": "GraphDatabase initialized with empty DiGraph", "module": "graph_database", "function": "__init__", "line": 138}
{"timestamp": "2025-10-23T18:17:48.178984+00:00", "level": "INFO", "logger": "infrastructure.graph_database", "message": "GraphDatabase initialized with empty DiGraph", "module": "graph_database", "function": "__init__", "line": 138}
{"timestamp": "2025-10-23T18:17:48.192638+00:00", "level": "INFO", "logger": "infrastructure.graph_database", "message": "GraphDatabase initialized with empty DiGraph", "module": "graph_database", "function": "__init__", "line": 138}
{"timestamp": "2025-10-23T18:17:48.202072+00:00", "level": "INFO", "logger": "infrastructure.graph_database", "message": "GraphDatabase initialized with empty DiGraph", "module": "graph_database", "function": "__init__", "line": 138}
{"timestamp": "2025-10-23T18:17:48.213845+00:00", "level": "INFO", "logger": "infrastructure.graph_database", "message": "GraphDatabase initialized with empty DiGraph", "module": "graph_database", "function": "__init__", "line": 138}
{"timestamp": "2025-10-23T18:17:48.223447+00:00", "level": "INFO", "logger": "infrastructure.graph_database", "message": "GraphDatabase initialized with empty DiGraph", "module": "graph_database", "function": "__init__", "line": 138}
{"timestamp": "2025-10-23T18:17:58.879331+00:00", "level": "INFO", "logger": "infrastructure.graph_database", "message": "GraphDatabase initialized with empty DiGraph", "module": "graph_database", "function": "__init__", "line": 138}
{"timestamp": "2025-10-23T18:17:58.906977+00:00", "level": "INFO", "logger": "infrastructure.graph_database", "message": "GraphDatabase initialized with empty DiGraph", "module": "graph_database", "function": "__init__", "line": 138}
{"timestamp": "2025-10-23T18:17:58.930706+00:00", "level": "INFO", "logger": "infrastructure.graph_database", "message": "GraphDatabase initialized with empty DiGraph", "module": "graph_database", "function": "__init__", "line": 138}
{"timestamp": "2025-10-23T18:17:58.957973+00:00", "level": "INFO", "logger": "infrastructure.graph_database", "message": "GraphDatabase initialized with empty DiGraph", "module": "graph_database", "function": "__init__", "line": 138}
{"timestamp": "2025-10-23T18:17:58.982917+00:00", "level": "INFO", "logger": "infrastructure.graph_database", "message": "GraphDatabase initialized with empty DiGraph", "module": "graph_database", "function": "__init__", "line": 138}
{"timestamp": "2025-10-23T18:48:19.563784+00:00", "level": "INFO", "logger": "infrastructure.graph_database", "message": "GraphDatabase initialized with empty DiGraph", "module": "graph_database", "function": "__init__", "line": 138}
{"timestamp": "2025-10-23T18:48:19.581111+00:00", "level": "INFO", "logger": "infrastructure.graph_database", "message": "GraphDatabase initialized with empty DiGraph", "module": "graph_database", "function": "__init__", "line": 138}
{"timestamp": "2025-10-23T18:48:19.592346+00:00", "level": "INFO", "logger": "infrastructure.graph_database", "message": "GraphDatabase initialized with empty DiGraph", "module": "graph_database", "function": "__init__", "line": 138}
{"timestamp": "2025-10-23T18:48:19.606598+00:00", "level": "INFO", "logger": "infrastructure.graph_database", "message": "GraphDatabase initialized with empty DiGraph", "module": "graph_database", "function": "__init__", "line": 138}
{"timestamp": "2025-10-23T18:48:19.620568+00:00", "level": "INFO", "logger": "infrastructure.graph_database", "message": "GraphDatabase initialized with empty DiGraph", "module": "graph_database", "function": "__init__", "line": 138}
{"timestamp": "2025-10-23T18:48:44.898489+00:00", "level": "INFO", "logger": "infrastructure.graph_database", "message": "GraphDatabase initialized with empty DiGraph", "module": "graph_database", "function": "__init__", "line": 138}
{"timestamp": "2025-10-23T18:48:44.926767+00:00", "level": "INFO", "logger": "infrastructure.graph_database", "message": "GraphDatabase initialized with empty DiGraph", "module": "graph_database", "function": "__init__", "line": 138}
{"timestamp": "2025-10-23T18:48:44.950486+00:00", "level": "INFO", "logger": "infrastructure.graph_database", "message": "GraphDatabase initialized with empty DiGraph", "module": "graph_database", "function": "__init__", "line": 138}
{"timestamp": "2025-10-23T18:48:44.977788+00:00", "level": "INFO", "logger": "infrastructure.graph_database", "message": "GraphDatabase initialized with empty DiGraph", "module": "graph_database", "function": "__init__", "line": 138}
{"timestamp": "2025-10-23T18:48:45.002964+00:00", "level": "INFO", "logger": "infrastructure.graph_database", "message": "GraphDatabase initialized with empty DiGraph", "module": "graph_database", "function": "__init__", "line": 138}
{"timestamp": "2025-10-23T18:48:55.009447+00:00", "level": "INFO", "logger": "infrastructure.graph_database", "message": "GraphDatabase initialized with empty DiGraph", "module": "graph_database", "function": "__init__", "line": 138}
{"timestamp": "2025-10-23T18:48:55.039963+00:00", "level": "INFO", "logger": "infrastructure.graph_database", "message": "GraphDatabase initialized with empty DiGraph", "module": "graph_database", "function": "__init__", "line": 138}
{"timestamp": "2025-10-23T18:48:55.063007+00:00", "level": "INFO", "logger": "infrastructure.graph_database", "message": "GraphDatabase initialized with empty DiGraph", "module": "graph_database", "function": "__init__", "line": 138}
{"timestamp": "2025-10-23T18:48:55.094944+00:00", "level": "INFO", "logger": "infrastructure.graph_database", "message": "GraphDatabase initialized with empty DiGraph", "module": "graph_database", "function": "__init__", "line": 138}
{"timestamp": "2025-10-23T18:48:55.121086+00:00", "level": "INFO", "logger": "infrastructure.graph_database", "message": "GraphDatabase initialized with empty DiGraph", "module": "graph_database", "function": "__init__", "line": 138}
{"timestamp": "2025-10-23T18:51:32.792090+00:00", "level": "INFO", "logger": "infrastructure.graph_database", "message": "GraphDatabase initialized with empty DiGraph", "module": "graph_database", "function": "__init__", "line": 138}
{"timestamp": "2025-10-23T18:51:32.876253+00:00", "level": "INFO", "logger": "infrastructure.graph_database", "message": "GraphDatabase initialized with empty DiGraph", "module": "graph_database", "function": "__init__", "line": 138}
{"timestamp": "2025-10-23T18:51:32.896343+00:00", "level": "INFO", "logger": "infrastructure.graph_database", "message": "GraphDatabase initialized with empty DiGraph", "module": "graph_database", "function": "__init__", "line": 138}
{"timestamp": "2025-10-23T18:51:32.914673+00:00", "level": "INFO", "logger": "infrastructure.graph_database", "message": "GraphDatabase initialized with empty DiGraph", "module": "graph_database", "function": "__init__", "line": 138}
{"timestamp": "2025-10-23T18:51:32.931667+00:00", "level": "INFO", "logger": "infrastructure.graph_database", "message": "GraphDatabase initialized with empty DiGraph", "module": "graph_database", "function": "__init__", "line": 138}
{"timestamp": "2025-10-23T18:51:32.948701+00:00", "level": "INFO", "logger": "infrastructure.graph_database", "message": "GraphDatabase initialized with empty DiGraph", "module": "graph_database", "function": "__init__", "line": 138}
{"timestamp": "2025-10-23T18:51:32.965961+00:00", "level": "INFO", "logger": "infrastructure.graph_database", "message": "GraphDatabase initialized with empty DiGraph", "module": "graph_database", "function": "__init__", "line": 138}
{"timestamp": "2025-10-23T18:51:32.984104+00:00", "level": "INFO", "logger": "infrastructure.graph_database", "message": "GraphDatabase initialized with empty DiGraph", "module": "graph_database", "function": "__init__", "line": 138}
{"timestamp": "2025-10-23T18:51:33.002213+00:00", "level": "INFO", "logger": "infrastructure.graph_database", "message": "GraphDatabase initialized with empty DiGraph", "module": "graph_database", "function": "__init__", "line": 138}
{"timestamp": "2025-10-23T18:51:33.017963+00:00", "level": "INFO", "logger": "infrastructure.graph_database", "message": "GraphDatabase initialized with empty DiGraph", "module": "graph_database", "function": "__init__", "line": 138}
{"timestamp": "2025-10-23T18:51:49.135269+00:00", "level": "INFO", "logger": "infrastructure.graph_database", "message": "GraphDatabase initialized with empty DiGraph", "module": "graph_database", "function": "__init__", "line": 138}
{"timestamp": "2025-10-23T18:51:56.947870+00:00", "level": "INFO", "logger": "infrastructure.graph_database", "message": "GraphDatabase initialized with empty DiGraph", "module": "graph_database", "function": "__init__", "line": 138}
{"timestamp": "2025-10-23T18:51:56.973841+00:00", "level": "INFO", "logger": "infrastructure.graph_database", "message": "GraphDatabase initialized with empty DiGraph", "module": "graph_database", "function": "__init__", "line": 138}
{"timestamp": "2025-10-23T18:51:56.990308+00:00", "level": "INFO", "logger": "infrastructure.graph_database", "message": "GraphDatabase initialized with empty DiGraph", "module": "graph_database", "function": "__init__", "line": 138}
{"timestamp": "2025-10-23T18:51:57.008818+00:00", "level": "INFO", "logger": "infrastructure.graph_database", "message": "GraphDatabase initialized with empty DiGraph", "module": "graph_database", "function": "__init__", "line": 138}
{"timestamp": "2025-10-23T18:51:57.026343+00:00", "level": "INFO", "logger": "infrastructure.graph_database", "message": "GraphDatabase initialized with empty DiGraph", "module": "graph_database", "function": "__init__", "line": 138}
{"timestamp": "2025-10-23T18:51:57.042905+00:00", "level": "INFO", "logger": "infrastructure.graph_database", "message": "GraphDatabase initialized with empty DiGraph", "module": "graph_database", "function": "__init__", "line": 138}
{"timestamp": "2025-10-23T18:51:57.061326+00:00", "level": "INFO", "logger": "infrastructure.graph_database", "message": "GraphDatabase initialized with empty DiGraph", "module": "graph_database", "function": "__init__", "line": 138}
{"timestamp": "2025-10-23T18:51:57.076945+00:00", "level": "INFO", "logger": "infrastructure.graph_database", "message": "GraphDatabase initialized with empty DiGraph", "module": "graph_database", "function": "__init__", "line": 138}
{"timestamp": "2025-10-23T18:51:57.404637+00:00", "level": "INFO", "logger": "infrastructure.graph_database", "message": "GraphDatabase initialized with empty DiGraph", "module": "graph_database", "function": "__init__", "line": 138}
{"timestamp": "2025-10-23T18:51:57.429280+00:00", "level": "INFO", "logger": "infrastructure.graph_database", "message": "GraphDatabase initialized with empty DiGraph", "module": "graph_database", "function": "__init__", "line": 138}
{"timestamp": "2025-10-23T18:52:32.086850+00:00", "level": "INFO", "logger": "infrastructure.graph_database", "message": "GraphDatabase initialized with empty DiGraph", "module": "graph_database", "function": "__init__", "line": 138}
{"timestamp": "2025-10-23T18:52:32.111353+00:00", "level": "INFO", "logger": "infrastructure.graph_database", "message": "GraphDatabase initialized with empty DiGraph", "module": "graph_database", "function": "__init__", "line": 138}
{"timestamp": "2025-10-23T18:52:32.129125+00:00", "level": "INFO", "logger": "infrastructure.graph_database", "message": "GraphDatabase initialized with empty DiGraph", "module": "graph_database", "function": "__init__", "line": 138}
{"timestamp": "2025-10-23T18:52:32.144981+00:00", "level": "INFO", "logger": "infrastructure.graph_database", "message": "GraphDatabase initialized with empty DiGraph", "module": "graph_database", "function": "__init__", "line": 138}
{"timestamp": "2025-10-23T18:52:32.160598+00:00", "level": "INFO", "logger": "infrastructure.graph_database", "message": "GraphDatabase initialized with empty DiGraph", "module": "graph_database", "function": "__init__", "line": 138}
{"timestamp": "2025-10-23T18:52:32.177426+00:00", "level": "INFO", "logger": "infrastructure.graph_database", "message": "GraphDatabase initialized with empty DiGraph", "module": "graph_database", "function": "__init__", "line": 138}
{"timestamp": "2025-10-23T18:52:32.197404+00:00", "level": "INFO", "logger": "infrastructure.graph_database", "message": "GraphDatabase initialized with empty DiGraph", "module": "graph_database", "function": "__init__", "line": 138}
{"timestamp": "2025-10-23T18:52:32.212419+00:00", "level": "INFO", "logger": "infrastructure.graph_database", "message": "GraphDatabase initialized with empty DiGraph", "module": "graph_database", "function": "__init__", "line": 138}
{"timestamp": "2025-10-23T18:52:32.544192+00:00", "level": "INFO", "logger": "infrastructure.graph_database", "message": "GraphDatabase initialized with empty DiGraph", "module": "graph_database", "function": "__init__", "line": 138}
{"timestamp": "2025-10-23T18:52:32.580651+00:00", "level": "INFO", "logger": "infrastructure.graph_database", "message": "GraphDatabase initialized with empty DiGraph", "module": "graph_database", "function": "__init__", "line": 138}
{"timestamp": "2025-10-23T18:52:39.249084+00:00", "level": "INFO", "logger": "infrastructure.graph_database", "message": "GraphDatabase initialized with empty DiGraph", "module": "graph_database", "function": "__init__", "line": 138}
{"timestamp": "2025-10-23T18:52:56.452225+00:00", "level": "INFO", "logger": "infrastructure.graph_database", "message": "GraphDatabase initialized with empty DiGraph", "module": "graph_database", "function": "__init__", "line": 138}
{"timestamp": "2025-10-23T18:52:56.478405+00:00", "level": "INFO", "logger": "infrastructure.graph_database", "message": "GraphDatabase initialized with empty DiGraph", "module": "graph_database", "function": "__init__", "line": 138}
{"timestamp": "2025-10-23T18:52:56.494171+00:00", "level": "INFO", "logger": "infrastructure.graph_database", "message": "GraphDatabase initialized with empty DiGraph", "module": "graph_database", "function": "__init__", "line": 138}
{"timestamp": "2025-10-23T18:52:56.509430+00:00", "level": "INFO", "logger": "infrastructure.graph_database", "message": "GraphDatabase initialized with empty DiGraph", "module": "graph_database", "function": "__init__", "line": 138}
{"timestamp": "2025-10-23T18:52:56.523757+00:00", "level": "INFO", "logger": "infrastructure.graph_database", "message": "GraphDatabase initialized with empty DiGraph", "module": "graph_database", "function": "__init__", "line": 138}
{"timestamp": "2025-10-23T18:52:56.537418+00:00", "level": "INFO", "logger": "infrastructure.graph_database", "message": "GraphDatabase initialized with empty DiGraph", "module": "graph_database", "function": "__init__", "line": 138}
{"timestamp": "2025-10-23T18:52:56.553229+00:00", "level": "INFO", "logger": "infrastructure.graph_database", "message": "GraphDatabase initialized with empty DiGraph", "module": "graph_database", "function": "__init__", "line": 138}
{"timestamp": "2025-10-23T18:52:56.568703+00:00", "level": "INFO", "logger": "infrastructure.graph_database", "message": "GraphDatabase initialized with empty DiGraph", "module": "graph_database", "function": "__init__", "line": 138}
{"timestamp": "2025-10-23T18:52:56.885158+00:00", "level": "INFO", "logger": "infrastructure.graph_database", "message": "GraphDatabase initialized with empty DiGraph", "module": "graph_database", "function": "__init__", "line": 138}
{"timestamp": "2025-10-23T18:52:56.897900+00:00", "level": "INFO", "logger": "infrastructure.graph_database", "message": "GraphDatabase initialized with empty DiGraph", "module": "graph_database", "function": "__init__", "line": 138}
{"timestamp": "2025-10-23T18:53:04.602118+00:00", "level": "INFO", "logger": "infrastructure.graph_database", "message": "GraphDatabase initialized with empty DiGraph", "module": "graph_database", "function": "__init__", "line": 138}
{"timestamp": "2025-10-23T18:54:45.430069+00:00", "level": "INFO", "logger": "infrastructure.graph_database", "message": "GraphDatabase initialized with empty DiGraph", "module": "graph_database", "function": "__init__", "line": 138}
{"timestamp": "2025-10-23T18:54:45.453859+00:00", "level": "INFO", "logger": "infrastructure.graph_database", "message": "GraphDatabase initialized with empty DiGraph", "module": "graph_database", "function": "__init__", "line": 138}
{"timestamp": "2025-10-23T18:54:45.471937+00:00", "level": "INFO", "logger": "infrastructure.graph_database", "message": "GraphDatabase initialized with empty DiGraph", "module": "graph_database", "function": "__init__", "line": 138}
{"timestamp": "2025-10-23T18:54:45.487549+00:00", "level": "INFO", "logger": "infrastructure.graph_database", "message": "GraphDatabase initialized with empty DiGraph", "module": "graph_database", "function": "__init__", "line": 138}
{"timestamp": "2025-10-23T18:54:45.502407+00:00", "level": "INFO", "logger": "infrastructure.graph_database", "message": "GraphDatabase initialized with empty DiGraph", "module": "graph_database", "function": "__init__", "line": 138}
{"timestamp": "2025-10-23T18:54:45.515414+00:00", "level": "INFO", "logger": "infrastructure.graph_database", "message": "GraphDatabase initialized with empty DiGraph", "module": "graph_database", "function": "__init__", "line": 138}
{"timestamp": "2025-10-23T18:54:45.529797+00:00", "level": "INFO", "logger": "infrastructure.graph_database", "message": "GraphDatabase initialized with empty DiGraph", "module": "graph_database", "function": "__init__", "line": 138}
{"timestamp": "2025-10-23T18:54:45.543151+00:00", "level": "INFO", "logger": "infrastructure.graph_database", "message": "GraphDatabase initialized with empty DiGraph", "module": "graph_database", "function": "__init__", "line": 138}
{"timestamp": "2025-10-23T18:54:45.869907+00:00", "level": "INFO", "logger": "infrastructure.graph_database", "message": "GraphDatabase initialized with empty DiGraph", "module": "graph_database", "function": "__init__", "line": 138}
{"timestamp": "2025-10-23T18:54:45.894598+00:00", "level": "INFO", "logger": "infrastructure.graph_database", "message": "GraphDatabase initialized with empty DiGraph", "module": "graph_database", "function": "__init__", "line": 138}
