{"timestamp": "2025-10-23T13:04:32.727600+00:00", "level": "INFO", "logger": "infrastructure.visual_memory_compressor", "message": "VisualMemoryCompressor initialized", "module": "visual_memory_compressor", "function": "__init__", "line": 137}
{"timestamp": "2025-10-23T13:05:42.149573+00:00", "level": "INFO", "logger": "infrastructure.visual_memory_compressor", "message": "VisualMemoryCompressor initialized", "module": "visual_memory_compressor", "function": "__init__", "line": 137}
{"timestamp": "2025-10-23T13:05:42.165999+00:00", "level": "INFO", "logger": "infrastructure.visual_memory_compressor", "message": "Memory compressed: 12 \u2192 256 tokens (0.0x)", "module": "visual_memory_compressor", "function": "compress_memory", "line": 424}
{"timestamp": "2025-10-23T13:05:42.353917+00:00", "level": "INFO", "logger": "infrastructure.visual_memory_compressor", "message": "Memory decompressed: 51 chars extracted", "module": "visual_memory_compressor", "function": "decompress_memory", "line": 523}
{"timestamp": "2025-10-23T13:05:48.237491+00:00", "level": "INFO", "logger": "infrastructure.visual_memory_compressor", "message": "VisualMemoryCompressor initialized", "module": "visual_memory_compressor", "function": "__init__", "line": 137}
{"timestamp": "2025-10-23T13:05:48.254783+00:00", "level": "INFO", "logger": "infrastructure.visual_memory_compressor", "message": "Memory compressed: 12 \u2192 256 tokens (0.0x)", "module": "visual_memory_compressor", "function": "compress_memory", "line": 424}
{"timestamp": "2025-10-23T13:05:48.448889+00:00", "level": "INFO", "logger": "infrastructure.visual_memory_compressor", "message": "Memory decompressed: 51 chars extracted", "module": "visual_memory_compressor", "function": "decompress_memory", "line": 523}
{"timestamp": "2025-10-23T13:05:55.283071+00:00", "level": "INFO", "logger": "infrastructure.visual_memory_compressor", "message": "VisualMemoryCompressor initialized", "module": "visual_memory_compressor", "function": "__init__", "line": 137}
{"timestamp": "2025-10-23T13:05:55.297025+00:00", "level": "INFO", "logger": "infrastructure.visual_memory_compressor", "message": "Memory compressed: 12 \u2192 256 tokens (0.0x)", "module": "visual_memory_compressor", "function": "compress_memory", "line": 424}
{"timestamp": "2025-10-23T13:05:55.512681+00:00", "level": "INFO", "logger": "infrastructure.visual_memory_compressor", "message": "Memory decompressed: 51 chars extracted", "module": "visual_memory_compressor", "function": "decompress_memory", "line": 523}
{"timestamp": "2025-10-23T13:05:55.522635+00:00", "level": "INFO", "logger": "infrastructure.visual_memory_compressor", "message": "VisualMemoryCompressor initialized", "module": "visual_memory_compressor", "function": "__init__", "line": 137}
{"timestamp": "2025-10-23T13:05:55.538126+00:00", "level": "INFO", "logger": "infrastructure.visual_memory_compressor", "message": "Memory compressed: 34 \u2192 256 tokens (0.1x)", "module": "visual_memory_compressor", "function": "compress_memory", "line": 424}
{"timestamp": "2025-10-23T13:05:55.702597+00:00", "level": "INFO", "logger": "infrastructure.visual_memory_compressor", "message": "Memory decompressed: 124 chars extracted", "module": "visual_memory_compressor", "function": "decompress_memory", "line": 523}
{"timestamp": "2025-10-23T13:05:55.713630+00:00", "level": "INFO", "logger": "infrastructure.visual_memory_compressor", "message": "VisualMemoryCompressor initialized", "module": "visual_memory_compressor", "function": "__init__", "line": 137}
{"timestamp": "2025-10-23T13:05:55.851731+00:00", "level": "INFO", "logger": "infrastructure.visual_memory_compressor", "message": "Memory compressed: 378 \u2192 256 tokens (1.5x)", "module": "visual_memory_compressor", "function": "compress_memory", "line": 424}
{"timestamp": "2025-10-23T13:05:56.436036+00:00", "level": "INFO", "logger": "infrastructure.visual_memory_compressor", "message": "Memory decompressed: 1364 chars extracted", "module": "visual_memory_compressor", "function": "decompress_memory", "line": 523}
{"timestamp": "2025-10-23T13:05:56.447857+00:00", "level": "INFO", "logger": "infrastructure.visual_memory_compressor", "message": "VisualMemoryCompressor initialized", "module": "visual_memory_compressor", "function": "__init__", "line": 137}
{"timestamp": "2025-10-23T13:05:56.472798+00:00", "level": "INFO", "logger": "infrastructure.visual_memory_compressor", "message": "Memory compressed: 107 \u2192 inf tokens (0.0x)", "module": "visual_memory_compressor", "function": "compress_memory", "line": 424}
{"timestamp": "2025-10-23T13:05:56.473067+00:00", "level": "INFO", "logger": "infrastructure.visual_memory_compressor", "message": "VisualMemoryCompressor initialized", "module": "visual_memory_compressor", "function": "__init__", "line": 137}
{"timestamp": "2025-10-23T13:05:56.495864+00:00", "level": "INFO", "logger": "infrastructure.visual_memory_compressor", "message": "Memory compressed: 107 \u2192 256 tokens (0.4x)", "module": "visual_memory_compressor", "function": "compress_memory", "line": 424}
{"timestamp": "2025-10-23T13:05:56.731902+00:00", "level": "INFO", "logger": "infrastructure.visual_memory_compressor", "message": "Memory decompressed: 370 chars extracted", "module": "visual_memory_compressor", "function": "decompress_memory", "line": 523}
{"timestamp": "2025-10-23T13:05:56.732639+00:00", "level": "INFO", "logger": "infrastructure.visual_memory_compressor", "message": "VisualMemoryCompressor initialized", "module": "visual_memory_compressor", "function": "__init__", "line": 137}
{"timestamp": "2025-10-23T13:05:56.746822+00:00", "level": "INFO", "logger": "infrastructure.visual_memory_compressor", "message": "Memory compressed: 107 \u2192 100 tokens (1.1x)", "module": "visual_memory_compressor", "function": "compress_memory", "line": 424}
{"timestamp": "2025-10-23T13:05:56.960578+00:00", "level": "INFO", "logger": "infrastructure.visual_memory_compressor", "message": "Memory decompressed: 351 chars extracted", "module": "visual_memory_compressor", "function": "decompress_memory", "line": 523}
{"timestamp": "2025-10-23T13:05:56.961416+00:00", "level": "INFO", "logger": "infrastructure.visual_memory_compressor", "message": "VisualMemoryCompressor initialized", "module": "visual_memory_compressor", "function": "__init__", "line": 137}
{"timestamp": "2025-10-23T13:05:56.975357+00:00", "level": "INFO", "logger": "infrastructure.visual_memory_compressor", "message": "Memory compressed: 107 \u2192 64 tokens (1.7x)", "module": "visual_memory_compressor", "function": "compress_memory", "line": 424}
{"timestamp": "2025-10-23T13:05:57.193405+00:00", "level": "INFO", "logger": "infrastructure.visual_memory_compressor", "message": "Memory decompressed: 397 chars extracted", "module": "visual_memory_compressor", "function": "decompress_memory", "line": 523}
{"timestamp": "2025-10-23T13:05:57.204171+00:00", "level": "INFO", "logger": "infrastructure.visual_memory_compressor", "message": "VisualMemoryCompressor initialized", "module": "visual_memory_compressor", "function": "__init__", "line": 137}
{"timestamp": "2025-10-23T13:05:57.240123+00:00", "level": "INFO", "logger": "infrastructure.visual_memory_compressor", "message": "Memory compressed: 287 \u2192 256 tokens (1.1x)", "module": "visual_memory_compressor", "function": "compress_memory", "line": 424}
{"timestamp": "2025-10-23T13:05:57.720719+00:00", "level": "INFO", "logger": "infrastructure.visual_memory_compressor", "message": "Memory decompressed: 987 chars extracted", "module": "visual_memory_compressor", "function": "decompress_memory", "line": 523}
{"timestamp": "2025-10-23T13:05:57.732222+00:00", "level": "INFO", "logger": "infrastructure.visual_memory_compressor", "message": "VisualMemoryCompressor initialized", "module": "visual_memory_compressor", "function": "__init__", "line": 137}
{"timestamp": "2025-10-23T13:05:57.743454+00:00", "level": "INFO", "logger": "infrastructure.visual_memory_compressor", "message": "Memory compressed: 25 \u2192 256 tokens (0.1x)", "module": "visual_memory_compressor", "function": "compress_memory", "line": 424}
{"timestamp": "2025-10-23T13:05:57.895432+00:00", "level": "INFO", "logger": "infrastructure.visual_memory_compressor", "message": "Memory decompressed: 89 chars extracted", "module": "visual_memory_compressor", "function": "decompress_memory", "line": 523}
{"timestamp": "2025-10-23T13:05:57.914427+00:00", "level": "INFO", "logger": "infrastructure.visual_memory_compressor", "message": "VisualMemoryCompressor initialized", "module": "visual_memory_compressor", "function": "__init__", "line": 137}
{"timestamp": "2025-10-23T13:05:57.924574+00:00", "level": "INFO", "logger": "infrastructure.visual_memory_compressor", "message": "Memory compressed: 8 \u2192 256 tokens (0.0x)", "module": "visual_memory_compressor", "function": "compress_memory", "line": 424}
{"timestamp": "2025-10-23T13:05:58.079401+00:00", "level": "INFO", "logger": "infrastructure.visual_memory_compressor", "message": "Memory decompressed: 33 chars extracted", "module": "visual_memory_compressor", "function": "decompress_memory", "line": 523}
{"timestamp": "2025-10-23T13:05:58.086027+00:00", "level": "INFO", "logger": "infrastructure.visual_memory_compressor", "message": "Memory compressed: 6 \u2192 256 tokens (0.0x)", "module": "visual_memory_compressor", "function": "compress_memory", "line": 424}
{"timestamp": "2025-10-23T13:05:58.203523+00:00", "level": "INFO", "logger": "infrastructure.visual_memory_compressor", "message": "Memory decompressed: 27 chars extracted", "module": "visual_memory_compressor", "function": "decompress_memory", "line": 523}
{"timestamp": "2025-10-23T13:05:58.271435+00:00", "level": "INFO", "logger": "infrastructure.visual_memory_compressor", "message": "Memory compressed: 300 \u2192 256 tokens (1.2x)", "module": "visual_memory_compressor", "function": "compress_memory", "line": 424}
{"timestamp": "2025-10-23T13:05:58.714964+00:00", "level": "INFO", "logger": "infrastructure.visual_memory_compressor", "message": "Memory decompressed: 1003 chars extracted", "module": "visual_memory_compressor", "function": "decompress_memory", "line": 523}
{"timestamp": "2025-10-23T13:06:09.307702+00:00", "level": "INFO", "logger": "infrastructure.visual_memory_compressor", "message": "VisualMemoryCompressor initialized", "module": "visual_memory_compressor", "function": "__init__", "line": 137}
{"timestamp": "2025-10-23T13:06:09.336689+00:00", "level": "INFO", "logger": "infrastructure.visual_memory_compressor", "message": "Memory compressed: 107 \u2192 inf tokens (0.0x)", "module": "visual_memory_compressor", "function": "compress_memory", "line": 424}
{"timestamp": "2025-10-23T13:06:09.337031+00:00", "level": "INFO", "logger": "infrastructure.visual_memory_compressor", "message": "VisualMemoryCompressor initialized", "module": "visual_memory_compressor", "function": "__init__", "line": 137}
{"timestamp": "2025-10-23T13:06:09.359210+00:00", "level": "INFO", "logger": "infrastructure.visual_memory_compressor", "message": "Memory compressed: 107 \u2192 256 tokens (0.4x)", "module": "visual_memory_compressor", "function": "compress_memory", "line": 424}
{"timestamp": "2025-10-23T13:06:09.626946+00:00", "level": "INFO", "logger": "infrastructure.visual_memory_compressor", "message": "Memory decompressed: 370 chars extracted", "module": "visual_memory_compressor", "function": "decompress_memory", "line": 523}
{"timestamp": "2025-10-23T13:06:09.627590+00:00", "level": "INFO", "logger": "infrastructure.visual_memory_compressor", "message": "VisualMemoryCompressor initialized", "module": "visual_memory_compressor", "function": "__init__", "line": 137}
{"timestamp": "2025-10-23T13:06:09.640958+00:00", "level": "INFO", "logger": "infrastructure.visual_memory_compressor", "message": "Memory compressed: 107 \u2192 100 tokens (1.1x)", "module": "visual_memory_compressor", "function": "compress_memory", "line": 424}
{"timestamp": "2025-10-23T13:06:09.847614+00:00", "level": "INFO", "logger": "infrastructure.visual_memory_compressor", "message": "Memory decompressed: 351 chars extracted", "module": "visual_memory_compressor", "function": "decompress_memory", "line": 523}
{"timestamp": "2025-10-23T13:06:09.848424+00:00", "level": "INFO", "logger": "infrastructure.visual_memory_compressor", "message": "VisualMemoryCompressor initialized", "module": "visual_memory_compressor", "function": "__init__", "line": 137}
{"timestamp": "2025-10-23T13:06:09.862498+00:00", "level": "INFO", "logger": "infrastructure.visual_memory_compressor", "message": "Memory compressed: 107 \u2192 64 tokens (1.7x)", "module": "visual_memory_compressor", "function": "compress_memory", "line": 424}
{"timestamp": "2025-10-23T13:06:10.081123+00:00", "level": "INFO", "logger": "infrastructure.visual_memory_compressor", "message": "Memory decompressed: 397 chars extracted", "module": "visual_memory_compressor", "function": "decompress_memory", "line": 523}
{"timestamp": "2025-10-23T13:06:51.594185+00:00", "level": "INFO", "logger": "infrastructure.visual_memory_compressor", "message": "VisualMemoryCompressor initialized", "module": "visual_memory_compressor", "function": "__init__", "line": 137}
{"timestamp": "2025-10-23T13:06:51.781882+00:00", "level": "INFO", "logger": "infrastructure.visual_memory_compressor", "message": "Memory compressed: 660 \u2192 256 tokens (2.6x)", "module": "visual_memory_compressor", "function": "compress_memory", "line": 424}
{"timestamp": "2025-10-23T13:06:57.545548+00:00", "level": "INFO", "logger": "infrastructure.visual_memory_compressor", "message": "VisualMemoryCompressor initialized", "module": "visual_memory_compressor", "function": "__init__", "line": 137}
{"timestamp": "2025-10-23T13:06:57.768378+00:00", "level": "INFO", "logger": "infrastructure.visual_memory_compressor", "message": "Memory compressed: 660 \u2192 256 tokens (2.6x)", "module": "visual_memory_compressor", "function": "compress_memory", "line": 424}
{"timestamp": "2025-10-23T13:08:21.721752+00:00", "level": "INFO", "logger": "infrastructure.visual_memory_compressor", "message": "VisualMemoryCompressor initialized", "module": "visual_memory_compressor", "function": "__init__", "line": 137}
{"timestamp": "2025-10-23T13:08:21.730512+00:00", "level": "INFO", "logger": "infrastructure.visual_memory_compressor", "message": "VisualMemoryCompressor initialized", "module": "visual_memory_compressor", "function": "__init__", "line": 137}
{"timestamp": "2025-10-23T13:08:21.949925+00:00", "level": "INFO", "logger": "infrastructure.visual_memory_compressor", "message": "Memory compressed: 660 \u2192 256 tokens (2.6x)", "module": "visual_memory_compressor", "function": "compress_memory", "line": 424}
{"timestamp": "2025-10-23T13:08:21.959428+00:00", "level": "INFO", "logger": "infrastructure.visual_memory_compressor", "message": "VisualMemoryCompressor initialized", "module": "visual_memory_compressor", "function": "__init__", "line": 137}
{"timestamp": "2025-10-23T13:08:22.155118+00:00", "level": "INFO", "logger": "infrastructure.visual_memory_compressor", "message": "Memory compressed: 660 \u2192 256 tokens (2.6x)", "module": "visual_memory_compressor", "function": "compress_memory", "line": 424}
{"timestamp": "2025-10-23T13:08:22.163895+00:00", "level": "INFO", "logger": "infrastructure.visual_memory_compressor", "message": "VisualMemoryCompressor initialized", "module": "visual_memory_compressor", "function": "__init__", "line": 137}
{"timestamp": "2025-10-23T13:08:22.349284+00:00", "level": "INFO", "logger": "infrastructure.visual_memory_compressor", "message": "Memory compressed: 660 \u2192 256 tokens (2.6x)", "module": "visual_memory_compressor", "function": "compress_memory", "line": 424}
{"timestamp": "2025-10-23T13:08:22.359737+00:00", "level": "INFO", "logger": "infrastructure.visual_memory_compressor", "message": "VisualMemoryCompressor initialized", "module": "visual_memory_compressor", "function": "__init__", "line": 137}
{"timestamp": "2025-10-23T13:08:22.541548+00:00", "level": "INFO", "logger": "infrastructure.visual_memory_compressor", "message": "Memory compressed: 660 \u2192 256 tokens (2.6x)", "module": "visual_memory_compressor", "function": "compress_memory", "line": 424}
{"timestamp": "2025-10-23T13:08:22.554059+00:00", "level": "INFO", "logger": "infrastructure.visual_memory_compressor", "message": "VisualMemoryCompressor initialized", "module": "visual_memory_compressor", "function": "__init__", "line": 137}
{"timestamp": "2025-10-23T13:08:22.735588+00:00", "level": "INFO", "logger": "infrastructure.visual_memory_compressor", "message": "Memory compressed: 660 \u2192 256 tokens (2.6x)", "module": "visual_memory_compressor", "function": "compress_memory", "line": 424}
{"timestamp": "2025-10-23T13:08:22.737966+00:00", "level": "INFO", "logger": "infrastructure.visual_memory_compressor", "message": "Memory decompressed: 2640 chars extracted", "module": "visual_memory_compressor", "function": "decompress_memory", "line": 523}
{"timestamp": "2025-10-23T13:08:22.749108+00:00", "level": "INFO", "logger": "infrastructure.visual_memory_compressor", "message": "VisualMemoryCompressor initialized", "module": "visual_memory_compressor", "function": "__init__", "line": 137}
{"timestamp": "2025-10-23T13:08:22.923449+00:00", "level": "INFO", "logger": "infrastructure.visual_memory_compressor", "message": "Memory compressed: 660 \u2192 256 tokens (2.6x)", "module": "visual_memory_compressor", "function": "compress_memory", "line": 424}
{"timestamp": "2025-10-23T13:08:22.924528+00:00", "level": "INFO", "logger": "infrastructure.visual_memory_compressor", "message": "Memory decompressed: 2640 chars extracted", "module": "visual_memory_compressor", "function": "decompress_memory", "line": 523}
{"timestamp": "2025-10-23T13:08:22.932687+00:00", "level": "INFO", "logger": "infrastructure.visual_memory_compressor", "message": "VisualMemoryCompressor initialized", "module": "visual_memory_compressor", "function": "__init__", "line": 137}
{"timestamp": "2025-10-23T13:08:23.119298+00:00", "level": "INFO", "logger": "infrastructure.visual_memory_compressor", "message": "Memory compressed: 660 \u2192 256 tokens (2.6x)", "module": "visual_memory_compressor", "function": "compress_memory", "line": 424}
{"timestamp": "2025-10-23T13:08:23.303690+00:00", "level": "INFO", "logger": "infrastructure.visual_memory_compressor", "message": "Memory compressed: 660 \u2192 256 tokens (2.6x)", "module": "visual_memory_compressor", "function": "compress_memory", "line": 424}
{"timestamp": "2025-10-23T13:08:23.312066+00:00", "level": "INFO", "logger": "infrastructure.visual_memory_compressor", "message": "VisualMemoryCompressor initialized", "module": "visual_memory_compressor", "function": "__init__", "line": 137}
{"timestamp": "2025-10-23T13:08:23.320199+00:00", "level": "INFO", "logger": "infrastructure.visual_memory_compressor", "message": "VisualMemoryCompressor initialized", "module": "visual_memory_compressor", "function": "__init__", "line": 137}
{"timestamp": "2025-10-23T13:08:23.328448+00:00", "level": "INFO", "logger": "infrastructure.visual_memory_compressor", "message": "VisualMemoryCompressor initialized", "module": "visual_memory_compressor", "function": "__init__", "line": 137}
{"timestamp": "2025-10-23T13:08:23.336759+00:00", "level": "INFO", "logger": "infrastructure.visual_memory_compressor", "message": "VisualMemoryCompressor initialized", "module": "visual_memory_compressor", "function": "__init__", "line": 137}
{"timestamp": "2025-10-23T13:08:23.345000+00:00", "level": "INFO", "logger": "infrastructure.visual_memory_compressor", "message": "VisualMemoryCompressor initialized", "module": "visual_memory_compressor", "function": "__init__", "line": 137}
{"timestamp": "2025-10-23T13:08:23.353660+00:00", "level": "INFO", "logger": "infrastructure.visual_memory_compressor", "message": "VisualMemoryCompressor initialized", "module": "visual_memory_compressor", "function": "__init__", "line": 137}
{"timestamp": "2025-10-23T13:08:23.363834+00:00", "level": "INFO", "logger": "infrastructure.visual_memory_compressor", "message": "VisualMemoryCompressor initialized", "module": "visual_memory_compressor", "function": "__init__", "line": 137}
{"timestamp": "2025-10-23T13:08:23.372407+00:00", "level": "INFO", "logger": "infrastructure.visual_memory_compressor", "message": "VisualMemoryCompressor initialized", "module": "visual_memory_compressor", "function": "__init__", "line": 137}
{"timestamp": "2025-10-23T13:08:23.380465+00:00", "level": "INFO", "logger": "infrastructure.visual_memory_compressor", "message": "VisualMemoryCompressor initialized", "module": "visual_memory_compressor", "function": "__init__", "line": 137}
{"timestamp": "2025-10-23T13:08:23.388731+00:00", "level": "INFO", "logger": "infrastructure.visual_memory_compressor", "message": "VisualMemoryCompressor initialized", "module": "visual_memory_compressor", "function": "__init__", "line": 137}
{"timestamp": "2025-10-23T13:08:23.396773+00:00", "level": "INFO", "logger": "infrastructure.visual_memory_compressor", "message": "VisualMemoryCompressor initialized", "module": "visual_memory_compressor", "function": "__init__", "line": 137}
{"timestamp": "2025-10-23T13:08:23.398932+00:00", "level": "ERROR", "logger": "infrastructure.visual_memory_compressor", "message": "Compression failed: Image creation failed", "module": "visual_memory_compressor", "function": "compress_memory", "line": 455, "exception": "Traceback (most recent call last):\n  File \"/home/genesis/genesis-rebuild/infrastructure/visual_memory_compressor.py\", line 379, in compress_memory\n    image = await self._text_to_image(text, mode)\n            ^^^^^^^^^^^^^^^^^^^^^^^^^^^^^^^^^^^^^\n  File \"/usr/lib/python3.12/unittest/mock.py\", line 2262, in _execute_mock_call\n    raise effect\nException: Image creation failed"}
{"timestamp": "2025-10-23T13:08:23.408474+00:00", "level": "INFO", "logger": "infrastructure.visual_memory_compressor", "message": "VisualMemoryCompressor initialized", "module": "visual_memory_compressor", "function": "__init__", "line": 137}
{"timestamp": "2025-10-23T13:08:23.409736+00:00", "level": "ERROR", "logger": "infrastructure.visual_memory_compressor", "message": "Decompression failed: Invalid base64-encoded string: number of data characters (13) cannot be 1 more than a multiple of 4", "module": "visual_memory_compressor", "function": "decompress_memory", "line": 539, "exception": "Traceback (most recent call last):\n  File \"/home/genesis/genesis-rebuild/infrastructure/visual_memory_compressor.py\", line 499, in decompress_memory\n    image = self._base64_to_image(visual_encoding)\n            ^^^^^^^^^^^^^^^^^^^^^^^^^^^^^^^^^^^^^^\n  File \"/home/genesis/genesis-rebuild/infrastructure/visual_memory_compressor.py\", line 267, in _base64_to_image\n    image_data = base64.b64decode(base64_str)\n                 ^^^^^^^^^^^^^^^^^^^^^^^^^^^^\n  File \"/usr/lib/python3.12/base64.py\", line 88, in b64decode\n    return binascii.a2b_base64(s, strict_mode=validate)\n           ^^^^^^^^^^^^^^^^^^^^^^^^^^^^^^^^^^^^^^^^^^^^\nbinascii.Error: Invalid base64-encoded string: number of data characters (13) cannot be 1 more than a multiple of 4"}
{"timestamp": "2025-10-23T13:08:23.419515+00:00", "level": "INFO", "logger": "infrastructure.visual_memory_compressor", "message": "VisualMemoryCompressor initialized", "module": "visual_memory_compressor", "function": "__init__", "line": 137}
{"timestamp": "2025-10-23T13:08:23.420640+00:00", "level": "ERROR", "logger": "infrastructure.visual_memory_compressor", "message": "Decompression failed: Incorrect padding", "module": "visual_memory_compressor", "function": "decompress_memory", "line": 539, "exception": "Traceback (most recent call last):\n  File \"/home/genesis/genesis-rebuild/infrastructure/visual_memory_compressor.py\", line 499, in decompress_memory\n    image = self._base64_to_image(visual_encoding)\n            ^^^^^^^^^^^^^^^^^^^^^^^^^^^^^^^^^^^^^^\n  File \"/home/genesis/genesis-rebuild/infrastructure/visual_memory_compressor.py\", line 267, in _base64_to_image\n    image_data = base64.b64decode(base64_str)\n                 ^^^^^^^^^^^^^^^^^^^^^^^^^^^^\n  File \"/usr/lib/python3.12/base64.py\", line 88, in b64decode\n    return binascii.a2b_base64(s, strict_mode=validate)\n           ^^^^^^^^^^^^^^^^^^^^^^^^^^^^^^^^^^^^^^^^^^^^\nbinascii.Error: Incorrect padding"}
{"timestamp": "2025-10-23T13:08:23.431644+00:00", "level": "INFO", "logger": "infrastructure.visual_memory_compressor", "message": "VisualMemoryCompressor initialized", "module": "visual_memory_compressor", "function": "__init__", "line": 137}
{"timestamp": "2025-10-23T13:08:23.439806+00:00", "level": "INFO", "logger": "infrastructure.visual_memory_compressor", "message": "VisualMemoryCompressor initialized", "module": "visual_memory_compressor", "function": "__init__", "line": 137}
{"timestamp": "2025-10-23T13:08:23.621050+00:00", "level": "INFO", "logger": "infrastructure.visual_memory_compressor", "message": "Memory compressed: 660 \u2192 256 tokens (2.6x)", "module": "visual_memory_compressor", "function": "compress_memory", "line": 424}
{"timestamp": "2025-10-23T13:08:23.622608+00:00", "level": "ERROR", "logger": "infrastructure.visual_memory_compressor", "message": "Decompression failed: OCR timeout", "module": "visual_memory_compressor", "function": "decompress_memory", "line": 539, "exception": "Traceback (most recent call last):\n  File \"/home/genesis/genesis-rebuild/infrastructure/visual_memory_compressor.py\", line 502, in decompress_memory\n    text = await self._ocr_extract_text(image)\n           ^^^^^^^^^^^^^^^^^^^^^^^^^^^^^^^^^^^\n  File \"/usr/lib/python3.12/unittest/mock.py\", line 2262, in _execute_mock_call\n    raise effect\nRuntimeError: OCR timeout"}
{"timestamp": "2025-10-23T13:08:23.633149+00:00", "level": "INFO", "logger": "infrastructure.visual_memory_compressor", "message": "VisualMemoryCompressor initialized", "module": "visual_memory_compressor", "function": "__init__", "line": 137}
{"timestamp": "2025-10-23T13:08:23.640816+00:00", "level": "INFO", "logger": "infrastructure.visual_memory_compressor", "message": "VisualMemoryCompressor initialized", "module": "visual_memory_compressor", "function": "__init__", "line": 137}
{"timestamp": "2025-10-23T13:08:23.649889+00:00", "level": "INFO", "logger": "infrastructure.visual_memory_compressor", "message": "VisualMemoryCompressor initialized", "module": "visual_memory_compressor", "function": "__init__", "line": 137}
{"timestamp": "2025-10-23T13:08:23.796364+00:00", "level": "INFO", "logger": "infrastructure.visual_memory_compressor", "message": "Memory compressed: 677 \u2192 256 tokens (2.6x)", "module": "visual_memory_compressor", "function": "compress_memory", "line": 424}
{"timestamp": "2025-10-23T13:08:23.805582+00:00", "level": "INFO", "logger": "infrastructure.visual_memory_compressor", "message": "VisualMemoryCompressor initialized", "module": "visual_memory_compressor", "function": "__init__", "line": 137}
{"timestamp": "2025-10-23T13:08:23.961272+00:00", "level": "INFO", "logger": "infrastructure.visual_memory_compressor", "message": "Memory compressed: 676 \u2192 256 tokens (2.6x)", "module": "visual_memory_compressor", "function": "compress_memory", "line": 424}
{"timestamp": "2025-10-23T13:08:24.920270+00:00", "level": "INFO", "logger": "infrastructure.visual_memory_compressor", "message": "Memory decompressed: 2226 chars extracted", "module": "visual_memory_compressor", "function": "decompress_memory", "line": 523}
{"timestamp": "2025-10-23T13:08:24.932836+00:00", "level": "INFO", "logger": "infrastructure.visual_memory_compressor", "message": "VisualMemoryCompressor initialized", "module": "visual_memory_compressor", "function": "__init__", "line": 137}
{"timestamp": "2025-10-23T13:08:25.067513+00:00", "level": "INFO", "logger": "infrastructure.visual_memory_compressor", "message": "Memory compressed: 677 \u2192 256 tokens (2.6x)", "module": "visual_memory_compressor", "function": "compress_memory", "line": 424}
{"timestamp": "2025-10-23T13:08:25.069207+00:00", "level": "INFO", "logger": "infrastructure.visual_memory_compressor", "message": "Memory decompressed: 2710 chars extracted", "module": "visual_memory_compressor", "function": "decompress_memory", "line": 523}
{"timestamp": "2025-10-23T13:08:25.077974+00:00", "level": "INFO", "logger": "infrastructure.visual_memory_compressor", "message": "VisualMemoryCompressor initialized", "module": "visual_memory_compressor", "function": "__init__", "line": 137}
{"timestamp": "2025-10-23T13:08:25.232374+00:00", "level": "INFO", "logger": "infrastructure.visual_memory_compressor", "message": "Memory compressed: 676 \u2192 256 tokens (2.6x)", "module": "visual_memory_compressor", "function": "compress_memory", "line": 424}
{"timestamp": "2025-10-23T13:08:25.242525+00:00", "level": "INFO", "logger": "infrastructure.visual_memory_compressor", "message": "VisualMemoryCompressor initialized", "module": "visual_memory_compressor", "function": "__init__", "line": 137}
{"timestamp": "2025-10-23T13:08:25.391374+00:00", "level": "INFO", "logger": "infrastructure.visual_memory_compressor", "message": "Memory compressed: 676 \u2192 256 tokens (2.6x)", "module": "visual_memory_compressor", "function": "compress_memory", "line": 424}
{"timestamp": "2025-10-23T13:08:26.314539+00:00", "level": "INFO", "logger": "infrastructure.visual_memory_compressor", "message": "Memory decompressed: 2226 chars extracted", "module": "visual_memory_compressor", "function": "decompress_memory", "line": 523}
{"timestamp": "2025-10-23T13:08:26.323265+00:00", "level": "INFO", "logger": "infrastructure.visual_memory_compressor", "message": "VisualMemoryCompressor initialized", "module": "visual_memory_compressor", "function": "__init__", "line": 137}
{"timestamp": "2025-10-23T13:08:26.466550+00:00", "level": "INFO", "logger": "infrastructure.visual_memory_compressor", "message": "Memory compressed: 677 \u2192 256 tokens (2.6x)", "module": "visual_memory_compressor", "function": "compress_memory", "line": 424}
{"timestamp": "2025-10-23T13:08:26.602727+00:00", "level": "INFO", "logger": "infrastructure.visual_memory_compressor", "message": "Memory compressed: 677 \u2192 256 tokens (2.6x)", "module": "visual_memory_compressor", "function": "compress_memory", "line": 424}
{"timestamp": "2025-10-23T13:08:27.404167+00:00", "level": "INFO", "logger": "infrastructure.visual_memory_compressor", "message": "Memory decompressed: 2225 chars extracted", "module": "visual_memory_compressor", "function": "decompress_memory", "line": 523}
{"timestamp": "2025-10-23T13:08:28.318547+00:00", "level": "INFO", "logger": "infrastructure.visual_memory_compressor", "message": "Memory decompressed: 2225 chars extracted", "module": "visual_memory_compressor", "function": "decompress_memory", "line": 523}
{"timestamp": "2025-10-23T13:08:28.328215+00:00", "level": "INFO", "logger": "infrastructure.visual_memory_compressor", "message": "VisualMemoryCompressor initialized", "module": "visual_memory_compressor", "function": "__init__", "line": 137}
{"timestamp": "2025-10-23T13:08:28.476019+00:00", "level": "INFO", "logger": "infrastructure.visual_memory_compressor", "message": "Memory compressed: 676 \u2192 256 tokens (2.6x)", "module": "visual_memory_compressor", "function": "compress_memory", "line": 424}
{"timestamp": "2025-10-23T13:08:29.279655+00:00", "level": "INFO", "logger": "infrastructure.visual_memory_compressor", "message": "Memory decompressed: 2226 chars extracted", "module": "visual_memory_compressor", "function": "decompress_memory", "line": 523}
{"timestamp": "2025-10-23T13:08:30.323104+00:00", "level": "INFO", "logger": "infrastructure.visual_memory_compressor", "message": "Memory decompressed: 2226 chars extracted", "module": "visual_memory_compressor", "function": "decompress_memory", "line": 523}
{"timestamp": "2025-10-23T13:08:31.236275+00:00", "level": "INFO", "logger": "infrastructure.visual_memory_compressor", "message": "Memory decompressed: 2226 chars extracted", "module": "visual_memory_compressor", "function": "decompress_memory", "line": 523}
{"timestamp": "2025-10-23T13:08:31.249904+00:00", "level": "INFO", "logger": "infrastructure.visual_memory_compressor", "message": "VisualMemoryCompressor initialized", "module": "visual_memory_compressor", "function": "__init__", "line": 137}
{"timestamp": "2025-10-23T13:08:31.405688+00:00", "level": "INFO", "logger": "infrastructure.visual_memory_compressor", "message": "Memory compressed: 679 \u2192 256 tokens (2.7x)", "module": "visual_memory_compressor", "function": "compress_memory", "line": 424}
{"timestamp": "2025-10-23T13:08:31.417388+00:00", "level": "INFO", "logger": "infrastructure.visual_memory_compressor", "message": "VisualMemoryCompressor initialized", "module": "visual_memory_compressor", "function": "__init__", "line": 137}
{"timestamp": "2025-10-23T13:08:31.729623+00:00", "level": "INFO", "logger": "infrastructure.visual_memory_compressor", "message": "Memory compressed: 677 \u2192 256 tokens (2.6x)", "module": "visual_memory_compressor", "function": "compress_memory", "line": 424}
{"timestamp": "2025-10-23T13:08:31.825840+00:00", "level": "INFO", "logger": "infrastructure.visual_memory_compressor", "message": "Memory compressed: 677 \u2192 256 tokens (2.6x)", "module": "visual_memory_compressor", "function": "compress_memory", "line": 424}
{"timestamp": "2025-10-23T13:08:31.919348+00:00", "level": "INFO", "logger": "infrastructure.visual_memory_compressor", "message": "Memory compressed: 677 \u2192 256 tokens (2.6x)", "module": "visual_memory_compressor", "function": "compress_memory", "line": 424}
{"timestamp": "2025-10-23T13:08:32.013573+00:00", "level": "INFO", "logger": "infrastructure.visual_memory_compressor", "message": "Memory compressed: 677 \u2192 256 tokens (2.6x)", "module": "visual_memory_compressor", "function": "compress_memory", "line": 424}
{"timestamp": "2025-10-23T13:08:32.104467+00:00", "level": "INFO", "logger": "infrastructure.visual_memory_compressor", "message": "Memory compressed: 677 \u2192 256 tokens (2.6x)", "module": "visual_memory_compressor", "function": "compress_memory", "line": 424}
{"timestamp": "2025-10-23T13:08:32.117749+00:00", "level": "INFO", "logger": "infrastructure.visual_memory_compressor", "message": "VisualMemoryCompressor initialized", "module": "visual_memory_compressor", "function": "__init__", "line": 137}
{"timestamp": "2025-10-23T13:08:32.296991+00:00", "level": "INFO", "logger": "infrastructure.visual_memory_compressor", "message": "Memory compressed: 660 \u2192 256 tokens (2.6x)", "module": "visual_memory_compressor", "function": "compress_memory", "line": 424}
{"timestamp": "2025-10-23T13:08:32.305545+00:00", "level": "INFO", "logger": "infrastructure.visual_memory_compressor", "message": "VisualMemoryCompressor initialized", "module": "visual_memory_compressor", "function": "__init__", "line": 137}
{"timestamp": "2025-10-23T13:08:32.503644+00:00", "level": "INFO", "logger": "infrastructure.visual_memory_compressor", "message": "Memory compressed: 660 \u2192 256 tokens (2.6x)", "module": "visual_memory_compressor", "function": "compress_memory", "line": 424}
{"timestamp": "2025-10-23T13:08:32.512448+00:00", "level": "INFO", "logger": "infrastructure.visual_memory_compressor", "message": "VisualMemoryCompressor initialized", "module": "visual_memory_compressor", "function": "__init__", "line": 137}
{"timestamp": "2025-10-23T13:08:32.689817+00:00", "level": "INFO", "logger": "infrastructure.visual_memory_compressor", "message": "Memory compressed: 660 \u2192 256 tokens (2.6x)", "module": "visual_memory_compressor", "function": "compress_memory", "line": 424}
{"timestamp": "2025-10-23T13:08:32.690961+00:00", "level": "INFO", "logger": "infrastructure.visual_memory_compressor", "message": "Memory decompressed: 2640 chars extracted", "module": "visual_memory_compressor", "function": "decompress_memory", "line": 523}
{"timestamp": "2025-10-23T13:08:32.699351+00:00", "level": "INFO", "logger": "infrastructure.visual_memory_compressor", "message": "VisualMemoryCompressor initialized", "module": "visual_memory_compressor", "function": "__init__", "line": 137}
{"timestamp": "2025-10-23T13:08:32.890287+00:00", "level": "INFO", "logger": "infrastructure.visual_memory_compressor", "message": "Memory compressed: 660 \u2192 256 tokens (2.6x)", "module": "visual_memory_compressor", "function": "compress_memory", "line": 424}
{"timestamp": "2025-10-23T13:08:32.899169+00:00", "level": "INFO", "logger": "infrastructure.visual_memory_compressor", "message": "VisualMemoryCompressor initialized", "module": "visual_memory_compressor", "function": "__init__", "line": 137}
{"timestamp": "2025-10-23T13:08:33.104961+00:00", "level": "INFO", "logger": "infrastructure.visual_memory_compressor", "message": "Memory compressed: 660 \u2192 256 tokens (2.6x)", "module": "visual_memory_compressor", "function": "compress_memory", "line": 424}
{"timestamp": "2025-10-23T13:08:33.113694+00:00", "level": "INFO", "logger": "infrastructure.visual_memory_compressor", "message": "VisualMemoryCompressor initialized", "module": "visual_memory_compressor", "function": "__init__", "line": 137}
{"timestamp": "2025-10-23T13:08:33.115248+00:00", "level": "ERROR", "logger": "infrastructure.visual_memory_compressor", "message": "Compression failed: Test error", "module": "visual_memory_compressor", "function": "compress_memory", "line": 455, "exception": "Traceback (most recent call last):\n  File \"/home/genesis/genesis-rebuild/infrastructure/visual_memory_compressor.py\", line 379, in compress_memory\n    image = await self._text_to_image(text, mode)\n            ^^^^^^^^^^^^^^^^^^^^^^^^^^^^^^^^^^^^^\n  File \"/usr/lib/python3.12/unittest/mock.py\", line 2262, in _execute_mock_call\n    raise effect\nException: Test error"}
{"timestamp": "2025-10-23T13:08:33.124593+00:00", "level": "INFO", "logger": "infrastructure.visual_memory_compressor", "message": "VisualMemoryCompressor initialized", "module": "visual_memory_compressor", "function": "__init__", "line": 137}
{"timestamp": "2025-10-23T13:08:33.308637+00:00", "level": "INFO", "logger": "infrastructure.visual_memory_compressor", "message": "Memory compressed: 660 \u2192 256 tokens (2.6x)", "module": "visual_memory_compressor", "function": "compress_memory", "line": 424}
{"timestamp": "2025-10-23T13:08:33.317061+00:00", "level": "INFO", "logger": "infrastructure.visual_memory_compressor", "message": "VisualMemoryCompressor initialized", "module": "visual_memory_compressor", "function": "__init__", "line": 137}
{"timestamp": "2025-10-23T13:08:33.491962+00:00", "level": "INFO", "logger": "infrastructure.visual_memory_compressor", "message": "Memory compressed: 660 \u2192 256 tokens (2.6x)", "module": "visual_memory_compressor", "function": "compress_memory", "line": 424}
{"timestamp": "2025-10-23T13:08:33.502865+00:00", "level": "INFO", "logger": "infrastructure.visual_memory_compressor", "message": "VisualMemoryCompressor initialized", "module": "visual_memory_compressor", "function": "__init__", "line": 137}
{"timestamp": "2025-10-23T13:08:33.513488+00:00", "level": "INFO", "logger": "infrastructure.visual_memory_compressor", "message": "VisualMemoryCompressor initialized", "module": "visual_memory_compressor", "function": "__init__", "line": 137}
{"timestamp": "2025-10-23T13:08:33.527924+00:00", "level": "INFO", "logger": "infrastructure.visual_memory_compressor", "message": "VisualMemoryCompressor initialized", "module": "visual_memory_compressor", "function": "__init__", "line": 137}
{"timestamp": "2025-10-23T13:08:33.730990+00:00", "level": "INFO", "logger": "infrastructure.visual_memory_compressor", "message": "Memory compressed: 660 \u2192 256 tokens (2.6x)", "module": "visual_memory_compressor", "function": "compress_memory", "line": 424}
{"timestamp": "2025-10-23T13:08:33.866835+00:00", "level": "INFO", "logger": "infrastructure.visual_memory_compressor", "message": "Memory compressed: 660 \u2192 100 tokens (6.6x)", "module": "visual_memory_compressor", "function": "compress_memory", "line": 424}
{"timestamp": "2025-10-23T13:08:33.993979+00:00", "level": "INFO", "logger": "infrastructure.visual_memory_compressor", "message": "Memory compressed: 660 \u2192 64 tokens (10.3x)", "module": "visual_memory_compressor", "function": "compress_memory", "line": 424}
{"timestamp": "2025-10-23T13:08:34.005177+00:00", "level": "INFO", "logger": "infrastructure.visual_memory_compressor", "message": "VisualMemoryCompressor initialized", "module": "visual_memory_compressor", "function": "__init__", "line": 137}
{"timestamp": "2025-10-23T13:08:34.580628+00:00", "level": "INFO", "logger": "infrastructure.visual_memory_compressor", "message": "Memory compressed: 237 \u2192 256 tokens (0.9x)", "module": "visual_memory_compressor", "function": "compress_memory", "line": 424}
{"timestamp": "2025-10-23T13:08:35.078260+00:00", "level": "INFO", "logger": "infrastructure.visual_memory_compressor", "message": "Memory compressed: 237 \u2192 256 tokens (0.9x)", "module": "visual_memory_compressor", "function": "compress_memory", "line": 424}
{"timestamp": "2025-10-23T13:08:35.275260+00:00", "level": "INFO", "logger": "infrastructure.visual_memory_compressor", "message": "Memory compressed: 237 \u2192 256 tokens (0.9x)", "module": "visual_memory_compressor", "function": "compress_memory", "line": 424}
{"timestamp": "2025-10-23T13:08:35.830984+00:00", "level": "INFO", "logger": "infrastructure.visual_memory_compressor", "message": "Memory compressed: 237 \u2192 256 tokens (0.9x)", "module": "visual_memory_compressor", "function": "compress_memory", "line": 424}
{"timestamp": "2025-10-23T13:08:35.955040+00:00", "level": "INFO", "logger": "infrastructure.visual_memory_compressor", "message": "Memory compressed: 237 \u2192 256 tokens (0.9x)", "module": "visual_memory_compressor", "function": "compress_memory", "line": 424}
{"timestamp": "2025-10-23T13:08:35.994927+00:00", "level": "INFO", "logger": "infrastructure.visual_memory_compressor", "message": "Memory compressed: 237 \u2192 256 tokens (0.9x)", "module": "visual_memory_compressor", "function": "compress_memory", "line": 424}
{"timestamp": "2025-10-23T13:08:36.023589+00:00", "level": "INFO", "logger": "infrastructure.visual_memory_compressor", "message": "Memory compressed: 237 \u2192 256 tokens (0.9x)", "module": "visual_memory_compressor", "function": "compress_memory", "line": 424}
{"timestamp": "2025-10-23T13:08:36.047402+00:00", "level": "INFO", "logger": "infrastructure.visual_memory_compressor", "message": "Memory compressed: 237 \u2192 256 tokens (0.9x)", "module": "visual_memory_compressor", "function": "compress_memory", "line": 424}
{"timestamp": "2025-10-23T13:08:36.072203+00:00", "level": "INFO", "logger": "infrastructure.visual_memory_compressor", "message": "Memory compressed: 237 \u2192 256 tokens (0.9x)", "module": "visual_memory_compressor", "function": "compress_memory", "line": 424}
{"timestamp": "2025-10-23T13:08:36.096200+00:00", "level": "INFO", "logger": "infrastructure.visual_memory_compressor", "message": "Memory compressed: 237 \u2192 256 tokens (0.9x)", "module": "visual_memory_compressor", "function": "compress_memory", "line": 424}
{"timestamp": "2025-10-23T13:08:36.120473+00:00", "level": "INFO", "logger": "infrastructure.visual_memory_compressor", "message": "Memory compressed: 237 \u2192 256 tokens (0.9x)", "module": "visual_memory_compressor", "function": "compress_memory", "line": 424}
{"timestamp": "2025-10-23T13:08:36.144390+00:00", "level": "INFO", "logger": "infrastructure.visual_memory_compressor", "message": "Memory compressed: 237 \u2192 256 tokens (0.9x)", "module": "visual_memory_compressor", "function": "compress_memory", "line": 424}
{"timestamp": "2025-10-23T13:08:36.168347+00:00", "level": "INFO", "logger": "infrastructure.visual_memory_compressor", "message": "Memory compressed: 237 \u2192 256 tokens (0.9x)", "module": "visual_memory_compressor", "function": "compress_memory", "line": 424}
{"timestamp": "2025-10-23T13:08:36.192102+00:00", "level": "INFO", "logger": "infrastructure.visual_memory_compressor", "message": "Memory compressed: 237 \u2192 256 tokens (0.9x)", "module": "visual_memory_compressor", "function": "compress_memory", "line": 424}
{"timestamp": "2025-10-23T13:08:36.215891+00:00", "level": "INFO", "logger": "infrastructure.visual_memory_compressor", "message": "Memory compressed: 237 \u2192 256 tokens (0.9x)", "module": "visual_memory_compressor", "function": "compress_memory", "line": 424}
{"timestamp": "2025-10-23T13:08:36.239432+00:00", "level": "INFO", "logger": "infrastructure.visual_memory_compressor", "message": "Memory compressed: 237 \u2192 256 tokens (0.9x)", "module": "visual_memory_compressor", "function": "compress_memory", "line": 424}
{"timestamp": "2025-10-23T13:08:36.264703+00:00", "level": "INFO", "logger": "infrastructure.visual_memory_compressor", "message": "Memory compressed: 237 \u2192 256 tokens (0.9x)", "module": "visual_memory_compressor", "function": "compress_memory", "line": 424}
{"timestamp": "2025-10-23T13:08:36.289379+00:00", "level": "INFO", "logger": "infrastructure.visual_memory_compressor", "message": "Memory compressed: 237 \u2192 256 tokens (0.9x)", "module": "visual_memory_compressor", "function": "compress_memory", "line": 424}
{"timestamp": "2025-10-23T13:08:36.313147+00:00", "level": "INFO", "logger": "infrastructure.visual_memory_compressor", "message": "Memory compressed: 237 \u2192 256 tokens (0.9x)", "module": "visual_memory_compressor", "function": "compress_memory", "line": 424}
{"timestamp": "2025-10-23T13:08:36.336851+00:00", "level": "INFO", "logger": "infrastructure.visual_memory_compressor", "message": "Memory compressed: 237 \u2192 256 tokens (0.9x)", "module": "visual_memory_compressor", "function": "compress_memory", "line": 424}
{"timestamp": "2025-10-23T13:08:36.360725+00:00", "level": "INFO", "logger": "infrastructure.visual_memory_compressor", "message": "Memory compressed: 237 \u2192 256 tokens (0.9x)", "module": "visual_memory_compressor", "function": "compress_memory", "line": 424}
{"timestamp": "2025-10-23T13:08:36.385486+00:00", "level": "INFO", "logger": "infrastructure.visual_memory_compressor", "message": "Memory compressed: 237 \u2192 256 tokens (0.9x)", "module": "visual_memory_compressor", "function": "compress_memory", "line": 424}
{"timestamp": "2025-10-23T13:08:36.409618+00:00", "level": "INFO", "logger": "infrastructure.visual_memory_compressor", "message": "Memory compressed: 237 \u2192 256 tokens (0.9x)", "module": "visual_memory_compressor", "function": "compress_memory", "line": 424}
{"timestamp": "2025-10-23T13:08:36.433770+00:00", "level": "INFO", "logger": "infrastructure.visual_memory_compressor", "message": "Memory compressed: 237 \u2192 256 tokens (0.9x)", "module": "visual_memory_compressor", "function": "compress_memory", "line": 424}
{"timestamp": "2025-10-23T13:08:36.458103+00:00", "level": "INFO", "logger": "infrastructure.visual_memory_compressor", "message": "Memory compressed: 237 \u2192 256 tokens (0.9x)", "module": "visual_memory_compressor", "function": "compress_memory", "line": 424}
{"timestamp": "2025-10-23T13:08:36.483686+00:00", "level": "INFO", "logger": "infrastructure.visual_memory_compressor", "message": "Memory compressed: 237 \u2192 256 tokens (0.9x)", "module": "visual_memory_compressor", "function": "compress_memory", "line": 424}
{"timestamp": "2025-10-23T13:08:36.508841+00:00", "level": "INFO", "logger": "infrastructure.visual_memory_compressor", "message": "Memory compressed: 237 \u2192 256 tokens (0.9x)", "module": "visual_memory_compressor", "function": "compress_memory", "line": 424}
{"timestamp": "2025-10-23T13:08:36.534739+00:00", "level": "INFO", "logger": "infrastructure.visual_memory_compressor", "message": "Memory compressed: 237 \u2192 256 tokens (0.9x)", "module": "visual_memory_compressor", "function": "compress_memory", "line": 424}
{"timestamp": "2025-10-23T13:08:36.559116+00:00", "level": "INFO", "logger": "infrastructure.visual_memory_compressor", "message": "Memory compressed: 237 \u2192 256 tokens (0.9x)", "module": "visual_memory_compressor", "function": "compress_memory", "line": 424}
{"timestamp": "2025-10-23T13:08:36.583324+00:00", "level": "INFO", "logger": "infrastructure.visual_memory_compressor", "message": "Memory compressed: 237 \u2192 256 tokens (0.9x)", "module": "visual_memory_compressor", "function": "compress_memory", "line": 424}
{"timestamp": "2025-10-23T13:08:36.607097+00:00", "level": "INFO", "logger": "infrastructure.visual_memory_compressor", "message": "Memory compressed: 237 \u2192 256 tokens (0.9x)", "module": "visual_memory_compressor", "function": "compress_memory", "line": 424}
{"timestamp": "2025-10-23T13:08:36.631037+00:00", "level": "INFO", "logger": "infrastructure.visual_memory_compressor", "message": "Memory compressed: 237 \u2192 256 tokens (0.9x)", "module": "visual_memory_compressor", "function": "compress_memory", "line": 424}
{"timestamp": "2025-10-23T13:08:36.654959+00:00", "level": "INFO", "logger": "infrastructure.visual_memory_compressor", "message": "Memory compressed: 237 \u2192 256 tokens (0.9x)", "module": "visual_memory_compressor", "function": "compress_memory", "line": 424}
{"timestamp": "2025-10-23T13:08:36.679094+00:00", "level": "INFO", "logger": "infrastructure.visual_memory_compressor", "message": "Memory compressed: 237 \u2192 256 tokens (0.9x)", "module": "visual_memory_compressor", "function": "compress_memory", "line": 424}
{"timestamp": "2025-10-23T13:08:36.703458+00:00", "level": "INFO", "logger": "infrastructure.visual_memory_compressor", "message": "Memory compressed: 237 \u2192 256 tokens (0.9x)", "module": "visual_memory_compressor", "function": "compress_memory", "line": 424}
{"timestamp": "2025-10-23T13:08:36.727725+00:00", "level": "INFO", "logger": "infrastructure.visual_memory_compressor", "message": "Memory compressed: 237 \u2192 256 tokens (0.9x)", "module": "visual_memory_compressor", "function": "compress_memory", "line": 424}
{"timestamp": "2025-10-23T13:08:36.751865+00:00", "level": "INFO", "logger": "infrastructure.visual_memory_compressor", "message": "Memory compressed: 237 \u2192 256 tokens (0.9x)", "module": "visual_memory_compressor", "function": "compress_memory", "line": 424}
{"timestamp": "2025-10-23T13:08:36.778542+00:00", "level": "INFO", "logger": "infrastructure.visual_memory_compressor", "message": "Memory compressed: 237 \u2192 256 tokens (0.9x)", "module": "visual_memory_compressor", "function": "compress_memory", "line": 424}
{"timestamp": "2025-10-23T13:08:36.803494+00:00", "level": "INFO", "logger": "infrastructure.visual_memory_compressor", "message": "Memory compressed: 237 \u2192 256 tokens (0.9x)", "module": "visual_memory_compressor", "function": "compress_memory", "line": 424}
{"timestamp": "2025-10-23T13:08:36.827826+00:00", "level": "INFO", "logger": "infrastructure.visual_memory_compressor", "message": "Memory compressed: 237 \u2192 256 tokens (0.9x)", "module": "visual_memory_compressor", "function": "compress_memory", "line": 424}
{"timestamp": "2025-10-23T13:08:36.851397+00:00", "level": "INFO", "logger": "infrastructure.visual_memory_compressor", "message": "Memory compressed: 237 \u2192 256 tokens (0.9x)", "module": "visual_memory_compressor", "function": "compress_memory", "line": 424}
{"timestamp": "2025-10-23T13:08:36.875064+00:00", "level": "INFO", "logger": "infrastructure.visual_memory_compressor", "message": "Memory compressed: 237 \u2192 256 tokens (0.9x)", "module": "visual_memory_compressor", "function": "compress_memory", "line": 424}
{"timestamp": "2025-10-23T13:08:36.899119+00:00", "level": "INFO", "logger": "infrastructure.visual_memory_compressor", "message": "Memory compressed: 237 \u2192 256 tokens (0.9x)", "module": "visual_memory_compressor", "function": "compress_memory", "line": 424}
{"timestamp": "2025-10-23T13:08:36.922916+00:00", "level": "INFO", "logger": "infrastructure.visual_memory_compressor", "message": "Memory compressed: 237 \u2192 256 tokens (0.9x)", "module": "visual_memory_compressor", "function": "compress_memory", "line": 424}
{"timestamp": "2025-10-23T13:08:36.948170+00:00", "level": "INFO", "logger": "infrastructure.visual_memory_compressor", "message": "Memory compressed: 237 \u2192 256 tokens (0.9x)", "module": "visual_memory_compressor", "function": "compress_memory", "line": 424}
{"timestamp": "2025-10-23T13:08:36.972451+00:00", "level": "INFO", "logger": "infrastructure.visual_memory_compressor", "message": "Memory compressed: 237 \u2192 256 tokens (0.9x)", "module": "visual_memory_compressor", "function": "compress_memory", "line": 424}
{"timestamp": "2025-10-23T13:08:36.996003+00:00", "level": "INFO", "logger": "infrastructure.visual_memory_compressor", "message": "Memory compressed: 237 \u2192 256 tokens (0.9x)", "module": "visual_memory_compressor", "function": "compress_memory", "line": 424}
{"timestamp": "2025-10-23T13:08:37.019973+00:00", "level": "INFO", "logger": "infrastructure.visual_memory_compressor", "message": "Memory compressed: 237 \u2192 256 tokens (0.9x)", "module": "visual_memory_compressor", "function": "compress_memory", "line": 424}
{"timestamp": "2025-10-23T13:08:37.044059+00:00", "level": "INFO", "logger": "infrastructure.visual_memory_compressor", "message": "Memory compressed: 237 \u2192 256 tokens (0.9x)", "module": "visual_memory_compressor", "function": "compress_memory", "line": 424}
{"timestamp": "2025-10-23T13:08:37.069016+00:00", "level": "INFO", "logger": "infrastructure.visual_memory_compressor", "message": "Memory compressed: 237 \u2192 256 tokens (0.9x)", "module": "visual_memory_compressor", "function": "compress_memory", "line": 424}
{"timestamp": "2025-10-23T13:08:37.096007+00:00", "level": "INFO", "logger": "infrastructure.visual_memory_compressor", "message": "Memory compressed: 237 \u2192 256 tokens (0.9x)", "module": "visual_memory_compressor", "function": "compress_memory", "line": 424}
{"timestamp": "2025-10-23T13:08:37.120859+00:00", "level": "INFO", "logger": "infrastructure.visual_memory_compressor", "message": "Memory compressed: 237 \u2192 256 tokens (0.9x)", "module": "visual_memory_compressor", "function": "compress_memory", "line": 424}
{"timestamp": "2025-10-23T13:08:37.146329+00:00", "level": "INFO", "logger": "infrastructure.visual_memory_compressor", "message": "Memory compressed: 237 \u2192 256 tokens (0.9x)", "module": "visual_memory_compressor", "function": "compress_memory", "line": 424}
{"timestamp": "2025-10-23T13:08:37.170760+00:00", "level": "INFO", "logger": "infrastructure.visual_memory_compressor", "message": "Memory compressed: 237 \u2192 256 tokens (0.9x)", "module": "visual_memory_compressor", "function": "compress_memory", "line": 424}
{"timestamp": "2025-10-23T13:08:37.195424+00:00", "level": "INFO", "logger": "infrastructure.visual_memory_compressor", "message": "Memory compressed: 237 \u2192 256 tokens (0.9x)", "module": "visual_memory_compressor", "function": "compress_memory", "line": 424}
{"timestamp": "2025-10-23T13:08:37.219978+00:00", "level": "INFO", "logger": "infrastructure.visual_memory_compressor", "message": "Memory compressed: 237 \u2192 256 tokens (0.9x)", "module": "visual_memory_compressor", "function": "compress_memory", "line": 424}
{"timestamp": "2025-10-23T13:08:37.244047+00:00", "level": "INFO", "logger": "infrastructure.visual_memory_compressor", "message": "Memory compressed: 237 \u2192 256 tokens (0.9x)", "module": "visual_memory_compressor", "function": "compress_memory", "line": 424}
{"timestamp": "2025-10-23T13:08:37.268236+00:00", "level": "INFO", "logger": "infrastructure.visual_memory_compressor", "message": "Memory compressed: 237 \u2192 256 tokens (0.9x)", "module": "visual_memory_compressor", "function": "compress_memory", "line": 424}
{"timestamp": "2025-10-23T13:08:37.292463+00:00", "level": "INFO", "logger": "infrastructure.visual_memory_compressor", "message": "Memory compressed: 237 \u2192 256 tokens (0.9x)", "module": "visual_memory_compressor", "function": "compress_memory", "line": 424}
{"timestamp": "2025-10-23T13:08:37.316487+00:00", "level": "INFO", "logger": "infrastructure.visual_memory_compressor", "message": "Memory compressed: 237 \u2192 256 tokens (0.9x)", "module": "visual_memory_compressor", "function": "compress_memory", "line": 424}
{"timestamp": "2025-10-23T13:08:37.340545+00:00", "level": "INFO", "logger": "infrastructure.visual_memory_compressor", "message": "Memory compressed: 237 \u2192 256 tokens (0.9x)", "module": "visual_memory_compressor", "function": "compress_memory", "line": 424}
{"timestamp": "2025-10-23T13:08:37.364405+00:00", "level": "INFO", "logger": "infrastructure.visual_memory_compressor", "message": "Memory compressed: 237 \u2192 256 tokens (0.9x)", "module": "visual_memory_compressor", "function": "compress_memory", "line": 424}
{"timestamp": "2025-10-23T13:08:37.388213+00:00", "level": "INFO", "logger": "infrastructure.visual_memory_compressor", "message": "Memory compressed: 237 \u2192 256 tokens (0.9x)", "module": "visual_memory_compressor", "function": "compress_memory", "line": 424}
{"timestamp": "2025-10-23T13:08:37.412182+00:00", "level": "INFO", "logger": "infrastructure.visual_memory_compressor", "message": "Memory compressed: 237 \u2192 256 tokens (0.9x)", "module": "visual_memory_compressor", "function": "compress_memory", "line": 424}
{"timestamp": "2025-10-23T13:08:37.436235+00:00", "level": "INFO", "logger": "infrastructure.visual_memory_compressor", "message": "Memory compressed: 237 \u2192 256 tokens (0.9x)", "module": "visual_memory_compressor", "function": "compress_memory", "line": 424}
{"timestamp": "2025-10-23T13:08:37.461105+00:00", "level": "INFO", "logger": "infrastructure.visual_memory_compressor", "message": "Memory compressed: 237 \u2192 256 tokens (0.9x)", "module": "visual_memory_compressor", "function": "compress_memory", "line": 424}
{"timestamp": "2025-10-23T13:08:37.485190+00:00", "level": "INFO", "logger": "infrastructure.visual_memory_compressor", "message": "Memory compressed: 237 \u2192 256 tokens (0.9x)", "module": "visual_memory_compressor", "function": "compress_memory", "line": 424}
{"timestamp": "2025-10-23T13:08:37.509050+00:00", "level": "INFO", "logger": "infrastructure.visual_memory_compressor", "message": "Memory compressed: 237 \u2192 256 tokens (0.9x)", "module": "visual_memory_compressor", "function": "compress_memory", "line": 424}
{"timestamp": "2025-10-23T13:08:37.533711+00:00", "level": "INFO", "logger": "infrastructure.visual_memory_compressor", "message": "Memory compressed: 237 \u2192 256 tokens (0.9x)", "module": "visual_memory_compressor", "function": "compress_memory", "line": 424}
{"timestamp": "2025-10-23T13:08:37.557382+00:00", "level": "INFO", "logger": "infrastructure.visual_memory_compressor", "message": "Memory compressed: 237 \u2192 256 tokens (0.9x)", "module": "visual_memory_compressor", "function": "compress_memory", "line": 424}
{"timestamp": "2025-10-23T13:08:37.581350+00:00", "level": "INFO", "logger": "infrastructure.visual_memory_compressor", "message": "Memory compressed: 237 \u2192 256 tokens (0.9x)", "module": "visual_memory_compressor", "function": "compress_memory", "line": 424}
{"timestamp": "2025-10-23T13:08:37.605284+00:00", "level": "INFO", "logger": "infrastructure.visual_memory_compressor", "message": "Memory compressed: 237 \u2192 256 tokens (0.9x)", "module": "visual_memory_compressor", "function": "compress_memory", "line": 424}
{"timestamp": "2025-10-23T13:08:37.629416+00:00", "level": "INFO", "logger": "infrastructure.visual_memory_compressor", "message": "Memory compressed: 237 \u2192 256 tokens (0.9x)", "module": "visual_memory_compressor", "function": "compress_memory", "line": 424}
{"timestamp": "2025-10-23T13:08:37.653109+00:00", "level": "INFO", "logger": "infrastructure.visual_memory_compressor", "message": "Memory compressed: 237 \u2192 256 tokens (0.9x)", "module": "visual_memory_compressor", "function": "compress_memory", "line": 424}
{"timestamp": "2025-10-23T13:08:37.676858+00:00", "level": "INFO", "logger": "infrastructure.visual_memory_compressor", "message": "Memory compressed: 237 \u2192 256 tokens (0.9x)", "module": "visual_memory_compressor", "function": "compress_memory", "line": 424}
{"timestamp": "2025-10-23T13:08:37.700607+00:00", "level": "INFO", "logger": "infrastructure.visual_memory_compressor", "message": "Memory compressed: 237 \u2192 256 tokens (0.9x)", "module": "visual_memory_compressor", "function": "compress_memory", "line": 424}
{"timestamp": "2025-10-23T13:08:37.724498+00:00", "level": "INFO", "logger": "infrastructure.visual_memory_compressor", "message": "Memory compressed: 237 \u2192 256 tokens (0.9x)", "module": "visual_memory_compressor", "function": "compress_memory", "line": 424}
{"timestamp": "2025-10-23T13:08:37.748446+00:00", "level": "INFO", "logger": "infrastructure.visual_memory_compressor", "message": "Memory compressed: 237 \u2192 256 tokens (0.9x)", "module": "visual_memory_compressor", "function": "compress_memory", "line": 424}
{"timestamp": "2025-10-23T13:08:37.772113+00:00", "level": "INFO", "logger": "infrastructure.visual_memory_compressor", "message": "Memory compressed: 237 \u2192 256 tokens (0.9x)", "module": "visual_memory_compressor", "function": "compress_memory", "line": 424}
{"timestamp": "2025-10-23T13:08:37.795880+00:00", "level": "INFO", "logger": "infrastructure.visual_memory_compressor", "message": "Memory compressed: 237 \u2192 256 tokens (0.9x)", "module": "visual_memory_compressor", "function": "compress_memory", "line": 424}
{"timestamp": "2025-10-23T13:08:37.819972+00:00", "level": "INFO", "logger": "infrastructure.visual_memory_compressor", "message": "Memory compressed: 237 \u2192 256 tokens (0.9x)", "module": "visual_memory_compressor", "function": "compress_memory", "line": 424}
{"timestamp": "2025-10-23T13:08:37.844508+00:00", "level": "INFO", "logger": "infrastructure.visual_memory_compressor", "message": "Memory compressed: 237 \u2192 256 tokens (0.9x)", "module": "visual_memory_compressor", "function": "compress_memory", "line": 424}
{"timestamp": "2025-10-23T13:08:37.869851+00:00", "level": "INFO", "logger": "infrastructure.visual_memory_compressor", "message": "Memory compressed: 237 \u2192 256 tokens (0.9x)", "module": "visual_memory_compressor", "function": "compress_memory", "line": 424}
{"timestamp": "2025-10-23T13:08:37.894258+00:00", "level": "INFO", "logger": "infrastructure.visual_memory_compressor", "message": "Memory compressed: 237 \u2192 256 tokens (0.9x)", "module": "visual_memory_compressor", "function": "compress_memory", "line": 424}
{"timestamp": "2025-10-23T13:08:37.918557+00:00", "level": "INFO", "logger": "infrastructure.visual_memory_compressor", "message": "Memory compressed: 237 \u2192 256 tokens (0.9x)", "module": "visual_memory_compressor", "function": "compress_memory", "line": 424}
{"timestamp": "2025-10-23T13:08:37.942531+00:00", "level": "INFO", "logger": "infrastructure.visual_memory_compressor", "message": "Memory compressed: 237 \u2192 256 tokens (0.9x)", "module": "visual_memory_compressor", "function": "compress_memory", "line": 424}
{"timestamp": "2025-10-23T13:08:37.967963+00:00", "level": "INFO", "logger": "infrastructure.visual_memory_compressor", "message": "Memory compressed: 237 \u2192 256 tokens (0.9x)", "module": "visual_memory_compressor", "function": "compress_memory", "line": 424}
{"timestamp": "2025-10-23T13:08:37.996003+00:00", "level": "INFO", "logger": "infrastructure.visual_memory_compressor", "message": "Memory compressed: 237 \u2192 256 tokens (0.9x)", "module": "visual_memory_compressor", "function": "compress_memory", "line": 424}
{"timestamp": "2025-10-23T13:08:38.021248+00:00", "level": "INFO", "logger": "infrastructure.visual_memory_compressor", "message": "Memory compressed: 237 \u2192 256 tokens (0.9x)", "module": "visual_memory_compressor", "function": "compress_memory", "line": 424}
{"timestamp": "2025-10-23T13:08:38.044806+00:00", "level": "INFO", "logger": "infrastructure.visual_memory_compressor", "message": "Memory compressed: 237 \u2192 256 tokens (0.9x)", "module": "visual_memory_compressor", "function": "compress_memory", "line": 424}
{"timestamp": "2025-10-23T13:08:38.068458+00:00", "level": "INFO", "logger": "infrastructure.visual_memory_compressor", "message": "Memory compressed: 237 \u2192 256 tokens (0.9x)", "module": "visual_memory_compressor", "function": "compress_memory", "line": 424}
{"timestamp": "2025-10-23T13:08:38.092104+00:00", "level": "INFO", "logger": "infrastructure.visual_memory_compressor", "message": "Memory compressed: 237 \u2192 256 tokens (0.9x)", "module": "visual_memory_compressor", "function": "compress_memory", "line": 424}
{"timestamp": "2025-10-23T13:08:38.115687+00:00", "level": "INFO", "logger": "infrastructure.visual_memory_compressor", "message": "Memory compressed: 237 \u2192 256 tokens (0.9x)", "module": "visual_memory_compressor", "function": "compress_memory", "line": 424}
{"timestamp": "2025-10-23T13:08:38.139502+00:00", "level": "INFO", "logger": "infrastructure.visual_memory_compressor", "message": "Memory compressed: 237 \u2192 256 tokens (0.9x)", "module": "visual_memory_compressor", "function": "compress_memory", "line": 424}
{"timestamp": "2025-10-23T13:08:38.163379+00:00", "level": "INFO", "logger": "infrastructure.visual_memory_compressor", "message": "Memory compressed: 237 \u2192 256 tokens (0.9x)", "module": "visual_memory_compressor", "function": "compress_memory", "line": 424}
{"timestamp": "2025-10-23T13:08:38.187298+00:00", "level": "INFO", "logger": "infrastructure.visual_memory_compressor", "message": "Memory compressed: 237 \u2192 256 tokens (0.9x)", "module": "visual_memory_compressor", "function": "compress_memory", "line": 424}
{"timestamp": "2025-10-23T13:08:38.210965+00:00", "level": "INFO", "logger": "infrastructure.visual_memory_compressor", "message": "Memory compressed: 237 \u2192 256 tokens (0.9x)", "module": "visual_memory_compressor", "function": "compress_memory", "line": 424}
{"timestamp": "2025-10-23T13:08:38.234843+00:00", "level": "INFO", "logger": "infrastructure.visual_memory_compressor", "message": "Memory compressed: 237 \u2192 256 tokens (0.9x)", "module": "visual_memory_compressor", "function": "compress_memory", "line": 424}
{"timestamp": "2025-10-23T13:08:38.258499+00:00", "level": "INFO", "logger": "infrastructure.visual_memory_compressor", "message": "Memory compressed: 237 \u2192 256 tokens (0.9x)", "module": "visual_memory_compressor", "function": "compress_memory", "line": 424}
{"timestamp": "2025-10-23T13:08:38.282593+00:00", "level": "INFO", "logger": "infrastructure.visual_memory_compressor", "message": "Memory compressed: 237 \u2192 256 tokens (0.9x)", "module": "visual_memory_compressor", "function": "compress_memory", "line": 424}
{"timestamp": "2025-10-23T13:08:38.294172+00:00", "level": "INFO", "logger": "infrastructure.visual_memory_compressor", "message": "VisualMemoryCompressor initialized", "module": "visual_memory_compressor", "function": "__init__", "line": 137}
{"timestamp": "2025-10-23T13:08:38.322438+00:00", "level": "INFO", "logger": "infrastructure.visual_memory_compressor", "message": "Memory compressed: 125 \u2192 256 tokens (0.5x)", "module": "visual_memory_compressor", "function": "compress_memory", "line": 424}
