2025-10-22 21:57:01,944 - ============================================================
2025-10-22 21:57:01,944 - PRODUCTION METRICS EXPORTER STARTED
2025-10-22 21:57:01,944 - Running on host (not in container)
2025-10-22 21:57:01,944 - Port: 8000
2025-10-22 21:57:01,945 - ============================================================
2025-10-22 21:57:01,946 - ✅ Prometheus endpoint ready at http://localhost:8000/metrics
2025-10-22 21:57:01,946 - 
============================================================
2025-10-22 21:57:01,946 - ITERATION 1
2025-10-22 21:57:01,946 - ============================================================
2025-10-22 21:57:01,946 - Running WaltzRL unit tests...
2025-10-22 21:57:03,178 - ✅ WaltzRL: 50/50 passing (100.0%)
2025-10-22 21:57:03,178 - Sleeping 60 seconds until next run...
2025-10-22 21:58:03,178 - 
============================================================
2025-10-22 21:58:03,178 - ITERATION 2
2025-10-22 21:58:03,178 - ============================================================
2025-10-22 21:58:03,178 - Running WaltzRL unit tests...
2025-10-22 21:58:04,332 - ✅ WaltzRL: 50/50 passing (100.0%)
2025-10-22 21:58:04,332 - Sleeping 60 seconds until next run...
2025-10-22 21:59:04,332 - 
============================================================
2025-10-22 21:59:04,333 - ITERATION 3
2025-10-22 21:59:04,333 - ============================================================
2025-10-22 21:59:04,333 - Running WaltzRL unit tests...
2025-10-22 21:59:05,451 - ✅ WaltzRL: 50/50 passing (100.0%)
2025-10-22 21:59:05,451 - Sleeping 60 seconds until next run...
2025-10-22 22:00:05,451 - 
============================================================
2025-10-22 22:00:05,452 - ITERATION 4
2025-10-22 22:00:05,452 - ============================================================
2025-10-22 22:00:05,452 - Running WaltzRL unit tests...
2025-10-22 22:00:06,551 - ✅ WaltzRL: 50/50 passing (100.0%)
2025-10-22 22:00:06,551 - Sleeping 60 seconds until next run...
2025-10-22 22:01:06,551 - 
============================================================
2025-10-22 22:01:06,551 - ITERATION 5
2025-10-22 22:01:06,551 - ============================================================
2025-10-22 22:01:06,551 - Running WaltzRL unit tests...
2025-10-22 22:01:07,835 - ✅ WaltzRL: 50/50 passing (100.0%)
2025-10-22 22:01:07,835 - Sleeping 60 seconds until next run...
2025-10-22 22:02:07,836 - 
============================================================
2025-10-22 22:02:07,836 - ITERATION 6
2025-10-22 22:02:07,836 - ============================================================
2025-10-22 22:02:07,836 - Running WaltzRL unit tests...
2025-10-22 22:02:08,941 - ✅ WaltzRL: 50/50 passing (100.0%)
2025-10-22 22:02:08,941 - Sleeping 60 seconds until next run...
2025-10-22 22:03:08,941 - 
============================================================
2025-10-22 22:03:08,942 - ITERATION 7
2025-10-22 22:03:08,942 - ============================================================
2025-10-22 22:03:08,942 - Running WaltzRL unit tests...
2025-10-22 22:03:10,221 - ✅ WaltzRL: 50/50 passing (100.0%)
2025-10-22 22:03:10,221 - Sleeping 60 seconds until next run...
2025-10-22 22:04:10,221 - 
============================================================
2025-10-22 22:04:10,222 - ITERATION 8
2025-10-22 22:04:10,222 - ============================================================
2025-10-22 22:04:10,222 - Running WaltzRL unit tests...
2025-10-22 22:04:11,272 - ✅ WaltzRL: 50/50 passing (100.0%)
2025-10-22 22:04:11,272 - Sleeping 60 seconds until next run...
2025-10-22 22:05:11,273 - 
============================================================
2025-10-22 22:05:11,273 - ITERATION 9
2025-10-22 22:05:11,273 - ============================================================
2025-10-22 22:05:11,273 - Running WaltzRL unit tests...
2025-10-22 22:05:12,314 - ✅ WaltzRL: 50/50 passing (100.0%)
2025-10-22 22:05:12,314 - Sleeping 60 seconds until next run...
2025-10-22 22:06:12,315 - 
============================================================
2025-10-22 22:06:12,315 - ITERATION 10
2025-10-22 22:06:12,315 - ============================================================
2025-10-22 22:06:12,315 - Running WaltzRL unit tests...
2025-10-22 22:06:13,393 - ✅ WaltzRL: 50/50 passing (100.0%)
2025-10-22 22:06:13,393 - Sleeping 60 seconds until next run...
2025-10-22 22:07:13,394 - 
============================================================
2025-10-22 22:07:13,394 - ITERATION 11
2025-10-22 22:07:13,394 - ============================================================
2025-10-22 22:07:13,394 - Running WaltzRL unit tests...
2025-10-22 22:07:14,405 - ✅ WaltzRL: 50/50 passing (100.0%)
2025-10-22 22:07:14,405 - Sleeping 60 seconds until next run...
2025-10-22 22:08:14,405 - 
============================================================
2025-10-22 22:08:14,405 - ITERATION 12
2025-10-22 22:08:14,405 - ============================================================
2025-10-22 22:08:14,405 - Running WaltzRL unit tests...
2025-10-22 22:08:15,448 - ✅ WaltzRL: 50/50 passing (100.0%)
2025-10-22 22:08:15,448 - Sleeping 60 seconds until next run...
2025-10-22 22:09:15,448 - 
============================================================
2025-10-22 22:09:15,448 - ITERATION 13
2025-10-22 22:09:15,448 - ============================================================
2025-10-22 22:09:15,448 - Running WaltzRL unit tests...
2025-10-22 22:09:16,512 - ✅ WaltzRL: 50/50 passing (100.0%)
2025-10-22 22:09:16,513 - Sleeping 60 seconds until next run...
2025-10-22 22:10:16,513 - 
============================================================
2025-10-22 22:10:16,513 - ITERATION 14
2025-10-22 22:10:16,513 - ============================================================
2025-10-22 22:10:16,513 - Running WaltzRL unit tests...
2025-10-22 22:10:17,553 - ✅ WaltzRL: 50/50 passing (100.0%)
2025-10-22 22:10:17,553 - Sleeping 60 seconds until next run...
2025-10-22 22:11:17,553 - 
============================================================
2025-10-22 22:11:17,553 - ITERATION 15
2025-10-22 22:11:17,553 - ============================================================
2025-10-22 22:11:17,553 - Running WaltzRL unit tests...
2025-10-22 22:11:18,637 - ✅ WaltzRL: 50/50 passing (100.0%)
2025-10-22 22:11:18,637 - Sleeping 60 seconds until next run...
2025-10-22 22:12:18,638 - 
============================================================
2025-10-22 22:12:18,638 - ITERATION 16
2025-10-22 22:12:18,638 - ============================================================
2025-10-22 22:12:18,638 - Running WaltzRL unit tests...
2025-10-22 22:12:19,650 - ✅ WaltzRL: 50/50 passing (100.0%)
2025-10-22 22:12:19,651 - Sleeping 60 seconds until next run...
2025-10-22 22:13:19,651 - 
============================================================
2025-10-22 22:13:19,651 - ITERATION 17
2025-10-22 22:13:19,651 - ============================================================
2025-10-22 22:13:19,651 - Running WaltzRL unit tests...
2025-10-22 22:13:20,745 - ✅ WaltzRL: 50/50 passing (100.0%)
2025-10-22 22:13:20,745 - Sleeping 60 seconds until next run...
2025-10-22 22:14:20,745 - 
============================================================
2025-10-22 22:14:20,745 - ITERATION 18
2025-10-22 22:14:20,745 - ============================================================
2025-10-22 22:14:20,745 - Running WaltzRL unit tests...
2025-10-22 22:14:21,795 - ✅ WaltzRL: 50/50 passing (100.0%)
2025-10-22 22:14:21,795 - Sleeping 60 seconds until next run...
2025-10-22 22:15:21,795 - 
============================================================
2025-10-22 22:15:21,796 - ITERATION 19
2025-10-22 22:15:21,796 - ============================================================
2025-10-22 22:15:21,796 - Running WaltzRL unit tests...
2025-10-22 22:15:22,832 - ✅ WaltzRL: 50/50 passing (100.0%)
2025-10-22 22:15:22,832 - Sleeping 60 seconds until next run...
2025-10-22 22:16:22,832 - 
============================================================
2025-10-22 22:16:22,833 - ITERATION 20
2025-10-22 22:16:22,833 - ============================================================
2025-10-22 22:16:22,833 - Running WaltzRL unit tests...
2025-10-22 22:16:23,820 - ✅ WaltzRL: 50/50 passing (100.0%)
2025-10-22 22:16:23,820 - Sleeping 60 seconds until next run...
2025-10-22 22:17:23,820 - 
============================================================
2025-10-22 22:17:23,820 - ITERATION 21
2025-10-22 22:17:23,820 - ============================================================
2025-10-22 22:17:23,820 - Running WaltzRL unit tests...
2025-10-22 22:17:24,840 - ✅ WaltzRL: 50/50 passing (100.0%)
2025-10-22 22:17:24,840 - Sleeping 60 seconds until next run...
2025-10-22 22:18:24,840 - 
============================================================
2025-10-22 22:18:24,840 - ITERATION 22
2025-10-22 22:18:24,841 - ============================================================
2025-10-22 22:18:24,841 - Running WaltzRL unit tests...
2025-10-22 22:18:25,897 - ✅ WaltzRL: 50/50 passing (100.0%)
2025-10-22 22:18:25,897 - Sleeping 60 seconds until next run...
2025-10-22 22:19:25,897 - 
============================================================
2025-10-22 22:19:25,897 - ITERATION 23
2025-10-22 22:19:25,897 - ============================================================
2025-10-22 22:19:25,898 - Running WaltzRL unit tests...
2025-10-22 22:19:26,974 - ✅ WaltzRL: 50/50 passing (100.0%)
2025-10-22 22:19:26,974 - Sleeping 60 seconds until next run...
2025-10-22 22:20:26,974 - 
============================================================
2025-10-22 22:20:26,974 - ITERATION 24
2025-10-22 22:20:26,974 - ============================================================
2025-10-22 22:20:26,974 - Running WaltzRL unit tests...
2025-10-22 22:20:28,104 - ✅ WaltzRL: 50/50 passing (100.0%)
2025-10-22 22:20:28,104 - Sleeping 60 seconds until next run...
2025-10-22 22:21:28,104 - 
============================================================
2025-10-22 22:21:28,105 - ITERATION 25
2025-10-22 22:21:28,105 - ============================================================
2025-10-22 22:21:28,105 - Running WaltzRL unit tests...
2025-10-22 22:21:29,137 - ✅ WaltzRL: 50/50 passing (100.0%)
2025-10-22 22:21:29,138 - Sleeping 60 seconds until next run...
2025-10-22 22:22:29,138 - 
============================================================
2025-10-22 22:22:29,138 - ITERATION 26
2025-10-22 22:22:29,138 - ============================================================
2025-10-22 22:22:29,138 - Running WaltzRL unit tests...
2025-10-22 22:22:30,105 - ✅ WaltzRL: 50/50 passing (100.0%)
2025-10-22 22:22:30,105 - Sleeping 60 seconds until next run...
2025-10-22 22:23:30,105 - 
============================================================
2025-10-22 22:23:30,105 - ITERATION 27
2025-10-22 22:23:30,105 - ============================================================
2025-10-22 22:23:30,105 - Running WaltzRL unit tests...
2025-10-22 22:23:31,098 - ✅ WaltzRL: 50/50 passing (100.0%)
2025-10-22 22:23:31,098 - Sleeping 60 seconds until next run...
2025-10-22 22:24:31,100 - 
============================================================
2025-10-22 22:24:31,100 - ITERATION 28
2025-10-22 22:24:31,100 - ============================================================
2025-10-22 22:24:31,100 - Running WaltzRL unit tests...
2025-10-22 22:24:32,163 - ✅ WaltzRL: 50/50 passing (100.0%)
2025-10-22 22:24:32,164 - Sleeping 60 seconds until next run...
2025-10-22 22:25:32,164 - 
============================================================
2025-10-22 22:25:32,164 - ITERATION 29
2025-10-22 22:25:32,164 - ============================================================
2025-10-22 22:25:32,164 - Running WaltzRL unit tests...
2025-10-22 22:25:33,206 - ✅ WaltzRL: 50/50 passing (100.0%)
2025-10-22 22:25:33,207 - Sleeping 60 seconds until next run...
2025-10-22 22:26:33,207 - 
============================================================
2025-10-22 22:26:33,207 - ITERATION 30
2025-10-22 22:26:33,207 - ============================================================
2025-10-22 22:26:33,207 - Running WaltzRL unit tests...
2025-10-22 22:26:34,284 - ✅ WaltzRL: 50/50 passing (100.0%)
2025-10-22 22:26:34,285 - Sleeping 60 seconds until next run...
2025-10-22 22:27:34,285 - 
============================================================
2025-10-22 22:27:34,285 - ITERATION 31
2025-10-22 22:27:34,285 - ============================================================
2025-10-22 22:27:34,285 - Running WaltzRL unit tests...
2025-10-22 22:27:35,403 - ✅ WaltzRL: 50/50 passing (100.0%)
2025-10-22 22:27:35,403 - Sleeping 60 seconds until next run...
2025-10-22 22:28:35,404 - 
============================================================
2025-10-22 22:28:35,404 - ITERATION 32
2025-10-22 22:28:35,404 - ============================================================
2025-10-22 22:28:35,404 - Running WaltzRL unit tests...
2025-10-22 22:28:36,418 - ✅ WaltzRL: 50/50 passing (100.0%)
2025-10-22 22:28:36,419 - Sleeping 60 seconds until next run...
2025-10-22 22:29:36,419 - 
============================================================
2025-10-22 22:29:36,419 - ITERATION 33
2025-10-22 22:29:36,419 - ============================================================
2025-10-22 22:29:36,419 - Running WaltzRL unit tests...
2025-10-22 22:29:37,515 - ✅ WaltzRL: 50/50 passing (100.0%)
2025-10-22 22:29:37,515 - Sleeping 60 seconds until next run...
2025-10-22 22:30:37,515 - 
============================================================
2025-10-22 22:30:37,515 - ITERATION 34
2025-10-22 22:30:37,515 - ============================================================
2025-10-22 22:30:37,515 - Running WaltzRL unit tests...
2025-10-22 22:30:38,559 - ✅ WaltzRL: 50/50 passing (100.0%)
2025-10-22 22:30:38,559 - Sleeping 60 seconds until next run...
2025-10-22 22:31:38,559 - 
============================================================
2025-10-22 22:31:38,560 - ITERATION 35
2025-10-22 22:31:38,560 - ============================================================
2025-10-22 22:31:38,560 - Running WaltzRL unit tests...
2025-10-22 22:31:39,606 - ✅ WaltzRL: 50/50 passing (100.0%)
2025-10-22 22:31:39,607 - Sleeping 60 seconds until next run...
2025-10-22 22:32:39,607 - 
============================================================
2025-10-22 22:32:39,607 - ITERATION 36
2025-10-22 22:32:39,607 - ============================================================
2025-10-22 22:32:39,607 - Running WaltzRL unit tests...
2025-10-22 22:32:40,635 - ✅ WaltzRL: 50/50 passing (100.0%)
2025-10-22 22:32:40,635 - Sleeping 60 seconds until next run...
2025-10-22 22:33:40,636 - 
============================================================
2025-10-22 22:33:40,636 - ITERATION 37
2025-10-22 22:33:40,636 - ============================================================
2025-10-22 22:33:40,636 - Running WaltzRL unit tests...
2025-10-22 22:33:41,631 - ✅ WaltzRL: 50/50 passing (100.0%)
2025-10-22 22:33:41,631 - Sleeping 60 seconds until next run...
2025-10-22 22:34:41,632 - 
============================================================
2025-10-22 22:34:41,632 - ITERATION 38
2025-10-22 22:34:41,632 - ============================================================
2025-10-22 22:34:41,632 - Running WaltzRL unit tests...
2025-10-22 22:34:42,667 - ✅ WaltzRL: 50/50 passing (100.0%)
2025-10-22 22:34:42,667 - Sleeping 60 seconds until next run...
2025-10-22 22:35:42,668 - 
============================================================
2025-10-22 22:35:42,668 - ITERATION 39
2025-10-22 22:35:42,668 - ============================================================
2025-10-22 22:35:42,668 - Running WaltzRL unit tests...
2025-10-22 22:35:43,769 - ✅ WaltzRL: 50/50 passing (100.0%)
2025-10-22 22:35:43,769 - Sleeping 60 seconds until next run...
2025-10-22 22:36:43,769 - 
============================================================
2025-10-22 22:36:43,770 - ITERATION 40
2025-10-22 22:36:43,770 - ============================================================
2025-10-22 22:36:43,770 - Running WaltzRL unit tests...
2025-10-22 22:36:44,797 - ✅ WaltzRL: 50/50 passing (100.0%)
2025-10-22 22:36:44,797 - Sleeping 60 seconds until next run...
2025-10-22 22:37:44,797 - 
============================================================
2025-10-22 22:37:44,798 - ITERATION 41
2025-10-22 22:37:44,798 - ============================================================
2025-10-22 22:37:44,798 - Running WaltzRL unit tests...
2025-10-22 22:37:45,800 - ✅ WaltzRL: 50/50 passing (100.0%)
2025-10-22 22:37:45,801 - Sleeping 60 seconds until next run...
2025-10-22 22:38:45,801 - 
============================================================
2025-10-22 22:38:45,801 - ITERATION 42
2025-10-22 22:38:45,801 - ============================================================
2025-10-22 22:38:45,801 - Running WaltzRL unit tests...
2025-10-22 22:38:46,871 - ✅ WaltzRL: 50/50 passing (100.0%)
2025-10-22 22:38:46,871 - Sleeping 60 seconds until next run...
2025-10-22 22:39:46,872 - 
============================================================
2025-10-22 22:39:46,872 - ITERATION 43
2025-10-22 22:39:46,872 - ============================================================
2025-10-22 22:39:46,872 - Running WaltzRL unit tests...
2025-10-22 22:39:47,880 - ✅ WaltzRL: 50/50 passing (100.0%)
2025-10-22 22:39:47,880 - Sleeping 60 seconds until next run...
2025-10-22 22:40:47,880 - 
============================================================
2025-10-22 22:40:47,880 - ITERATION 44
2025-10-22 22:40:47,880 - ============================================================
2025-10-22 22:40:47,880 - Running WaltzRL unit tests...
2025-10-22 22:40:48,918 - ✅ WaltzRL: 50/50 passing (100.0%)
2025-10-22 22:40:48,918 - Sleeping 60 seconds until next run...
2025-10-22 22:41:48,918 - 
============================================================
2025-10-22 22:41:48,918 - ITERATION 45
2025-10-22 22:41:48,918 - ============================================================
2025-10-22 22:41:48,918 - Running WaltzRL unit tests...
2025-10-22 22:41:49,936 - ✅ WaltzRL: 50/50 passing (100.0%)
2025-10-22 22:41:49,936 - Sleeping 60 seconds until next run...
