{"timestamp": "2025-10-16T13:23:29.243516", "level": "INFO", "logger": "world_model", "message": "WorldModel initialized (PyTorch: False)", "module": "world_model", "function": "__init__", "line": 131}
{"timestamp": "2025-10-16T13:23:29.246602", "level": "INFO", "logger": "world_model", "message": "WorldModel initialized (PyTorch: False)", "module": "world_model", "function": "__init__", "line": 131}
{"timestamp": "2025-10-16T13:23:29.259515", "level": "INFO", "logger": "world_model", "message": "WorldModel initialized (PyTorch: False)", "module": "world_model", "function": "__init__", "line": 131}
{"timestamp": "2025-10-16T13:23:29.259873", "level": "INFO", "logger": "world_model", "message": "\ud83c\udf93 Training world model on historical data...", "module": "world_model", "function": "train", "line": 224}
{"timestamp": "2025-10-16T13:24:10.701408", "level": "INFO", "logger": "world_model", "message": "WorldModel initialized (PyTorch: False)", "module": "world_model", "function": "__init__", "line": 131}
{"timestamp": "2025-10-16T13:36:38.743836", "level": "INFO", "logger": "world_model", "message": "WorldModel initialized (PyTorch: False)", "module": "world_model", "function": "__init__", "line": 131}
{"timestamp": "2025-10-16T13:36:38.746513", "level": "INFO", "logger": "world_model", "message": "WorldModel initialized (PyTorch: False)", "module": "world_model", "function": "__init__", "line": 131}
{"timestamp": "2025-10-16T13:36:38.759431", "level": "INFO", "logger": "world_model", "message": "WorldModel initialized (PyTorch: False)", "module": "world_model", "function": "__init__", "line": 131}
{"timestamp": "2025-10-16T13:36:38.759801", "level": "INFO", "logger": "world_model", "message": "\ud83c\udf93 Training world model on historical data...", "module": "world_model", "function": "train", "line": 224}
{"timestamp": "2025-10-16T13:36:38.760567", "level": "WARNING", "logger": "world_model", "message": "No trajectories available for training", "module": "world_model", "function": "train", "line": 230}
{"timestamp": "2025-10-16T13:51:48.454288", "level": "INFO", "logger": "world_model", "message": "WorldModel initialized (PyTorch: False)", "module": "world_model", "function": "__init__", "line": 131}
{"timestamp": "2025-10-16T13:51:48.455852", "level": "INFO", "logger": "world_model", "message": "WorldModel initialized (PyTorch: False)", "module": "world_model", "function": "__init__", "line": 131}
{"timestamp": "2025-10-16T13:51:48.463157", "level": "INFO", "logger": "world_model", "message": "WorldModel initialized (PyTorch: False)", "module": "world_model", "function": "__init__", "line": 131}
{"timestamp": "2025-10-16T13:51:48.463387", "level": "INFO", "logger": "world_model", "message": "\ud83c\udf93 Training world model on historical data...", "module": "world_model", "function": "train", "line": 224}
{"timestamp": "2025-10-16T13:51:48.463559", "level": "WARNING", "logger": "world_model", "message": "No trajectories available for training", "module": "world_model", "function": "train", "line": 230}
{"timestamp": "2025-10-16T13:56:03.420371", "level": "INFO", "logger": "world_model", "message": "WorldModel initialized (PyTorch: False)", "module": "world_model", "function": "__init__", "line": 131}
{"timestamp": "2025-10-16T13:56:13.450392", "level": "INFO", "logger": "world_model", "message": "WorldModel initialized (PyTorch: False)", "module": "world_model", "function": "__init__", "line": 131}
{"timestamp": "2025-10-16T13:56:26.702155", "level": "INFO", "logger": "world_model", "message": "WorldModel initialized (PyTorch: False)", "module": "world_model", "function": "__init__", "line": 131}
{"timestamp": "2025-10-16T13:59:09.419125", "level": "INFO", "logger": "world_model", "message": "WorldModel initialized (PyTorch: False)", "module": "world_model", "function": "__init__", "line": 131}
{"timestamp": "2025-10-16T13:59:09.421943", "level": "INFO", "logger": "world_model", "message": "WorldModel initialized (PyTorch: False)", "module": "world_model", "function": "__init__", "line": 131}
{"timestamp": "2025-10-16T13:59:09.434027", "level": "INFO", "logger": "world_model", "message": "WorldModel initialized (PyTorch: False)", "module": "world_model", "function": "__init__", "line": 131}
{"timestamp": "2025-10-16T13:59:09.434412", "level": "INFO", "logger": "world_model", "message": "\ud83c\udf93 Training world model on historical data...", "module": "world_model", "function": "train", "line": 224}
{"timestamp": "2025-10-16T13:59:09.434790", "level": "WARNING", "logger": "world_model", "message": "No trajectories available for training", "module": "world_model", "function": "train", "line": 230}
{"timestamp": "2025-10-16T14:09:31.871715", "level": "INFO", "logger": "world_model", "message": "WorldModel initialized (PyTorch: False)", "module": "world_model", "function": "__init__", "line": 131}
{"timestamp": "2025-10-16T14:09:31.875664", "level": "INFO", "logger": "world_model", "message": "WorldModel initialized (PyTorch: False)", "module": "world_model", "function": "__init__", "line": 131}
{"timestamp": "2025-10-16T14:09:31.885521", "level": "INFO", "logger": "world_model", "message": "WorldModel initialized (PyTorch: False)", "module": "world_model", "function": "__init__", "line": 131}
{"timestamp": "2025-10-16T14:09:31.885751", "level": "INFO", "logger": "world_model", "message": "\ud83c\udf93 Training world model on historical data...", "module": "world_model", "function": "train", "line": 224}
{"timestamp": "2025-10-16T14:09:31.885924", "level": "WARNING", "logger": "world_model", "message": "No trajectories available for training", "module": "world_model", "function": "train", "line": 230}
{"timestamp": "2025-10-16T14:10:38.218549", "level": "INFO", "logger": "world_model", "message": "WorldModel initialized (PyTorch: False)", "module": "world_model", "function": "__init__", "line": 131}
{"timestamp": "2025-10-16T14:10:38.223299", "level": "INFO", "logger": "world_model", "message": "WorldModel initialized (PyTorch: False)", "module": "world_model", "function": "__init__", "line": 131}
{"timestamp": "2025-10-16T14:10:38.235278", "level": "INFO", "logger": "world_model", "message": "WorldModel initialized (PyTorch: False)", "module": "world_model", "function": "__init__", "line": 131}
{"timestamp": "2025-10-16T14:10:38.235555", "level": "INFO", "logger": "world_model", "message": "\ud83c\udf93 Training world model on historical data...", "module": "world_model", "function": "train", "line": 224}
{"timestamp": "2025-10-16T14:10:38.235759", "level": "WARNING", "logger": "world_model", "message": "No trajectories available for training", "module": "world_model", "function": "train", "line": 230}
{"timestamp": "2025-10-16T14:11:13.257768", "level": "INFO", "logger": "world_model", "message": "WorldModel initialized (PyTorch: False)", "module": "world_model", "function": "__init__", "line": 131}
{"timestamp": "2025-10-16T14:11:13.261794", "level": "INFO", "logger": "world_model", "message": "WorldModel initialized (PyTorch: False)", "module": "world_model", "function": "__init__", "line": 131}
{"timestamp": "2025-10-16T14:11:13.270578", "level": "INFO", "logger": "world_model", "message": "WorldModel initialized (PyTorch: False)", "module": "world_model", "function": "__init__", "line": 131}
{"timestamp": "2025-10-16T14:11:13.270770", "level": "INFO", "logger": "world_model", "message": "\ud83c\udf93 Training world model on historical data...", "module": "world_model", "function": "train", "line": 224}
{"timestamp": "2025-10-16T14:11:13.270932", "level": "WARNING", "logger": "world_model", "message": "No trajectories available for training", "module": "world_model", "function": "train", "line": 230}
{"timestamp": "2025-10-16T14:12:50.181404", "level": "INFO", "logger": "world_model", "message": "WorldModel initialized (PyTorch: False)", "module": "world_model", "function": "__init__", "line": 131}
{"timestamp": "2025-10-16T14:12:50.186729", "level": "INFO", "logger": "world_model", "message": "WorldModel initialized (PyTorch: False)", "module": "world_model", "function": "__init__", "line": 131}
{"timestamp": "2025-10-16T14:12:50.201270", "level": "INFO", "logger": "world_model", "message": "WorldModel initialized (PyTorch: False)", "module": "world_model", "function": "__init__", "line": 131}
{"timestamp": "2025-10-16T14:12:50.201594", "level": "INFO", "logger": "world_model", "message": "\ud83c\udf93 Training world model on historical data...", "module": "world_model", "function": "train", "line": 224}
{"timestamp": "2025-10-16T14:12:50.201846", "level": "WARNING", "logger": "world_model", "message": "No trajectories available for training", "module": "world_model", "function": "train", "line": 230}
{"timestamp": "2025-10-16T14:13:32.812613", "level": "INFO", "logger": "world_model", "message": "WorldModel initialized (PyTorch: False)", "module": "world_model", "function": "__init__", "line": 131}
{"timestamp": "2025-10-16T14:13:32.817033", "level": "INFO", "logger": "world_model", "message": "WorldModel initialized (PyTorch: False)", "module": "world_model", "function": "__init__", "line": 131}
{"timestamp": "2025-10-16T14:13:32.835288", "level": "INFO", "logger": "world_model", "message": "WorldModel initialized (PyTorch: False)", "module": "world_model", "function": "__init__", "line": 131}
{"timestamp": "2025-10-16T14:13:32.835760", "level": "INFO", "logger": "world_model", "message": "\ud83c\udf93 Training world model on historical data...", "module": "world_model", "function": "train", "line": 224}
{"timestamp": "2025-10-16T14:13:32.836236", "level": "WARNING", "logger": "world_model", "message": "No trajectories available for training", "module": "world_model", "function": "train", "line": 230}
{"timestamp": "2025-10-16T14:14:12.968052", "level": "INFO", "logger": "world_model", "message": "WorldModel initialized (PyTorch: False)", "module": "world_model", "function": "__init__", "line": 131}
{"timestamp": "2025-10-16T14:14:12.972494", "level": "INFO", "logger": "world_model", "message": "WorldModel initialized (PyTorch: False)", "module": "world_model", "function": "__init__", "line": 131}
{"timestamp": "2025-10-16T14:14:12.991762", "level": "INFO", "logger": "world_model", "message": "WorldModel initialized (PyTorch: False)", "module": "world_model", "function": "__init__", "line": 131}
{"timestamp": "2025-10-16T14:14:12.992378", "level": "INFO", "logger": "world_model", "message": "\ud83c\udf93 Training world model on historical data...", "module": "world_model", "function": "train", "line": 224}
{"timestamp": "2025-10-16T14:14:12.992773", "level": "WARNING", "logger": "world_model", "message": "No trajectories available for training", "module": "world_model", "function": "train", "line": 230}
{"timestamp": "2025-10-17T14:30:10.214339", "level": "INFO", "logger": "world_model", "message": "WorldModel initialized (PyTorch: False)", "module": "world_model", "function": "__init__", "line": 131}
{"timestamp": "2025-10-17T14:30:10.231019", "level": "INFO", "logger": "world_model", "message": "WorldModel initialized (PyTorch: False)", "module": "world_model", "function": "__init__", "line": 131}
{"timestamp": "2025-10-17T14:30:10.252857", "level": "INFO", "logger": "world_model", "message": "WorldModel initialized (PyTorch: False)", "module": "world_model", "function": "__init__", "line": 131}
{"timestamp": "2025-10-17T14:30:10.253403", "level": "INFO", "logger": "world_model", "message": "\ud83c\udf93 Training world model on historical data...", "module": "world_model", "function": "train", "line": 224}
{"timestamp": "2025-10-17T14:30:10.253797", "level": "WARNING", "logger": "world_model", "message": "No trajectories available for training", "module": "world_model", "function": "train", "line": 230}
{"timestamp": "2025-10-17T19:22:02.422487+00:00", "level": "INFO", "logger": "world_model", "message": "WorldModel initialized (PyTorch: False)", "module": "world_model", "function": "__init__", "line": 131}
{"timestamp": "2025-10-17T19:22:02.430912+00:00", "level": "INFO", "logger": "world_model", "message": "WorldModel initialized (PyTorch: False)", "module": "world_model", "function": "__init__", "line": 131}
{"timestamp": "2025-10-17T19:22:02.451457+00:00", "level": "INFO", "logger": "world_model", "message": "WorldModel initialized (PyTorch: False)", "module": "world_model", "function": "__init__", "line": 131}
{"timestamp": "2025-10-17T19:22:02.451875+00:00", "level": "INFO", "logger": "world_model", "message": "\ud83c\udf93 Training world model on historical data...", "module": "world_model", "function": "train", "line": 224}
{"timestamp": "2025-10-17T19:22:02.452234+00:00", "level": "WARNING", "logger": "world_model", "message": "No trajectories available for training", "module": "world_model", "function": "train", "line": 230}
{"timestamp": "2025-10-17T19:23:39.477408+00:00", "level": "INFO", "logger": "world_model", "message": "WorldModel initialized (PyTorch: False)", "module": "world_model", "function": "__init__", "line": 131}
{"timestamp": "2025-10-17T19:23:39.494790+00:00", "level": "INFO", "logger": "world_model", "message": "WorldModel initialized (PyTorch: False)", "module": "world_model", "function": "__init__", "line": 131}
{"timestamp": "2025-10-17T19:23:39.517784+00:00", "level": "INFO", "logger": "world_model", "message": "WorldModel initialized (PyTorch: False)", "module": "world_model", "function": "__init__", "line": 131}
{"timestamp": "2025-10-17T19:23:39.518312+00:00", "level": "INFO", "logger": "world_model", "message": "\ud83c\udf93 Training world model on historical data...", "module": "world_model", "function": "train", "line": 224}
{"timestamp": "2025-10-17T19:23:39.518711+00:00", "level": "WARNING", "logger": "world_model", "message": "No trajectories available for training", "module": "world_model", "function": "train", "line": 230}
{"timestamp": "2025-10-17T19:26:37.726254+00:00", "level": "INFO", "logger": "world_model", "message": "WorldModel initialized (PyTorch: False)", "module": "world_model", "function": "__init__", "line": 131}
{"timestamp": "2025-10-17T19:26:37.730162+00:00", "level": "INFO", "logger": "world_model", "message": "WorldModel initialized (PyTorch: False)", "module": "world_model", "function": "__init__", "line": 131}
{"timestamp": "2025-10-17T19:26:37.740488+00:00", "level": "INFO", "logger": "world_model", "message": "WorldModel initialized (PyTorch: False)", "module": "world_model", "function": "__init__", "line": 131}
{"timestamp": "2025-10-17T19:26:37.740730+00:00", "level": "INFO", "logger": "world_model", "message": "\ud83c\udf93 Training world model on historical data...", "module": "world_model", "function": "train", "line": 224}
{"timestamp": "2025-10-17T19:26:37.740891+00:00", "level": "WARNING", "logger": "world_model", "message": "No trajectories available for training", "module": "world_model", "function": "train", "line": 230}
{"timestamp": "2025-10-17T19:34:32.677462+00:00", "level": "INFO", "logger": "world_model", "message": "WorldModel initialized (PyTorch: False)", "module": "world_model", "function": "__init__", "line": 131}
{"timestamp": "2025-10-17T19:34:32.682095+00:00", "level": "INFO", "logger": "world_model", "message": "WorldModel initialized (PyTorch: False)", "module": "world_model", "function": "__init__", "line": 131}
{"timestamp": "2025-10-17T19:34:32.693079+00:00", "level": "INFO", "logger": "world_model", "message": "WorldModel initialized (PyTorch: False)", "module": "world_model", "function": "__init__", "line": 131}
{"timestamp": "2025-10-17T19:34:32.693385+00:00", "level": "INFO", "logger": "world_model", "message": "\ud83c\udf93 Training world model on historical data...", "module": "world_model", "function": "train", "line": 224}
{"timestamp": "2025-10-17T19:34:32.693580+00:00", "level": "WARNING", "logger": "world_model", "message": "No trajectories available for training", "module": "world_model", "function": "train", "line": 230}
{"timestamp": "2025-10-17T19:48:21.696463+00:00", "level": "INFO", "logger": "world_model", "message": "WorldModel initialized (PyTorch: False)", "module": "world_model", "function": "__init__", "line": 131}
{"timestamp": "2025-10-17T19:48:21.706807+00:00", "level": "INFO", "logger": "world_model", "message": "WorldModel initialized (PyTorch: False)", "module": "world_model", "function": "__init__", "line": 131}
{"timestamp": "2025-10-17T19:48:21.724784+00:00", "level": "INFO", "logger": "world_model", "message": "WorldModel initialized (PyTorch: False)", "module": "world_model", "function": "__init__", "line": 131}
{"timestamp": "2025-10-17T19:48:21.725110+00:00", "level": "INFO", "logger": "world_model", "message": "\ud83c\udf93 Training world model on historical data...", "module": "world_model", "function": "train", "line": 224}
{"timestamp": "2025-10-17T19:48:21.725368+00:00", "level": "WARNING", "logger": "world_model", "message": "No trajectories available for training", "module": "world_model", "function": "train", "line": 230}
{"timestamp": "2025-10-17T19:49:47.554167+00:00", "level": "INFO", "logger": "world_model", "message": "WorldModel initialized (PyTorch: False)", "module": "world_model", "function": "__init__", "line": 131}
{"timestamp": "2025-10-17T19:49:47.564121+00:00", "level": "INFO", "logger": "world_model", "message": "WorldModel initialized (PyTorch: False)", "module": "world_model", "function": "__init__", "line": 131}
{"timestamp": "2025-10-17T19:49:47.587379+00:00", "level": "INFO", "logger": "world_model", "message": "WorldModel initialized (PyTorch: False)", "module": "world_model", "function": "__init__", "line": 131}
{"timestamp": "2025-10-17T19:49:47.587775+00:00", "level": "INFO", "logger": "world_model", "message": "\ud83c\udf93 Training world model on historical data...", "module": "world_model", "function": "train", "line": 224}
{"timestamp": "2025-10-17T19:49:47.588055+00:00", "level": "WARNING", "logger": "world_model", "message": "No trajectories available for training", "module": "world_model", "function": "train", "line": 230}
{"timestamp": "2025-10-17T20:09:48.045542+00:00", "level": "INFO", "logger": "world_model", "message": "WorldModel initialized (PyTorch: False)", "module": "world_model", "function": "__init__", "line": 131}
{"timestamp": "2025-10-17T20:09:48.050972+00:00", "level": "INFO", "logger": "world_model", "message": "WorldModel initialized (PyTorch: False)", "module": "world_model", "function": "__init__", "line": 131}
{"timestamp": "2025-10-17T20:09:48.064197+00:00", "level": "INFO", "logger": "world_model", "message": "WorldModel initialized (PyTorch: False)", "module": "world_model", "function": "__init__", "line": 131}
{"timestamp": "2025-10-17T20:09:48.064416+00:00", "level": "INFO", "logger": "world_model", "message": "\ud83c\udf93 Training world model on historical data...", "module": "world_model", "function": "train", "line": 224}
{"timestamp": "2025-10-17T20:09:48.064576+00:00", "level": "WARNING", "logger": "world_model", "message": "No trajectories available for training", "module": "world_model", "function": "train", "line": 230}
{"timestamp": "2025-10-17T20:12:39.396498+00:00", "level": "INFO", "logger": "world_model", "message": "WorldModel initialized (PyTorch: False)", "module": "world_model", "function": "__init__", "line": 131}
{"timestamp": "2025-10-17T20:12:39.400653+00:00", "level": "INFO", "logger": "world_model", "message": "WorldModel initialized (PyTorch: False)", "module": "world_model", "function": "__init__", "line": 131}
{"timestamp": "2025-10-17T20:12:39.411009+00:00", "level": "INFO", "logger": "world_model", "message": "WorldModel initialized (PyTorch: False)", "module": "world_model", "function": "__init__", "line": 131}
{"timestamp": "2025-10-17T20:12:39.411250+00:00", "level": "INFO", "logger": "world_model", "message": "\ud83c\udf93 Training world model on historical data...", "module": "world_model", "function": "train", "line": 224}
{"timestamp": "2025-10-17T20:12:39.411408+00:00", "level": "WARNING", "logger": "world_model", "message": "No trajectories available for training", "module": "world_model", "function": "train", "line": 230}
{"timestamp": "2025-10-17T20:15:09.008725+00:00", "level": "INFO", "logger": "world_model", "message": "WorldModel initialized (PyTorch: False)", "module": "world_model", "function": "__init__", "line": 131}
{"timestamp": "2025-10-17T20:15:09.019673+00:00", "level": "INFO", "logger": "world_model", "message": "WorldModel initialized (PyTorch: False)", "module": "world_model", "function": "__init__", "line": 131}
{"timestamp": "2025-10-17T20:15:09.037870+00:00", "level": "INFO", "logger": "world_model", "message": "WorldModel initialized (PyTorch: False)", "module": "world_model", "function": "__init__", "line": 131}
{"timestamp": "2025-10-17T20:15:09.038311+00:00", "level": "INFO", "logger": "world_model", "message": "\ud83c\udf93 Training world model on historical data...", "module": "world_model", "function": "train", "line": 224}
{"timestamp": "2025-10-17T20:15:09.038572+00:00", "level": "WARNING", "logger": "world_model", "message": "No trajectories available for training", "module": "world_model", "function": "train", "line": 230}
{"timestamp": "2025-10-17T20:50:01.943988+00:00", "level": "INFO", "logger": "world_model", "message": "WorldModel initialized (PyTorch: False)", "module": "world_model", "function": "__init__", "line": 131}
{"timestamp": "2025-10-17T20:50:01.949278+00:00", "level": "INFO", "logger": "world_model", "message": "WorldModel initialized (PyTorch: False)", "module": "world_model", "function": "__init__", "line": 131}
{"timestamp": "2025-10-17T20:50:01.960208+00:00", "level": "INFO", "logger": "world_model", "message": "WorldModel initialized (PyTorch: False)", "module": "world_model", "function": "__init__", "line": 131}
{"timestamp": "2025-10-17T20:50:01.960481+00:00", "level": "INFO", "logger": "world_model", "message": "\ud83c\udf93 Training world model on historical data...", "module": "world_model", "function": "train", "line": 224}
{"timestamp": "2025-10-17T20:50:01.960675+00:00", "level": "WARNING", "logger": "world_model", "message": "No trajectories available for training", "module": "world_model", "function": "train", "line": 230}
{"timestamp": "2025-10-17T20:51:10.093627+00:00", "level": "INFO", "logger": "world_model", "message": "WorldModel initialized (PyTorch: False)", "module": "world_model", "function": "__init__", "line": 131}
{"timestamp": "2025-10-17T20:51:10.099598+00:00", "level": "INFO", "logger": "world_model", "message": "WorldModel initialized (PyTorch: False)", "module": "world_model", "function": "__init__", "line": 131}
{"timestamp": "2025-10-17T20:51:10.113202+00:00", "level": "INFO", "logger": "world_model", "message": "WorldModel initialized (PyTorch: False)", "module": "world_model", "function": "__init__", "line": 131}
{"timestamp": "2025-10-17T20:51:10.113460+00:00", "level": "INFO", "logger": "world_model", "message": "\ud83c\udf93 Training world model on historical data...", "module": "world_model", "function": "train", "line": 224}
{"timestamp": "2025-10-17T20:51:10.113707+00:00", "level": "WARNING", "logger": "world_model", "message": "No trajectories available for training", "module": "world_model", "function": "train", "line": 230}
{"timestamp": "2025-10-17T20:57:41.107085+00:00", "level": "INFO", "logger": "world_model", "message": "WorldModel initialized (PyTorch: False)", "module": "world_model", "function": "__init__", "line": 131}
{"timestamp": "2025-10-17T20:57:41.111801+00:00", "level": "INFO", "logger": "world_model", "message": "WorldModel initialized (PyTorch: False)", "module": "world_model", "function": "__init__", "line": 131}
{"timestamp": "2025-10-17T20:57:41.123487+00:00", "level": "INFO", "logger": "world_model", "message": "WorldModel initialized (PyTorch: False)", "module": "world_model", "function": "__init__", "line": 131}
{"timestamp": "2025-10-17T20:57:41.123720+00:00", "level": "INFO", "logger": "world_model", "message": "\ud83c\udf93 Training world model on historical data...", "module": "world_model", "function": "train", "line": 224}
{"timestamp": "2025-10-17T20:57:41.123947+00:00", "level": "WARNING", "logger": "world_model", "message": "No trajectories available for training", "module": "world_model", "function": "train", "line": 230}
{"timestamp": "2025-10-17T21:13:20.525796+00:00", "level": "INFO", "logger": "world_model", "message": "WorldModel initialized (PyTorch: False)", "module": "world_model", "function": "__init__", "line": 131}
{"timestamp": "2025-10-17T21:13:20.530415+00:00", "level": "INFO", "logger": "world_model", "message": "WorldModel initialized (PyTorch: False)", "module": "world_model", "function": "__init__", "line": 131}
{"timestamp": "2025-10-17T21:13:20.540635+00:00", "level": "INFO", "logger": "world_model", "message": "WorldModel initialized (PyTorch: False)", "module": "world_model", "function": "__init__", "line": 131}
{"timestamp": "2025-10-17T21:13:20.540826+00:00", "level": "INFO", "logger": "world_model", "message": "\ud83c\udf93 Training world model on historical data...", "module": "world_model", "function": "train", "line": 224}
{"timestamp": "2025-10-17T21:13:20.540959+00:00", "level": "WARNING", "logger": "world_model", "message": "No trajectories available for training", "module": "world_model", "function": "train", "line": 230}
{"timestamp": "2025-10-17T21:13:35.869978+00:00", "level": "INFO", "logger": "world_model", "message": "WorldModel initialized (PyTorch: False)", "module": "world_model", "function": "__init__", "line": 131}
{"timestamp": "2025-10-17T21:13:35.880112+00:00", "level": "INFO", "logger": "world_model", "message": "WorldModel initialized (PyTorch: False)", "module": "world_model", "function": "__init__", "line": 131}
{"timestamp": "2025-10-17T21:13:35.903420+00:00", "level": "INFO", "logger": "world_model", "message": "WorldModel initialized (PyTorch: False)", "module": "world_model", "function": "__init__", "line": 131}
{"timestamp": "2025-10-17T21:13:35.903816+00:00", "level": "INFO", "logger": "world_model", "message": "\ud83c\udf93 Training world model on historical data...", "module": "world_model", "function": "train", "line": 224}
{"timestamp": "2025-10-17T21:13:35.904128+00:00", "level": "WARNING", "logger": "world_model", "message": "No trajectories available for training", "module": "world_model", "function": "train", "line": 230}
{"timestamp": "2025-10-17T21:13:44.393168+00:00", "level": "INFO", "logger": "world_model", "message": "WorldModel initialized (PyTorch: False)", "module": "world_model", "function": "__init__", "line": 131}
{"timestamp": "2025-10-17T21:13:44.398783+00:00", "level": "INFO", "logger": "world_model", "message": "WorldModel initialized (PyTorch: False)", "module": "world_model", "function": "__init__", "line": 131}
{"timestamp": "2025-10-17T21:13:44.410478+00:00", "level": "INFO", "logger": "world_model", "message": "WorldModel initialized (PyTorch: False)", "module": "world_model", "function": "__init__", "line": 131}
{"timestamp": "2025-10-17T21:13:44.410685+00:00", "level": "INFO", "logger": "world_model", "message": "\ud83c\udf93 Training world model on historical data...", "module": "world_model", "function": "train", "line": 224}
{"timestamp": "2025-10-17T21:13:44.410861+00:00", "level": "WARNING", "logger": "world_model", "message": "No trajectories available for training", "module": "world_model", "function": "train", "line": 230}
{"timestamp": "2025-10-17T21:14:52.719873+00:00", "level": "INFO", "logger": "world_model", "message": "WorldModel initialized (PyTorch: False)", "module": "world_model", "function": "__init__", "line": 131}
{"timestamp": "2025-10-17T21:14:52.726914+00:00", "level": "INFO", "logger": "world_model", "message": "WorldModel initialized (PyTorch: False)", "module": "world_model", "function": "__init__", "line": 131}
{"timestamp": "2025-10-17T21:14:52.740382+00:00", "level": "INFO", "logger": "world_model", "message": "WorldModel initialized (PyTorch: False)", "module": "world_model", "function": "__init__", "line": 131}
{"timestamp": "2025-10-17T21:14:52.740626+00:00", "level": "INFO", "logger": "world_model", "message": "\ud83c\udf93 Training world model on historical data...", "module": "world_model", "function": "train", "line": 224}
{"timestamp": "2025-10-17T21:14:52.740852+00:00", "level": "WARNING", "logger": "world_model", "message": "No trajectories available for training", "module": "world_model", "function": "train", "line": 230}
{"timestamp": "2025-10-18T12:42:19.955806+00:00", "level": "INFO", "logger": "world_model", "message": "WorldModel initialized (PyTorch: False)", "module": "world_model", "function": "__init__", "line": 131}
{"timestamp": "2025-10-18T12:42:19.960509+00:00", "level": "INFO", "logger": "world_model", "message": "WorldModel initialized (PyTorch: False)", "module": "world_model", "function": "__init__", "line": 131}
{"timestamp": "2025-10-18T12:42:19.971925+00:00", "level": "INFO", "logger": "world_model", "message": "WorldModel initialized (PyTorch: False)", "module": "world_model", "function": "__init__", "line": 131}
{"timestamp": "2025-10-18T12:42:19.972162+00:00", "level": "INFO", "logger": "world_model", "message": "\ud83c\udf93 Training world model on historical data...", "module": "world_model", "function": "train", "line": 224}
{"timestamp": "2025-10-18T12:42:19.972351+00:00", "level": "WARNING", "logger": "world_model", "message": "No trajectories available for training", "module": "world_model", "function": "train", "line": 230}
{"timestamp": "2025-10-18T12:43:06.611643+00:00", "level": "INFO", "logger": "world_model", "message": "WorldModel initialized (PyTorch: False)", "module": "world_model", "function": "__init__", "line": 131}
{"timestamp": "2025-10-18T12:43:06.616273+00:00", "level": "INFO", "logger": "world_model", "message": "WorldModel initialized (PyTorch: False)", "module": "world_model", "function": "__init__", "line": 131}
{"timestamp": "2025-10-18T12:43:06.627888+00:00", "level": "INFO", "logger": "world_model", "message": "WorldModel initialized (PyTorch: False)", "module": "world_model", "function": "__init__", "line": 131}
{"timestamp": "2025-10-18T12:43:06.628090+00:00", "level": "INFO", "logger": "world_model", "message": "\ud83c\udf93 Training world model on historical data...", "module": "world_model", "function": "train", "line": 224}
{"timestamp": "2025-10-18T12:43:06.628276+00:00", "level": "WARNING", "logger": "world_model", "message": "No trajectories available for training", "module": "world_model", "function": "train", "line": 230}
{"timestamp": "2025-10-18T12:43:51.970830+00:00", "level": "INFO", "logger": "world_model", "message": "WorldModel initialized (PyTorch: False)", "module": "world_model", "function": "__init__", "line": 131}
{"timestamp": "2025-10-18T12:43:51.979913+00:00", "level": "INFO", "logger": "world_model", "message": "WorldModel initialized (PyTorch: False)", "module": "world_model", "function": "__init__", "line": 131}
{"timestamp": "2025-10-18T12:43:51.999841+00:00", "level": "INFO", "logger": "world_model", "message": "WorldModel initialized (PyTorch: False)", "module": "world_model", "function": "__init__", "line": 131}
{"timestamp": "2025-10-18T12:43:52.000272+00:00", "level": "INFO", "logger": "world_model", "message": "\ud83c\udf93 Training world model on historical data...", "module": "world_model", "function": "train", "line": 224}
{"timestamp": "2025-10-18T12:43:52.000614+00:00", "level": "WARNING", "logger": "world_model", "message": "No trajectories available for training", "module": "world_model", "function": "train", "line": 230}
{"timestamp": "2025-10-18T12:45:26.312800+00:00", "level": "INFO", "logger": "world_model", "message": "WorldModel initialized (PyTorch: False)", "module": "world_model", "function": "__init__", "line": 131}
{"timestamp": "2025-10-18T12:45:26.318706+00:00", "level": "INFO", "logger": "world_model", "message": "WorldModel initialized (PyTorch: False)", "module": "world_model", "function": "__init__", "line": 131}
{"timestamp": "2025-10-18T12:45:26.330366+00:00", "level": "INFO", "logger": "world_model", "message": "WorldModel initialized (PyTorch: False)", "module": "world_model", "function": "__init__", "line": 131}
{"timestamp": "2025-10-18T12:45:26.330608+00:00", "level": "INFO", "logger": "world_model", "message": "\ud83c\udf93 Training world model on historical data...", "module": "world_model", "function": "train", "line": 224}
{"timestamp": "2025-10-18T12:45:26.330774+00:00", "level": "WARNING", "logger": "world_model", "message": "No trajectories available for training", "module": "world_model", "function": "train", "line": 230}
{"timestamp": "2025-10-18T12:47:06.967743+00:00", "level": "INFO", "logger": "world_model", "message": "WorldModel initialized (PyTorch: False)", "module": "world_model", "function": "__init__", "line": 131}
{"timestamp": "2025-10-18T12:47:06.975474+00:00", "level": "INFO", "logger": "world_model", "message": "WorldModel initialized (PyTorch: False)", "module": "world_model", "function": "__init__", "line": 131}
{"timestamp": "2025-10-18T12:47:06.992661+00:00", "level": "INFO", "logger": "world_model", "message": "WorldModel initialized (PyTorch: False)", "module": "world_model", "function": "__init__", "line": 131}
{"timestamp": "2025-10-18T12:47:06.992965+00:00", "level": "INFO", "logger": "world_model", "message": "\ud83c\udf93 Training world model on historical data...", "module": "world_model", "function": "train", "line": 224}
{"timestamp": "2025-10-18T12:47:06.993274+00:00", "level": "WARNING", "logger": "world_model", "message": "No trajectories available for training", "module": "world_model", "function": "train", "line": 230}
{"timestamp": "2025-10-18T12:48:39.249511+00:00", "level": "INFO", "logger": "world_model", "message": "WorldModel initialized (PyTorch: False)", "module": "world_model", "function": "__init__", "line": 131}
{"timestamp": "2025-10-18T12:48:39.257743+00:00", "level": "INFO", "logger": "world_model", "message": "WorldModel initialized (PyTorch: False)", "module": "world_model", "function": "__init__", "line": 131}
{"timestamp": "2025-10-18T12:48:39.271489+00:00", "level": "INFO", "logger": "world_model", "message": "WorldModel initialized (PyTorch: False)", "module": "world_model", "function": "__init__", "line": 131}
{"timestamp": "2025-10-18T12:48:39.271710+00:00", "level": "INFO", "logger": "world_model", "message": "\ud83c\udf93 Training world model on historical data...", "module": "world_model", "function": "train", "line": 224}
{"timestamp": "2025-10-18T12:48:39.271876+00:00", "level": "WARNING", "logger": "world_model", "message": "No trajectories available for training", "module": "world_model", "function": "train", "line": 230}
{"timestamp": "2025-10-18T12:49:09.792106+00:00", "level": "INFO", "logger": "world_model", "message": "WorldModel initialized (PyTorch: False)", "module": "world_model", "function": "__init__", "line": 131}
{"timestamp": "2025-10-18T12:49:09.797034+00:00", "level": "INFO", "logger": "world_model", "message": "WorldModel initialized (PyTorch: False)", "module": "world_model", "function": "__init__", "line": 131}
{"timestamp": "2025-10-18T12:49:09.807737+00:00", "level": "INFO", "logger": "world_model", "message": "WorldModel initialized (PyTorch: False)", "module": "world_model", "function": "__init__", "line": 131}
{"timestamp": "2025-10-18T12:49:09.807931+00:00", "level": "INFO", "logger": "world_model", "message": "\ud83c\udf93 Training world model on historical data...", "module": "world_model", "function": "train", "line": 224}
{"timestamp": "2025-10-18T12:49:09.808087+00:00", "level": "WARNING", "logger": "world_model", "message": "No trajectories available for training", "module": "world_model", "function": "train", "line": 230}
{"timestamp": "2025-10-18T12:51:18.561186+00:00", "level": "INFO", "logger": "world_model", "message": "WorldModel initialized (PyTorch: False)", "module": "world_model", "function": "__init__", "line": 131}
{"timestamp": "2025-10-18T12:51:18.569618+00:00", "level": "INFO", "logger": "world_model", "message": "WorldModel initialized (PyTorch: False)", "module": "world_model", "function": "__init__", "line": 131}
{"timestamp": "2025-10-18T12:51:18.588401+00:00", "level": "INFO", "logger": "world_model", "message": "WorldModel initialized (PyTorch: False)", "module": "world_model", "function": "__init__", "line": 131}
{"timestamp": "2025-10-18T12:51:18.588717+00:00", "level": "INFO", "logger": "world_model", "message": "\ud83c\udf93 Training world model on historical data...", "module": "world_model", "function": "train", "line": 224}
{"timestamp": "2025-10-18T12:51:18.589008+00:00", "level": "WARNING", "logger": "world_model", "message": "No trajectories available for training", "module": "world_model", "function": "train", "line": 230}
{"timestamp": "2025-10-18T12:57:31.363007+00:00", "level": "INFO", "logger": "world_model", "message": "WorldModel initialized (PyTorch: False)", "module": "world_model", "function": "__init__", "line": 131}
{"timestamp": "2025-10-18T12:57:31.367601+00:00", "level": "INFO", "logger": "world_model", "message": "WorldModel initialized (PyTorch: False)", "module": "world_model", "function": "__init__", "line": 131}
{"timestamp": "2025-10-18T12:57:31.377917+00:00", "level": "INFO", "logger": "world_model", "message": "WorldModel initialized (PyTorch: False)", "module": "world_model", "function": "__init__", "line": 131}
{"timestamp": "2025-10-18T12:57:31.378242+00:00", "level": "INFO", "logger": "world_model", "message": "\ud83c\udf93 Training world model on historical data...", "module": "world_model", "function": "train", "line": 224}
{"timestamp": "2025-10-18T12:57:31.378473+00:00", "level": "WARNING", "logger": "world_model", "message": "No trajectories available for training", "module": "world_model", "function": "train", "line": 230}
{"timestamp": "2025-10-18T12:58:43.075715+00:00", "level": "INFO", "logger": "world_model", "message": "WorldModel initialized (PyTorch: False)", "module": "world_model", "function": "__init__", "line": 131}
{"timestamp": "2025-10-18T12:58:43.080925+00:00", "level": "INFO", "logger": "world_model", "message": "WorldModel initialized (PyTorch: False)", "module": "world_model", "function": "__init__", "line": 131}
{"timestamp": "2025-10-18T12:58:43.094419+00:00", "level": "INFO", "logger": "world_model", "message": "WorldModel initialized (PyTorch: False)", "module": "world_model", "function": "__init__", "line": 131}
{"timestamp": "2025-10-18T12:58:43.094770+00:00", "level": "INFO", "logger": "world_model", "message": "\ud83c\udf93 Training world model on historical data...", "module": "world_model", "function": "train", "line": 224}
{"timestamp": "2025-10-18T12:58:43.095029+00:00", "level": "WARNING", "logger": "world_model", "message": "No trajectories available for training", "module": "world_model", "function": "train", "line": 230}
{"timestamp": "2025-10-18T13:00:03.582374+00:00", "level": "INFO", "logger": "world_model", "message": "WorldModel initialized (PyTorch: False)", "module": "world_model", "function": "__init__", "line": 131}
{"timestamp": "2025-10-18T13:00:03.587314+00:00", "level": "INFO", "logger": "world_model", "message": "WorldModel initialized (PyTorch: False)", "module": "world_model", "function": "__init__", "line": 131}
{"timestamp": "2025-10-18T13:00:03.598596+00:00", "level": "INFO", "logger": "world_model", "message": "WorldModel initialized (PyTorch: False)", "module": "world_model", "function": "__init__", "line": 131}
{"timestamp": "2025-10-18T13:00:03.598873+00:00", "level": "INFO", "logger": "world_model", "message": "\ud83c\udf93 Training world model on historical data...", "module": "world_model", "function": "train", "line": 224}
{"timestamp": "2025-10-18T13:00:03.599061+00:00", "level": "WARNING", "logger": "world_model", "message": "No trajectories available for training", "module": "world_model", "function": "train", "line": 230}
{"timestamp": "2025-10-18T13:01:42.629692+00:00", "level": "INFO", "logger": "world_model", "message": "WorldModel initialized (PyTorch: False)", "module": "world_model", "function": "__init__", "line": 131}
{"timestamp": "2025-10-18T13:01:42.634630+00:00", "level": "INFO", "logger": "world_model", "message": "WorldModel initialized (PyTorch: False)", "module": "world_model", "function": "__init__", "line": 131}
{"timestamp": "2025-10-18T13:01:42.645919+00:00", "level": "INFO", "logger": "world_model", "message": "WorldModel initialized (PyTorch: False)", "module": "world_model", "function": "__init__", "line": 131}
{"timestamp": "2025-10-18T13:01:42.646177+00:00", "level": "INFO", "logger": "world_model", "message": "\ud83c\udf93 Training world model on historical data...", "module": "world_model", "function": "train", "line": 224}
{"timestamp": "2025-10-18T13:01:42.646383+00:00", "level": "WARNING", "logger": "world_model", "message": "No trajectories available for training", "module": "world_model", "function": "train", "line": 230}
{"timestamp": "2025-10-18T13:03:17.530530+00:00", "level": "INFO", "logger": "world_model", "message": "WorldModel initialized (PyTorch: False)", "module": "world_model", "function": "__init__", "line": 131}
{"timestamp": "2025-10-18T13:03:17.539240+00:00", "level": "INFO", "logger": "world_model", "message": "WorldModel initialized (PyTorch: False)", "module": "world_model", "function": "__init__", "line": 131}
{"timestamp": "2025-10-18T13:03:17.557296+00:00", "level": "INFO", "logger": "world_model", "message": "WorldModel initialized (PyTorch: False)", "module": "world_model", "function": "__init__", "line": 131}
{"timestamp": "2025-10-18T13:03:17.557667+00:00", "level": "INFO", "logger": "world_model", "message": "\ud83c\udf93 Training world model on historical data...", "module": "world_model", "function": "train", "line": 224}
{"timestamp": "2025-10-18T13:03:17.557966+00:00", "level": "WARNING", "logger": "world_model", "message": "No trajectories available for training", "module": "world_model", "function": "train", "line": 230}
{"timestamp": "2025-10-18T13:16:24.076732+00:00", "level": "INFO", "logger": "world_model", "message": "WorldModel initialized (PyTorch: False)", "module": "world_model", "function": "__init__", "line": 131}
{"timestamp": "2025-10-18T13:16:24.094748+00:00", "level": "INFO", "logger": "world_model", "message": "WorldModel initialized (PyTorch: False)", "module": "world_model", "function": "__init__", "line": 131}
{"timestamp": "2025-10-18T13:16:24.115535+00:00", "level": "INFO", "logger": "world_model", "message": "WorldModel initialized (PyTorch: False)", "module": "world_model", "function": "__init__", "line": 131}
{"timestamp": "2025-10-18T13:16:24.116043+00:00", "level": "INFO", "logger": "world_model", "message": "\ud83c\udf93 Training world model on historical data...", "module": "world_model", "function": "train", "line": 224}
{"timestamp": "2025-10-18T13:16:24.116444+00:00", "level": "WARNING", "logger": "world_model", "message": "No trajectories available for training", "module": "world_model", "function": "train", "line": 230}
{"timestamp": "2025-10-18T13:38:04.344456+00:00", "level": "INFO", "logger": "world_model", "message": "WorldModel initialized (PyTorch: False)", "module": "world_model", "function": "__init__", "line": 131}
{"timestamp": "2025-10-18T13:38:04.349766+00:00", "level": "INFO", "logger": "world_model", "message": "WorldModel initialized (PyTorch: False)", "module": "world_model", "function": "__init__", "line": 131}
{"timestamp": "2025-10-18T13:38:04.361581+00:00", "level": "INFO", "logger": "world_model", "message": "WorldModel initialized (PyTorch: False)", "module": "world_model", "function": "__init__", "line": 131}
{"timestamp": "2025-10-18T13:38:04.361878+00:00", "level": "INFO", "logger": "world_model", "message": "\ud83c\udf93 Training world model on historical data...", "module": "world_model", "function": "train", "line": 224}
{"timestamp": "2025-10-18T13:38:04.362127+00:00", "level": "WARNING", "logger": "world_model", "message": "No trajectories available for training", "module": "world_model", "function": "train", "line": 230}
{"timestamp": "2025-10-18T13:38:04.505208+00:00", "level": "INFO", "logger": "world_model", "message": "WorldModel initialized (PyTorch: False)", "module": "world_model", "function": "__init__", "line": 131}
{"timestamp": "2025-10-18T13:38:04.517702+00:00", "level": "INFO", "logger": "world_model", "message": "WorldModel initialized (PyTorch: False)", "module": "world_model", "function": "__init__", "line": 131}
{"timestamp": "2025-10-18T13:38:04.535490+00:00", "level": "INFO", "logger": "world_model", "message": "WorldModel initialized (PyTorch: False)", "module": "world_model", "function": "__init__", "line": 131}
{"timestamp": "2025-10-18T13:38:04.535840+00:00", "level": "INFO", "logger": "world_model", "message": "\ud83c\udf93 Training world model on historical data...", "module": "world_model", "function": "train", "line": 224}
{"timestamp": "2025-10-18T13:38:04.536097+00:00", "level": "WARNING", "logger": "world_model", "message": "No trajectories available for training", "module": "world_model", "function": "train", "line": 230}
{"timestamp": "2025-10-18T13:39:02.308300+00:00", "level": "INFO", "logger": "world_model", "message": "WorldModel initialized (PyTorch: False)", "module": "world_model", "function": "__init__", "line": 131}
{"timestamp": "2025-10-18T13:39:02.313609+00:00", "level": "INFO", "logger": "world_model", "message": "WorldModel initialized (PyTorch: False)", "module": "world_model", "function": "__init__", "line": 131}
{"timestamp": "2025-10-18T13:39:02.325376+00:00", "level": "INFO", "logger": "world_model", "message": "WorldModel initialized (PyTorch: False)", "module": "world_model", "function": "__init__", "line": 131}
{"timestamp": "2025-10-18T13:39:02.325618+00:00", "level": "INFO", "logger": "world_model", "message": "\ud83c\udf93 Training world model on historical data...", "module": "world_model", "function": "train", "line": 224}
{"timestamp": "2025-10-18T13:39:02.325855+00:00", "level": "WARNING", "logger": "world_model", "message": "No trajectories available for training", "module": "world_model", "function": "train", "line": 230}
{"timestamp": "2025-10-18T13:39:04.906426+00:00", "level": "INFO", "logger": "world_model", "message": "WorldModel initialized (PyTorch: False)", "module": "world_model", "function": "__init__", "line": 131}
{"timestamp": "2025-10-18T13:39:04.911521+00:00", "level": "INFO", "logger": "world_model", "message": "WorldModel initialized (PyTorch: False)", "module": "world_model", "function": "__init__", "line": 131}
{"timestamp": "2025-10-18T13:39:04.922433+00:00", "level": "INFO", "logger": "world_model", "message": "WorldModel initialized (PyTorch: False)", "module": "world_model", "function": "__init__", "line": 131}
{"timestamp": "2025-10-18T13:39:04.922659+00:00", "level": "INFO", "logger": "world_model", "message": "\ud83c\udf93 Training world model on historical data...", "module": "world_model", "function": "train", "line": 224}
{"timestamp": "2025-10-18T13:39:04.922837+00:00", "level": "WARNING", "logger": "world_model", "message": "No trajectories available for training", "module": "world_model", "function": "train", "line": 230}
{"timestamp": "2025-10-18T13:41:44.786525+00:00", "level": "INFO", "logger": "world_model", "message": "WorldModel initialized (PyTorch: False)", "module": "world_model", "function": "__init__", "line": 131}
{"timestamp": "2025-10-18T13:41:44.791843+00:00", "level": "INFO", "logger": "world_model", "message": "WorldModel initialized (PyTorch: False)", "module": "world_model", "function": "__init__", "line": 131}
{"timestamp": "2025-10-18T13:41:44.803513+00:00", "level": "INFO", "logger": "world_model", "message": "WorldModel initialized (PyTorch: False)", "module": "world_model", "function": "__init__", "line": 131}
{"timestamp": "2025-10-18T13:41:44.803751+00:00", "level": "INFO", "logger": "world_model", "message": "\ud83c\udf93 Training world model on historical data...", "module": "world_model", "function": "train", "line": 224}
{"timestamp": "2025-10-18T13:41:44.803929+00:00", "level": "WARNING", "logger": "world_model", "message": "No trajectories available for training", "module": "world_model", "function": "train", "line": 230}
